[ 2021-05-25T22:40:26+08:00 ] 127.0.0.1 /index.php/public/getlogininfo
INFO: [ app_begin ] --START--
INFO: ReadHtmlCache Behavior ::run [ RunTime:0.002000s ]
INFO: [ app_begin ] --END-- [ RunTime:0.002000s ]
NOTIC: [2048] Declaration of PublicAction::show() should be compatible with Action::show($content, $charset = '', $contentType = '', $prefix = '') F:\wwwroot\Home\Lib\Action\PublicAction.class.php 第 4 行.
NOTIC: [8192] mysql_connect(): The mysql extension is deprecated and will be removed in the future: use mysqli or PDO instead F:\wwwroot\ThinkPHP\Lib\Driver\Db\DbMysql.class.php 第 55 行.
SQL: SHOW COLUMNS FROM `sj_t_classify` [ RunTime:0.011001s ]
NOTIC: [8192] preg_replace(): The /e modifier is deprecated, use preg_replace_callback instead F:\wwwroot\ThinkPHP\Lib\Core\Db.class.php 第 605 行.
SQL: SELECT * FROM `sj_t_classify` WHERE ( `pid` = 1 )  [ RunTime:0.001000s ]
SQL: SHOW COLUMNS FROM `sj_t_sys_config` [ RunTime:0.011000s ]
NOTIC: [8192] preg_replace(): The /e modifier is deprecated, use preg_replace_callback instead F:\wwwroot\ThinkPHP\Lib\Core\Db.class.php 第 605 行.
SQL: SELECT `value` FROM `sj_t_sys_config` WHERE ( `name` = 'Contact_phone' ) LIMIT 1   [ RunTime:0.001000s ]
NOTIC: [8192] preg_replace(): The /e modifier is deprecated, use preg_replace_callback instead F:\wwwroot\ThinkPHP\Lib\Core\Db.class.php 第 605 行.
SQL: SELECT `value` FROM `sj_t_sys_config` WHERE ( `name` = 'Contact_QQ' ) LIMIT 1   [ RunTime:0.000000s ]
NOTIC: [8192] preg_replace(): The /e modifier is deprecated, use preg_replace_callback instead F:\wwwroot\ThinkPHP\Lib\Core\Db.class.php 第 605 行.
SQL: SELECT `value` FROM `sj_t_sys_config` WHERE ( `name` = 'Contact_email' ) LIMIT 1   [ RunTime:0.000000s ]
NOTIC: [8192] preg_replace(): The /e modifier is deprecated, use preg_replace_callback instead F:\wwwroot\ThinkPHP\Lib\Core\Db.class.php 第 605 行.
SQL: SELECT `value` FROM `sj_t_sys_config` WHERE ( `name` = 'Work_address' ) LIMIT 1   [ RunTime:0.000000s ]
NOTIC: [8192] preg_replace(): The /e modifier is deprecated, use preg_replace_callback instead F:\wwwroot\ThinkPHP\Lib\Core\Db.class.php 第 605 行.
SQL: SELECT `value` FROM `sj_t_sys_config` WHERE ( `name` = 'Work_time' ) LIMIT 1   [ RunTime:0.001000s ]
NOTIC: [8192] preg_replace(): The /e modifier is deprecated, use preg_replace_callback instead F:\wwwroot\ThinkPHP\Lib\Core\Db.class.php 第 605 行.
SQL: SELECT `value` FROM `sj_t_sys_config` WHERE ( id=3 ) LIMIT 1   [ RunTime:0.000000s ]
NOTIC: [8192] preg_replace(): The /e modifier is deprecated, use preg_replace_callback instead F:\wwwroot\ThinkPHP\Lib\Core\Db.class.php 第 605 行.
SQL: SELECT `value` FROM `sj_t_sys_config` WHERE ( id=12 ) LIMIT 1   [ RunTime:0.001001s ]
NOTIC: [8192] preg_replace(): The /e modifier is deprecated, use preg_replace_callback instead F:\wwwroot\ThinkPHP\Lib\Core\Db.class.php 第 605 行.
SQL: SELECT `value` FROM `sj_t_sys_config` WHERE ( id=2 ) LIMIT 1   [ RunTime:0.000000s ]
NOTIC: [8192] preg_replace(): The /e modifier is deprecated, use preg_replace_callback instead F:\wwwroot\ThinkPHP\Lib\Core\Db.class.php 第 605 行.
SQL: SELECT `value` FROM `sj_t_sys_config` WHERE ( id=4 ) LIMIT 1   [ RunTime:0.001000s ]
NOTIC: [8192] preg_replace(): The /e modifier is deprecated, use preg_replace_callback instead F:\wwwroot\ThinkPHP\Lib\Core\Db.class.php 第 605 行.
SQL: SELECT `value` FROM `sj_t_sys_config` WHERE ( id=5 ) LIMIT 1   [ RunTime:0.000000s ]
NOTIC: [8192] preg_replace(): The /e modifier is deprecated, use preg_replace_callback instead F:\wwwroot\ThinkPHP\Lib\Core\Db.class.php 第 605 行.
SQL: SELECT `value` FROM `sj_t_sys_config` WHERE ( id=6 ) LIMIT 1   [ RunTime:0.001000s ]
NOTIC: [8192] preg_replace(): The /e modifier is deprecated, use preg_replace_callback instead F:\wwwroot\ThinkPHP\Lib\Core\Db.class.php 第 605 行.
SQL: SELECT `value` FROM `sj_t_sys_config` WHERE ( id=11 ) LIMIT 1   [ RunTime:0.000000s ]
NOTIC: [8192] preg_replace(): The /e modifier is deprecated, use preg_replace_callback instead F:\wwwroot\ThinkPHP\Lib\Core\Db.class.php 第 605 行.
SQL: SELECT `value` FROM `sj_t_sys_config` WHERE ( id=41 ) LIMIT 1   [ RunTime:0.000000s ]
NOTIC: [8192] preg_replace(): The /e modifier is deprecated, use preg_replace_callback instead F:\wwwroot\ThinkPHP\Lib\Core\Db.class.php 第 605 行.
SQL: SELECT `value` FROM `sj_t_sys_config` WHERE ( id=17 ) LIMIT 1   [ RunTime:0.000000s ]
NOTIC: [8192] preg_replace(): The /e modifier is deprecated, use preg_replace_callback instead F:\wwwroot\ThinkPHP\Lib\Core\Db.class.php 第 605 行.
SQL: SELECT `value` FROM `sj_t_sys_config` WHERE ( id=28 ) LIMIT 1   [ RunTime:0.000000s ]
NOTIC: [8192] preg_replace(): The /e modifier is deprecated, use preg_replace_callback instead F:\wwwroot\ThinkPHP\Lib\Core\Db.class.php 第 605 行.
SQL: SELECT `value` FROM `sj_t_sys_config` WHERE ( id=18 ) LIMIT 1   [ RunTime:0.000000s ]
NOTIC: [2048] Declaration of UserModel::save() should be compatible with Model::save($data = '', $options = Array) F:\wwwroot\Home\Lib\Model\UserModel.class.php 第 118 行.
SQL: SHOW COLUMNS FROM `sj_t_user` [ RunTime:0.011001s ]
NOTIC: [8192] preg_replace(): The /e modifier is deprecated, use preg_replace_callback instead F:\wwwroot\ThinkPHP\Lib\Core\Db.class.php 第 605 行.
SQL: SELECT * FROM `sj_t_user` WHERE ( `user_id` = null ) LIMIT 1   [ RunTime:0.001000s ]
NOTIC: [2048] Declaration of UserAccountModel::save() should be compatible with Model::save($data = '', $options = Array) F:\wwwroot\Home\Lib\Model\UserAccountModel.class.php 第 25 行.
SQL: SHOW COLUMNS FROM `sj_t_user_account` [ RunTime:0.011001s ]
ERR: 1146:Table 'sucai.sj_t_user_account' doesn't exist
 [ SQL语句 ] : SHOW COLUMNS FROM `sj_t_user_account`
NOTIC: [8192] preg_replace(): The /e modifier is deprecated, use preg_replace_callback instead F:\wwwroot\ThinkPHP\Lib\Core\Db.class.php 第 605 行.
SQL: SELECT * FROM `sj_t_user_account` WHERE ( `user_id` = null ) LIMIT 1   [ RunTime:0.001000s ]
ERR: 1146:Table 'sucai.sj_t_user_account' doesn't exist
 [ SQL语句 ] : SELECT * FROM `sj_t_user_account` WHERE ( `user_id` = null ) LIMIT 1  

[ 2021-05-25T22:40:42+08:00 ] 127.0.0.1 /index.php/public/getlogininfo
INFO: [ app_begin ] --START--
INFO: ReadHtmlCache Behavior ::run [ RunTime:0.001000s ]
INFO: [ app_begin ] --END-- [ RunTime:0.001000s ]
NOTIC: [2048] Declaration of PublicAction::show() should be compatible with Action::show($content, $charset = '', $contentType = '', $prefix = '') F:\wwwroot\Home\Lib\Action\PublicAction.class.php 第 4 行.
NOTIC: [8192] mysql_connect(): The mysql extension is deprecated and will be removed in the future: use mysqli or PDO instead F:\wwwroot\ThinkPHP\Lib\Driver\Db\DbMysql.class.php 第 55 行.
SQL: SHOW COLUMNS FROM `sj_t_classify` [ RunTime:0.015000s ]
NOTIC: [8192] preg_replace(): The /e modifier is deprecated, use preg_replace_callback instead F:\wwwroot\ThinkPHP\Lib\Core\Db.class.php 第 605 行.
SQL: SELECT * FROM `sj_t_classify` WHERE ( `pid` = 1 )  [ RunTime:0.001001s ]
SQL: SHOW COLUMNS FROM `sj_t_sys_config` [ RunTime:0.014000s ]
NOTIC: [8192] preg_replace(): The /e modifier is deprecated, use preg_replace_callback instead F:\wwwroot\ThinkPHP\Lib\Core\Db.class.php 第 605 行.
SQL: SELECT `value` FROM `sj_t_sys_config` WHERE ( `name` = 'Contact_phone' ) LIMIT 1   [ RunTime:0.001000s ]
NOTIC: [8192] preg_replace(): The /e modifier is deprecated, use preg_replace_callback instead F:\wwwroot\ThinkPHP\Lib\Core\Db.class.php 第 605 行.
SQL: SELECT `value` FROM `sj_t_sys_config` WHERE ( `name` = 'Contact_QQ' ) LIMIT 1   [ RunTime:0.000000s ]
NOTIC: [8192] preg_replace(): The /e modifier is deprecated, use preg_replace_callback instead F:\wwwroot\ThinkPHP\Lib\Core\Db.class.php 第 605 行.
SQL: SELECT `value` FROM `sj_t_sys_config` WHERE ( `name` = 'Contact_email' ) LIMIT 1   [ RunTime:0.000000s ]
NOTIC: [8192] preg_replace(): The /e modifier is deprecated, use preg_replace_callback instead F:\wwwroot\ThinkPHP\Lib\Core\Db.class.php 第 605 行.
SQL: SELECT `value` FROM `sj_t_sys_config` WHERE ( `name` = 'Work_address' ) LIMIT 1   [ RunTime:0.001001s ]
NOTIC: [8192] preg_replace(): The /e modifier is deprecated, use preg_replace_callback instead F:\wwwroot\ThinkPHP\Lib\Core\Db.class.php 第 605 行.
SQL: SELECT `value` FROM `sj_t_sys_config` WHERE ( `name` = 'Work_time' ) LIMIT 1   [ RunTime:0.000000s ]
NOTIC: [8192] preg_replace(): The /e modifier is deprecated, use preg_replace_callback instead F:\wwwroot\ThinkPHP\Lib\Core\Db.class.php 第 605 行.
SQL: SELECT `value` FROM `sj_t_sys_config` WHERE ( id=3 ) LIMIT 1   [ RunTime:0.000000s ]
NOTIC: [8192] preg_replace(): The /e modifier is deprecated, use preg_replace_callback instead F:\wwwroot\ThinkPHP\Lib\Core\Db.class.php 第 605 行.
SQL: SELECT `value` FROM `sj_t_sys_config` WHERE ( id=12 ) LIMIT 1   [ RunTime:0.001000s ]
NOTIC: [8192] preg_replace(): The /e modifier is deprecated, use preg_replace_callback instead F:\wwwroot\ThinkPHP\Lib\Core\Db.class.php 第 605 行.
SQL: SELECT `value` FROM `sj_t_sys_config` WHERE ( id=2 ) LIMIT 1   [ RunTime:0.000000s ]
NOTIC: [8192] preg_replace(): The /e modifier is deprecated, use preg_replace_callback instead F:\wwwroot\ThinkPHP\Lib\Core\Db.class.php 第 605 行.
SQL: SELECT `value` FROM `sj_t_sys_config` WHERE ( id=4 ) LIMIT 1   [ RunTime:0.001000s ]
NOTIC: [8192] preg_replace(): The /e modifier is deprecated, use preg_replace_callback instead F:\wwwroot\ThinkPHP\Lib\Core\Db.class.php 第 605 行.
SQL: SELECT `value` FROM `sj_t_sys_config` WHERE ( id=5 ) LIMIT 1   [ RunTime:0.000000s ]
NOTIC: [8192] preg_replace(): The /e modifier is deprecated, use preg_replace_callback instead F:\wwwroot\ThinkPHP\Lib\Core\Db.class.php 第 605 行.
SQL: SELECT `value` FROM `sj_t_sys_config` WHERE ( id=6 ) LIMIT 1   [ RunTime:0.000000s ]
NOTIC: [8192] preg_replace(): The /e modifier is deprecated, use preg_replace_callback instead F:\wwwroot\ThinkPHP\Lib\Core\Db.class.php 第 605 行.
SQL: SELECT `value` FROM `sj_t_sys_config` WHERE ( id=11 ) LIMIT 1   [ RunTime:0.001000s ]
NOTIC: [8192] preg_replace(): The /e modifier is deprecated, use preg_replace_callback instead F:\wwwroot\ThinkPHP\Lib\Core\Db.class.php 第 605 行.
SQL: SELECT `value` FROM `sj_t_sys_config` WHERE ( id=41 ) LIMIT 1   [ RunTime:0.000000s ]
NOTIC: [8192] preg_replace(): The /e modifier is deprecated, use preg_replace_callback instead F:\wwwroot\ThinkPHP\Lib\Core\Db.class.php 第 605 行.
SQL: SELECT `value` FROM `sj_t_sys_config` WHERE ( id=17 ) LIMIT 1   [ RunTime:0.000000s ]
NOTIC: [8192] preg_replace(): The /e modifier is deprecated, use preg_replace_callback instead F:\wwwroot\ThinkPHP\Lib\Core\Db.class.php 第 605 行.
SQL: SELECT `value` FROM `sj_t_sys_config` WHERE ( id=28 ) LIMIT 1   [ RunTime:0.001000s ]
NOTIC: [8192] preg_replace(): The /e modifier is deprecated, use preg_replace_callback instead F:\wwwroot\ThinkPHP\Lib\Core\Db.class.php 第 605 行.
SQL: SELECT `value` FROM `sj_t_sys_config` WHERE ( id=18 ) LIMIT 1   [ RunTime:0.000000s ]
NOTIC: [2048] Declaration of UserModel::save() should be compatible with Model::save($data = '', $options = Array) F:\wwwroot\Home\Lib\Model\UserModel.class.php 第 118 行.
SQL: SHOW COLUMNS FROM `sj_t_user` [ RunTime:0.012001s ]
NOTIC: [8192] preg_replace(): The /e modifier is deprecated, use preg_replace_callback instead F:\wwwroot\ThinkPHP\Lib\Core\Db.class.php 第 605 行.
SQL: SELECT * FROM `sj_t_user` WHERE ( `user_id` = 1 ) LIMIT 1   [ RunTime:0.001000s ]
NOTIC: [2048] Declaration of UserAccountModel::save() should be compatible with Model::save($data = '', $options = Array) F:\wwwroot\Home\Lib\Model\UserAccountModel.class.php 第 25 行.
SQL: SHOW COLUMNS FROM `sj_t_user_account` [ RunTime:0.009001s ]
ERR: 1146:Table 'sucai.sj_t_user_account' doesn't exist
 [ SQL语句 ] : SHOW COLUMNS FROM `sj_t_user_account`
NOTIC: [8192] preg_replace(): The /e modifier is deprecated, use preg_replace_callback instead F:\wwwroot\ThinkPHP\Lib\Core\Db.class.php 第 605 行.
SQL: SELECT * FROM `sj_t_user_account` WHERE ( `user_id` = '1' ) LIMIT 1   [ RunTime:0.002000s ]
ERR: 1146:Table 'sucai.sj_t_user_account' doesn't exist
 [ SQL语句 ] : SELECT * FROM `sj_t_user_account` WHERE ( `user_id` = '1' ) LIMIT 1  

[ 2021-05-25T22:40:47+08:00 ] 127.0.0.1 /index.php/public/getlogininfo
INFO: [ app_begin ] --START--
INFO: ReadHtmlCache Behavior ::run [ RunTime:0.002000s ]
INFO: [ app_begin ] --END-- [ RunTime:0.002000s ]
NOTIC: [2048] Declaration of PublicAction::show() should be compatible with Action::show($content, $charset = '', $contentType = '', $prefix = '') F:\wwwroot\Home\Lib\Action\PublicAction.class.php 第 4 行.
NOTIC: [8192] mysql_connect(): The mysql extension is deprecated and will be removed in the future: use mysqli or PDO instead F:\wwwroot\ThinkPHP\Lib\Driver\Db\DbMysql.class.php 第 55 行.
SQL: SHOW COLUMNS FROM `sj_t_classify` [ RunTime:0.023001s ]
NOTIC: [8192] preg_replace(): The /e modifier is deprecated, use preg_replace_callback instead F:\wwwroot\ThinkPHP\Lib\Core\Db.class.php 第 605 行.
SQL: SELECT * FROM `sj_t_classify` WHERE ( `pid` = 1 )  [ RunTime:0.001000s ]
SQL: SHOW COLUMNS FROM `sj_t_sys_config` [ RunTime:0.014000s ]
NOTIC: [8192] preg_replace(): The /e modifier is deprecated, use preg_replace_callback instead F:\wwwroot\ThinkPHP\Lib\Core\Db.class.php 第 605 行.
SQL: SELECT `value` FROM `sj_t_sys_config` WHERE ( `name` = 'Contact_phone' ) LIMIT 1   [ RunTime:0.001000s ]
NOTIC: [8192] preg_replace(): The /e modifier is deprecated, use preg_replace_callback instead F:\wwwroot\ThinkPHP\Lib\Core\Db.class.php 第 605 行.
SQL: SELECT `value` FROM `sj_t_sys_config` WHERE ( `name` = 'Contact_QQ' ) LIMIT 1   [ RunTime:0.000000s ]
NOTIC: [8192] preg_replace(): The /e modifier is deprecated, use preg_replace_callback instead F:\wwwroot\ThinkPHP\Lib\Core\Db.class.php 第 605 行.
SQL: SELECT `value` FROM `sj_t_sys_config` WHERE ( `name` = 'Contact_email' ) LIMIT 1   [ RunTime:0.001000s ]
NOTIC: [8192] preg_replace(): The /e modifier is deprecated, use preg_replace_callback instead F:\wwwroot\ThinkPHP\Lib\Core\Db.class.php 第 605 行.
SQL: SELECT `value` FROM `sj_t_sys_config` WHERE ( `name` = 'Work_address' ) LIMIT 1   [ RunTime:0.002000s ]
NOTIC: [8192] preg_replace(): The /e modifier is deprecated, use preg_replace_callback instead F:\wwwroot\ThinkPHP\Lib\Core\Db.class.php 第 605 行.
SQL: SELECT `value` FROM `sj_t_sys_config` WHERE ( `name` = 'Work_time' ) LIMIT 1   [ RunTime:0.001000s ]
NOTIC: [8192] preg_replace(): The /e modifier is deprecated, use preg_replace_callback instead F:\wwwroot\ThinkPHP\Lib\Core\Db.class.php 第 605 行.
SQL: SELECT `value` FROM `sj_t_sys_config` WHERE ( id=3 ) LIMIT 1   [ RunTime:0.001000s ]
NOTIC: [8192] preg_replace(): The /e modifier is deprecated, use preg_replace_callback instead F:\wwwroot\ThinkPHP\Lib\Core\Db.class.php 第 605 行.
SQL: SELECT `value` FROM `sj_t_sys_config` WHERE ( id=12 ) LIMIT 1   [ RunTime:0.000000s ]
NOTIC: [8192] preg_replace(): The /e modifier is deprecated, use preg_replace_callback instead F:\wwwroot\ThinkPHP\Lib\Core\Db.class.php 第 605 行.
SQL: SELECT `value` FROM `sj_t_sys_config` WHERE ( id=2 ) LIMIT 1   [ RunTime:0.000000s ]
NOTIC: [8192] preg_replace(): The /e modifier is deprecated, use preg_replace_callback instead F:\wwwroot\ThinkPHP\Lib\Core\Db.class.php 第 605 行.
SQL: SELECT `value` FROM `sj_t_sys_config` WHERE ( id=4 ) LIMIT 1   [ RunTime:0.000000s ]
NOTIC: [8192] preg_replace(): The /e modifier is deprecated, use preg_replace_callback instead F:\wwwroot\ThinkPHP\Lib\Core\Db.class.php 第 605 行.
SQL: SELECT `value` FROM `sj_t_sys_config` WHERE ( id=5 ) LIMIT 1   [ RunTime:0.000000s ]
NOTIC: [8192] preg_replace(): The /e modifier is deprecated, use preg_replace_callback instead F:\wwwroot\ThinkPHP\Lib\Core\Db.class.php 第 605 行.
SQL: SELECT `value` FROM `sj_t_sys_config` WHERE ( id=6 ) LIMIT 1   [ RunTime:0.001000s ]
NOTIC: [8192] preg_replace(): The /e modifier is deprecated, use preg_replace_callback instead F:\wwwroot\ThinkPHP\Lib\Core\Db.class.php 第 605 行.
SQL: SELECT `value` FROM `sj_t_sys_config` WHERE ( id=11 ) LIMIT 1   [ RunTime:0.000000s ]
NOTIC: [8192] preg_replace(): The /e modifier is deprecated, use preg_replace_callback instead F:\wwwroot\ThinkPHP\Lib\Core\Db.class.php 第 605 行.
SQL: SELECT `value` FROM `sj_t_sys_config` WHERE ( id=41 ) LIMIT 1   [ RunTime:0.001000s ]
NOTIC: [8192] preg_replace(): The /e modifier is deprecated, use preg_replace_callback instead F:\wwwroot\ThinkPHP\Lib\Core\Db.class.php 第 605 行.
SQL: SELECT `value` FROM `sj_t_sys_config` WHERE ( id=17 ) LIMIT 1   [ RunTime:0.000000s ]
NOTIC: [8192] preg_replace(): The /e modifier is deprecated, use preg_replace_callback instead F:\wwwroot\ThinkPHP\Lib\Core\Db.class.php 第 605 行.
SQL: SELECT `value` FROM `sj_t_sys_config` WHERE ( id=28 ) LIMIT 1   [ RunTime:0.000000s ]
NOTIC: [8192] preg_replace(): The /e modifier is deprecated, use preg_replace_callback instead F:\wwwroot\ThinkPHP\Lib\Core\Db.class.php 第 605 行.
SQL: SELECT `value` FROM `sj_t_sys_config` WHERE ( id=18 ) LIMIT 1   [ RunTime:0.000000s ]
NOTIC: [2048] Declaration of UserModel::save() should be compatible with Model::save($data = '', $options = Array) F:\wwwroot\Home\Lib\Model\UserModel.class.php 第 118 行.
SQL: SHOW COLUMNS FROM `sj_t_user` [ RunTime:0.011001s ]
NOTIC: [8192] preg_replace(): The /e modifier is deprecated, use preg_replace_callback instead F:\wwwroot\ThinkPHP\Lib\Core\Db.class.php 第 605 行.
SQL: SELECT * FROM `sj_t_user` WHERE ( `user_id` = 1 ) LIMIT 1   [ RunTime:0.000000s ]
NOTIC: [2048] Declaration of UserAccountModel::save() should be compatible with Model::save($data = '', $options = Array) F:\wwwroot\Home\Lib\Model\UserAccountModel.class.php 第 25 行.
SQL: SHOW COLUMNS FROM `sj_t_user_account` [ RunTime:0.011001s ]
ERR: 1146:Table 'sucai.sj_t_user_account' doesn't exist
 [ SQL语句 ] : SHOW COLUMNS FROM `sj_t_user_account`
NOTIC: [8192] preg_replace(): The /e modifier is deprecated, use preg_replace_callback instead F:\wwwroot\ThinkPHP\Lib\Core\Db.class.php 第 605 行.
SQL: SELECT * FROM `sj_t_user_account` WHERE ( `user_id` = '1' ) LIMIT 1   [ RunTime:0.002000s ]
ERR: 1146:Table 'sucai.sj_t_user_account' doesn't exist
 [ SQL语句 ] : SELECT * FROM `sj_t_user_account` WHERE ( `user_id` = '1' ) LIMIT 1  

[ 2021-05-25T22:40:48+08:00 ] 127.0.0.1 /index.php/Service/ModifyData?action=ModifyData&b=0.141850089187463&_=1621953647710
INFO: [ app_begin ] --START--
INFO: ReadHtmlCache Behavior ::run [ RunTime:0.001000s ]
INFO: [ app_begin ] --END-- [ RunTime:0.001000s ]
NOTIC: [2048] Declaration of ServiceAction::show() should be compatible with Action::show($content, $charset = '', $contentType = '', $prefix = '') F:\wwwroot\Home\Lib\Action\ServiceAction.class.php 第 4 行.
NOTIC: [8192] mysql_connect(): The mysql extension is deprecated and will be removed in the future: use mysqli or PDO instead F:\wwwroot\ThinkPHP\Lib\Driver\Db\DbMysql.class.php 第 55 行.
SQL: SHOW COLUMNS FROM `sj_t_classify` [ RunTime:0.023002s ]
NOTIC: [8192] preg_replace(): The /e modifier is deprecated, use preg_replace_callback instead F:\wwwroot\ThinkPHP\Lib\Core\Db.class.php 第 605 行.
SQL: SELECT * FROM `sj_t_classify` WHERE ( `pid` = 1 )  [ RunTime:0.001000s ]
SQL: SHOW COLUMNS FROM `sj_t_sys_config` [ RunTime:0.023001s ]
NOTIC: [8192] preg_replace(): The /e modifier is deprecated, use preg_replace_callback instead F:\wwwroot\ThinkPHP\Lib\Core\Db.class.php 第 605 行.
SQL: SELECT `value` FROM `sj_t_sys_config` WHERE ( `name` = 'Contact_phone' ) LIMIT 1   [ RunTime:0.001000s ]
NOTIC: [8192] preg_replace(): The /e modifier is deprecated, use preg_replace_callback instead F:\wwwroot\ThinkPHP\Lib\Core\Db.class.php 第 605 行.
SQL: SELECT `value` FROM `sj_t_sys_config` WHERE ( `name` = 'Contact_QQ' ) LIMIT 1   [ RunTime:0.000000s ]
NOTIC: [8192] preg_replace(): The /e modifier is deprecated, use preg_replace_callback instead F:\wwwroot\ThinkPHP\Lib\Core\Db.class.php 第 605 行.
SQL: SELECT `value` FROM `sj_t_sys_config` WHERE ( `name` = 'Contact_email' ) LIMIT 1   [ RunTime:0.000000s ]
NOTIC: [8192] preg_replace(): The /e modifier is deprecated, use preg_replace_callback instead F:\wwwroot\ThinkPHP\Lib\Core\Db.class.php 第 605 行.
SQL: SELECT `value` FROM `sj_t_sys_config` WHERE ( `name` = 'Work_address' ) LIMIT 1   [ RunTime:0.001000s ]
NOTIC: [8192] preg_replace(): The /e modifier is deprecated, use preg_replace_callback instead F:\wwwroot\ThinkPHP\Lib\Core\Db.class.php 第 605 行.
SQL: SELECT `value` FROM `sj_t_sys_config` WHERE ( `name` = 'Work_time' ) LIMIT 1   [ RunTime:0.001000s ]
NOTIC: [8192] preg_replace(): The /e modifier is deprecated, use preg_replace_callback instead F:\wwwroot\ThinkPHP\Lib\Core\Db.class.php 第 605 行.
SQL: SELECT `value` FROM `sj_t_sys_config` WHERE ( id=3 ) LIMIT 1   [ RunTime:0.001001s ]
NOTIC: [8192] preg_replace(): The /e modifier is deprecated, use preg_replace_callback instead F:\wwwroot\ThinkPHP\Lib\Core\Db.class.php 第 605 行.
SQL: SELECT `value` FROM `sj_t_sys_config` WHERE ( id=12 ) LIMIT 1   [ RunTime:0.001000s ]
NOTIC: [8192] preg_replace(): The /e modifier is deprecated, use preg_replace_callback instead F:\wwwroot\ThinkPHP\Lib\Core\Db.class.php 第 605 行.
SQL: SELECT `value` FROM `sj_t_sys_config` WHERE ( id=2 ) LIMIT 1   [ RunTime:0.001000s ]
NOTIC: [8192] preg_replace(): The /e modifier is deprecated, use preg_replace_callback instead F:\wwwroot\ThinkPHP\Lib\Core\Db.class.php 第 605 行.
SQL: SELECT `value` FROM `sj_t_sys_config` WHERE ( id=4 ) LIMIT 1   [ RunTime:0.001000s ]
NOTIC: [8192] preg_replace(): The /e modifier is deprecated, use preg_replace_callback instead F:\wwwroot\ThinkPHP\Lib\Core\Db.class.php 第 605 行.
SQL: SELECT `value` FROM `sj_t_sys_config` WHERE ( id=5 ) LIMIT 1   [ RunTime:0.001000s ]
NOTIC: [8192] preg_replace(): The /e modifier is deprecated, use preg_replace_callback instead F:\wwwroot\ThinkPHP\Lib\Core\Db.class.php 第 605 行.
SQL: SELECT `value` FROM `sj_t_sys_config` WHERE ( id=6 ) LIMIT 1   [ RunTime:0.001000s ]
NOTIC: [8192] preg_replace(): The /e modifier is deprecated, use preg_replace_callback instead F:\wwwroot\ThinkPHP\Lib\Core\Db.class.php 第 605 行.
SQL: SELECT `value` FROM `sj_t_sys_config` WHERE ( id=11 ) LIMIT 1   [ RunTime:0.001000s ]
NOTIC: [8192] preg_replace(): The /e modifier is deprecated, use preg_replace_callback instead F:\wwwroot\ThinkPHP\Lib\Core\Db.class.php 第 605 行.
SQL: SELECT `value` FROM `sj_t_sys_config` WHERE ( id=41 ) LIMIT 1   [ RunTime:0.001000s ]
NOTIC: [8192] preg_replace(): The /e modifier is deprecated, use preg_replace_callback instead F:\wwwroot\ThinkPHP\Lib\Core\Db.class.php 第 605 行.
SQL: SELECT `value` FROM `sj_t_sys_config` WHERE ( id=17 ) LIMIT 1   [ RunTime:0.001000s ]
NOTIC: [8192] preg_replace(): The /e modifier is deprecated, use preg_replace_callback instead F:\wwwroot\ThinkPHP\Lib\Core\Db.class.php 第 605 行.
SQL: SELECT `value` FROM `sj_t_sys_config` WHERE ( id=28 ) LIMIT 1   [ RunTime:0.001000s ]
NOTIC: [8192] preg_replace(): The /e modifier is deprecated, use preg_replace_callback instead F:\wwwroot\ThinkPHP\Lib\Core\Db.class.php 第 605 行.
SQL: SELECT `value` FROM `sj_t_sys_config` WHERE ( id=18 ) LIMIT 1   [ RunTime:0.000000s ]
NOTIC: [8] Undefined index: user_id F:\wwwroot\Home\Lib\Action\ServiceAction.class.php 第 997 行.
NOTIC: [2048] Declaration of UserModel::save() should be compatible with Model::save($data = '', $options = Array) F:\wwwroot\Home\Lib\Model\UserModel.class.php 第 118 行.
SQL: SHOW COLUMNS FROM `sj_t_user` [ RunTime:0.012000s ]
NOTIC: [8192] preg_replace(): The /e modifier is deprecated, use preg_replace_callback instead F:\wwwroot\ThinkPHP\Lib\Core\Db.class.php 第 605 行.
SQL: SELECT * FROM `sj_t_user` WHERE ( `user_id` = null ) LIMIT 1   [ RunTime:0.001000s ]
INFO: [ view_parse ] --START--
NOTIC: [8192] preg_replace(): The /e modifier is deprecated, use preg_replace_callback instead F:\wwwroot\ThinkPHP\Lib\Template\ThinkTemplate.class.php 第 273 行.
NOTIC: [8192] preg_replace(): The /e modifier is deprecated, use preg_replace_callback instead F:\wwwroot\ThinkPHP\Lib\Template\ThinkTemplate.class.php 第 168 行.
NOTIC: [8192] preg_replace(): The /e modifier is deprecated, use preg_replace_callback instead F:\wwwroot\ThinkPHP\Lib\Template\ThinkTemplate.class.php 第 404 行.
NOTIC: [8192] preg_replace(): The /e modifier is deprecated, use preg_replace_callback instead F:\wwwroot\ThinkPHP\Lib\Template\ThinkTemplate.class.php 第 404 行.
NOTIC: [8192] preg_replace(): The /e modifier is deprecated, use preg_replace_callback instead F:\wwwroot\ThinkPHP\Lib\Template\ThinkTemplate.class.php 第 404 行.
NOTIC: [8192] preg_replace(): The /e modifier is deprecated, use preg_replace_callback instead F:\wwwroot\ThinkPHP\Lib\Template\ThinkTemplate.class.php 第 404 行.
NOTIC: [8192] preg_replace(): The /e modifier is deprecated, use preg_replace_callback instead F:\wwwroot\ThinkPHP\Lib\Template\ThinkTemplate.class.php 第 404 行.
NOTIC: [8192] preg_replace(): The /e modifier is deprecated, use preg_replace_callback instead F:\wwwroot\ThinkPHP\Lib\Template\ThinkTemplate.class.php 第 404 行.
NOTIC: [8192] preg_replace(): The /e modifier is deprecated, use preg_replace_callback instead F:\wwwroot\ThinkPHP\Lib\Template\ThinkTemplate.class.php 第 404 行.
NOTIC: [8192] preg_replace(): The /e modifier is deprecated, use preg_replace_callback instead F:\wwwroot\ThinkPHP\Lib\Template\ThinkTemplate.class.php 第 404 行.
NOTIC: [8192] preg_replace(): The /e modifier is deprecated, use preg_replace_callback instead F:\wwwroot\ThinkPHP\Lib\Template\ThinkTemplate.class.php 第 404 行.
NOTIC: [8192] preg_replace(): The /e modifier is deprecated, use preg_replace_callback instead F:\wwwroot\ThinkPHP\Lib\Template\ThinkTemplate.class.php 第 404 行.
NOTIC: [8192] preg_replace(): The /e modifier is deprecated, use preg_replace_callback instead F:\wwwroot\ThinkPHP\Lib\Template\ThinkTemplate.class.php 第 404 行.
NOTIC: [8192] preg_replace(): The /e modifier is deprecated, use preg_replace_callback instead F:\wwwroot\ThinkPHP\Lib\Template\ThinkTemplate.class.php 第 404 行.
NOTIC: [8192] preg_replace(): The /e modifier is deprecated, use preg_replace_callback instead F:\wwwroot\ThinkPHP\Lib\Template\ThinkTemplate.class.php 第 399 行.
NOTIC: [8192] preg_replace(): The /e modifier is deprecated, use preg_replace_callback instead F:\wwwroot\ThinkPHP\Lib\Template\ThinkTemplate.class.php 第 399 行.
NOTIC: [8192] preg_replace(): The /e modifier is deprecated, use preg_replace_callback instead F:\wwwroot\ThinkPHP\Lib\Template\ThinkTemplate.class.php 第 404 行.
NOTIC: [8192] preg_replace(): The /e modifier is deprecated, use preg_replace_callback instead F:\wwwroot\ThinkPHP\Lib\Template\ThinkTemplate.class.php 第 404 行.
NOTIC: [8192] preg_replace(): The /e modifier is deprecated, use preg_replace_callback instead F:\wwwroot\ThinkPHP\Lib\Template\ThinkTemplate.class.php 第 404 行.
NOTIC: [8192] preg_replace(): The /e modifier is deprecated, use preg_replace_callback instead F:\wwwroot\ThinkPHP\Lib\Template\ThinkTemplate.class.php 第 399 行.
NOTIC: [8192] preg_replace(): The /e modifier is deprecated, use preg_replace_callback instead F:\wwwroot\ThinkPHP\Lib\Template\ThinkTemplate.class.php 第 404 行.
NOTIC: [8192] preg_replace(): The /e modifier is deprecated, use preg_replace_callback instead F:\wwwroot\ThinkPHP\Lib\Template\ThinkTemplate.class.php 第 404 行.
NOTIC: [8192] preg_replace(): The /e modifier is deprecated, use preg_replace_callback instead F:\wwwroot\ThinkPHP\Lib\Template\ThinkTemplate.class.php 第 404 行.
NOTIC: [8192] preg_replace(): The /e modifier is deprecated, use preg_replace_callback instead F:\wwwroot\ThinkPHP\Lib\Template\ThinkTemplate.class.php 第 404 行.
NOTIC: [8192] preg_replace(): The /e modifier is deprecated, use preg_replace_callback instead F:\wwwroot\ThinkPHP\Lib\Template\ThinkTemplate.class.php 第 404 行.
NOTIC: [8192] preg_replace(): The /e modifier is deprecated, use preg_replace_callback instead F:\wwwroot\ThinkPHP\Lib\Template\ThinkTemplate.class.php 第 404 行.
NOTIC: [8192] preg_replace(): The /e modifier is deprecated, use preg_replace_callback instead F:\wwwroot\ThinkPHP\Lib\Template\ThinkTemplate.class.php 第 404 行.
NOTIC: [8192] preg_replace(): The /e modifier is deprecated, use preg_replace_callback instead F:\wwwroot\ThinkPHP\Lib\Template\ThinkTemplate.class.php 第 404 行.
NOTIC: [8192] preg_replace(): The /e modifier is deprecated, use preg_replace_callback instead F:\wwwroot\ThinkPHP\Lib\Template\ThinkTemplate.class.php 第 404 行.
NOTIC: [8192] preg_replace(): The /e modifier is deprecated, use preg_replace_callback instead F:\wwwroot\ThinkPHP\Lib\Template\ThinkTemplate.class.php 第 404 行.
NOTIC: [8192] preg_replace(): The /e modifier is deprecated, use preg_replace_callback instead F:\wwwroot\ThinkPHP\Lib\Template\ThinkTemplate.class.php 第 404 行.
NOTIC: [8192] preg_replace(): The /e modifier is deprecated, use preg_replace_callback instead F:\wwwroot\ThinkPHP\Lib\Template\ThinkTemplate.class.php 第 404 行.
NOTIC: [8192] preg_replace(): The /e modifier is deprecated, use preg_replace_callback instead F:\wwwroot\ThinkPHP\Lib\Template\ThinkTemplate.class.php 第 404 行.
NOTIC: [8192] preg_replace(): The /e modifier is deprecated, use preg_replace_callback instead F:\wwwroot\ThinkPHP\Lib\Template\ThinkTemplate.class.php 第 404 行.
NOTIC: [8192] preg_replace(): The /e modifier is deprecated, use preg_replace_callback instead F:\wwwroot\ThinkPHP\Lib\Template\ThinkTemplate.class.php 第 404 行.
NOTIC: [8192] preg_replace(): The /e modifier is deprecated, use preg_replace_callback instead F:\wwwroot\ThinkPHP\Lib\Template\ThinkTemplate.class.php 第 404 行.
NOTIC: [8192] preg_replace(): The /e modifier is deprecated, use preg_replace_callback instead F:\wwwroot\ThinkPHP\Lib\Template\ThinkTemplate.class.php 第 404 行.
NOTIC: [8192] preg_replace(): The /e modifier is deprecated, use preg_replace_callback instead F:\wwwroot\ThinkPHP\Lib\Template\ThinkTemplate.class.php 第 404 行.
NOTIC: [8192] preg_replace(): The /e modifier is deprecated, use preg_replace_callback instead F:\wwwroot\ThinkPHP\Lib\Template\ThinkTemplate.class.php 第 404 行.
NOTIC: [8192] preg_replace(): The /e modifier is deprecated, use preg_replace_callback instead F:\wwwroot\ThinkPHP\Lib\Template\ThinkTemplate.class.php 第 404 行.
NOTIC: [8192] preg_replace(): The /e modifier is deprecated, use preg_replace_callback instead F:\wwwroot\ThinkPHP\Lib\Template\ThinkTemplate.class.php 第 404 行.
NOTIC: [8192] preg_replace(): The /e modifier is deprecated, use preg_replace_callback instead F:\wwwroot\ThinkPHP\Lib\Template\ThinkTemplate.class.php 第 404 行.
NOTIC: [8192] preg_replace(): The /e modifier is deprecated, use preg_replace_callback instead F:\wwwroot\ThinkPHP\Lib\Template\ThinkTemplate.class.php 第 404 行.
NOTIC: [8192] preg_replace(): The /e modifier is deprecated, use preg_replace_callback instead F:\wwwroot\ThinkPHP\Lib\Template\ThinkTemplate.class.php 第 404 行.
NOTIC: [8192] preg_replace(): The /e modifier is deprecated, use preg_replace_callback instead F:\wwwroot\ThinkPHP\Lib\Template\ThinkTemplate.class.php 第 404 行.
NOTIC: [8192] preg_replace(): The /e modifier is deprecated, use preg_replace_callback instead F:\wwwroot\ThinkPHP\Lib\Template\ThinkTemplate.class.php 第 404 行.
NOTIC: [8192] preg_replace(): The /e modifier is deprecated, use preg_replace_callback instead F:\wwwroot\ThinkPHP\Lib\Template\ThinkTemplate.class.php 第 404 行.
NOTIC: [8192] preg_replace(): The /e modifier is deprecated, use preg_replace_callback instead F:\wwwroot\ThinkPHP\Lib\Template\ThinkTemplate.class.php 第 404 行.
NOTIC: [8192] preg_replace(): The /e modifier is deprecated, use preg_replace_callback instead F:\wwwroot\ThinkPHP\Lib\Template\ThinkTemplate.class.php 第 404 行.
NOTIC: [8192] preg_replace(): The /e modifier is deprecated, use preg_replace_callback instead F:\wwwroot\ThinkPHP\Lib\Template\ThinkTemplate.class.php 第 404 行.
NOTIC: [8192] preg_replace(): The /e modifier is deprecated, use preg_replace_callback instead F:\wwwroot\ThinkPHP\Lib\Template\ThinkTemplate.class.php 第 404 行.
NOTIC: [8192] preg_replace(): The /e modifier is deprecated, use preg_replace_callback instead F:\wwwroot\ThinkPHP\Lib\Template\ThinkTemplate.class.php 第 404 行.
NOTIC: [8192] preg_replace(): The /e modifier is deprecated, use preg_replace_callback instead F:\wwwroot\ThinkPHP\Lib\Template\ThinkTemplate.class.php 第 404 行.
NOTIC: [8192] preg_replace(): The /e modifier is deprecated, use preg_replace_callback instead F:\wwwroot\ThinkPHP\Lib\Template\ThinkTemplate.class.php 第 404 行.
NOTIC: [8192] preg_replace(): The /e modifier is deprecated, use preg_replace_callback instead F:\wwwroot\ThinkPHP\Lib\Template\ThinkTemplate.class.php 第 404 行.
NOTIC: [8192] preg_replace(): The /e modifier is deprecated, use preg_replace_callback instead F:\wwwroot\ThinkPHP\Lib\Template\ThinkTemplate.class.php 第 404 行.
NOTIC: [8192] preg_replace(): The /e modifier is deprecated, use preg_replace_callback instead F:\wwwroot\ThinkPHP\Lib\Template\ThinkTemplate.class.php 第 404 行.
NOTIC: [8192] preg_replace(): The /e modifier is deprecated, use preg_replace_callback instead F:\wwwroot\ThinkPHP\Lib\Template\ThinkTemplate.class.php 第 404 行.
NOTIC: [8192] preg_replace(): The /e modifier is deprecated, use preg_replace_callback instead F:\wwwroot\ThinkPHP\Lib\Template\ThinkTemplate.class.php 第 404 行.
NOTIC: [8192] preg_replace(): The /e modifier is deprecated, use preg_replace_callback instead F:\wwwroot\ThinkPHP\Lib\Template\ThinkTemplate.class.php 第 404 行.
NOTIC: [8192] preg_replace(): The /e modifier is deprecated, use preg_replace_callback instead F:\wwwroot\ThinkPHP\Lib\Template\ThinkTemplate.class.php 第 404 行.
NOTIC: [8192] preg_replace(): The /e modifier is deprecated, use preg_replace_callback instead F:\wwwroot\ThinkPHP\Lib\Template\ThinkTemplate.class.php 第 404 行.
NOTIC: [8192] preg_replace(): The /e modifier is deprecated, use preg_replace_callback instead F:\wwwroot\ThinkPHP\Lib\Template\ThinkTemplate.class.php 第 404 行.
NOTIC: [8192] preg_replace(): The /e modifier is deprecated, use preg_replace_callback instead F:\wwwroot\ThinkPHP\Lib\Template\ThinkTemplate.class.php 第 404 行.
NOTIC: [8192] preg_replace(): The /e modifier is deprecated, use preg_replace_callback instead F:\wwwroot\ThinkPHP\Lib\Template\ThinkTemplate.class.php 第 404 行.
NOTIC: [8192] preg_replace(): The /e modifier is deprecated, use preg_replace_callback instead F:\wwwroot\ThinkPHP\Lib\Template\ThinkTemplate.class.php 第 404 行.
NOTIC: [8192] preg_replace(): The /e modifier is deprecated, use preg_replace_callback instead F:\wwwroot\ThinkPHP\Lib\Template\ThinkTemplate.class.php 第 404 行.
NOTIC: [8192] preg_replace(): The /e modifier is deprecated, use preg_replace_callback instead F:\wwwroot\ThinkPHP\Lib\Template\ThinkTemplate.class.php 第 404 行.
NOTIC: [8192] preg_replace(): The /e modifier is deprecated, use preg_replace_callback instead F:\wwwroot\ThinkPHP\Lib\Template\ThinkTemplate.class.php 第 404 行.
NOTIC: [8192] preg_replace(): The /e modifier is deprecated, use preg_replace_callback instead F:\wwwroot\ThinkPHP\Lib\Template\ThinkTemplate.class.php 第 404 行.
NOTIC: [8192] preg_replace(): The /e modifier is deprecated, use preg_replace_callback instead F:\wwwroot\ThinkPHP\Lib\Template\ThinkTemplate.class.php 第 404 行.
NOTIC: [8192] preg_replace(): The /e modifier is deprecated, use preg_replace_callback instead F:\wwwroot\ThinkPHP\Lib\Template\ThinkTemplate.class.php 第 404 行.
NOTIC: [8192] preg_replace(): The /e modifier is deprecated, use preg_replace_callback instead F:\wwwroot\ThinkPHP\Lib\Template\ThinkTemplate.class.php 第 404 行.
NOTIC: [8192] preg_replace(): The /e modifier is deprecated, use preg_replace_callback instead F:\wwwroot\ThinkPHP\Lib\Template\ThinkTemplate.class.php 第 404 行.
NOTIC: [8192] preg_replace(): The /e modifier is deprecated, use preg_replace_callback instead F:\wwwroot\ThinkPHP\Lib\Template\ThinkTemplate.class.php 第 404 行.
NOTIC: [8192] preg_replace(): The /e modifier is deprecated, use preg_replace_callback instead F:\wwwroot\ThinkPHP\Lib\Template\ThinkTemplate.class.php 第 404 行.
NOTIC: [8192] preg_replace(): The /e modifier is deprecated, use preg_replace_callback instead F:\wwwroot\ThinkPHP\Lib\Template\ThinkTemplate.class.php 第 404 行.
NOTIC: [8192] preg_replace(): The /e modifier is deprecated, use preg_replace_callback instead F:\wwwroot\ThinkPHP\Lib\Template\ThinkTemplate.class.php 第 404 行.
NOTIC: [8192] preg_replace(): The /e modifier is deprecated, use preg_replace_callback instead F:\wwwroot\ThinkPHP\Lib\Template\ThinkTemplate.class.php 第 404 行.
NOTIC: [8192] preg_replace(): The /e modifier is deprecated, use preg_replace_callback instead F:\wwwroot\ThinkPHP\Lib\Template\ThinkTemplate.class.php 第 404 行.
NOTIC: [8192] preg_replace(): The /e modifier is deprecated, use preg_replace_callback instead F:\wwwroot\ThinkPHP\Lib\Template\ThinkTemplate.class.php 第 404 行.
NOTIC: [8192] preg_replace(): The /e modifier is deprecated, use preg_replace_callback instead F:\wwwroot\ThinkPHP\Lib\Template\ThinkTemplate.class.php 第 404 行.
NOTIC: [8192] preg_replace(): The /e modifier is deprecated, use preg_replace_callback instead F:\wwwroot\ThinkPHP\Lib\Template\ThinkTemplate.class.php 第 404 行.
NOTIC: [8192] preg_replace(): The /e modifier is deprecated, use preg_replace_callback instead F:\wwwroot\ThinkPHP\Lib\Template\ThinkTemplate.class.php 第 404 行.
NOTIC: [8192] preg_replace(): The /e modifier is deprecated, use preg_replace_callback instead F:\wwwroot\ThinkPHP\Lib\Template\ThinkTemplate.class.php 第 404 行.
NOTIC: [8192] preg_replace(): The /e modifier is deprecated, use preg_replace_callback instead F:\wwwroot\ThinkPHP\Lib\Template\ThinkTemplate.class.php 第 404 行.
NOTIC: [8192] preg_replace(): The /e modifier is deprecated, use preg_replace_callback instead F:\wwwroot\ThinkPHP\Lib\Template\ThinkTemplate.class.php 第 399 行.
NOTIC: [8192] preg_replace(): The /e modifier is deprecated, use preg_replace_callback instead F:\wwwroot\ThinkPHP\Lib\Template\ThinkTemplate.class.php 第 399 行.
NOTIC: [8192] preg_replace(): The /e modifier is deprecated, use preg_replace_callback instead F:\wwwroot\ThinkPHP\Lib\Template\ThinkTemplate.class.php 第 399 行.
NOTIC: [8192] preg_replace(): The /e modifier is deprecated, use preg_replace_callback instead F:\wwwroot\ThinkPHP\Lib\Template\ThinkTemplate.class.php 第 399 行.
NOTIC: [8192] preg_replace(): The /e modifier is deprecated, use preg_replace_callback instead F:\wwwroot\ThinkPHP\Lib\Template\ThinkTemplate.class.php 第 399 行.
NOTIC: [8192] preg_replace(): The /e modifier is deprecated, use preg_replace_callback instead F:\wwwroot\ThinkPHP\Lib\Template\ThinkTemplate.class.php 第 399 行.
NOTIC: [8192] preg_replace(): The /e modifier is deprecated, use preg_replace_callback instead F:\wwwroot\ThinkPHP\Lib\Template\ThinkTemplate.class.php 第 404 行.
NOTIC: [8192] preg_replace(): The /e modifier is deprecated, use preg_replace_callback instead F:\wwwroot\ThinkPHP\Lib\Template\ThinkTemplate.class.php 第 404 行.
NOTIC: [8192] preg_replace(): The /e modifier is deprecated, use preg_replace_callback instead F:\wwwroot\ThinkPHP\Lib\Template\ThinkTemplate.class.php 第 404 行.
NOTIC: [8192] preg_replace(): The /e modifier is deprecated, use preg_replace_callback instead F:\wwwroot\ThinkPHP\Lib\Template\ThinkTemplate.class.php 第 197 行.
NOTIC: [8192] preg_replace(): The /e modifier is deprecated, use preg_replace_callback instead F:\wwwroot\ThinkPHP\Lib\Template\ThinkTemplate.class.php 第 137 行.
INFO: ParseTemplate Behavior ::run [ RunTime:0.049003s ]
INFO: [ view_parse ] --END-- [ RunTime:0.049003s ]
INFO: [ view_filter ] --START--
INFO: ContentReplace Behavior ::run [ RunTime:0.002000s ]
INFO: TokenBuild Behavior ::run [ RunTime:0.001000s ]
INFO: WriteHtmlCache Behavior ::run [ RunTime:0.002001s ]
INFO: ShowRuntime Behavior ::run [ RunTime:0.002000s ]
INFO: [ view_filter ] --END-- [ RunTime:0.007001s ]
INFO: [ view_end ] --START--
INFO: ShowPageTrace Behavior ::run [ RunTime:0.002000s ]
INFO: [ view_end ] --END-- [ RunTime:0.003000s ]

[ 2021-05-25T22:40:50+08:00 ] 127.0.0.1 /index.php/Service/ModifyData?action=ModifyData&b=0.5554089232071067&_=1621953647711
INFO: [ app_begin ] --START--
INFO: ReadHtmlCache Behavior ::run [ RunTime:0.001000s ]
INFO: [ app_begin ] --END-- [ RunTime:0.001000s ]
NOTIC: [2048] Declaration of ServiceAction::show() should be compatible with Action::show($content, $charset = '', $contentType = '', $prefix = '') F:\wwwroot\Home\Lib\Action\ServiceAction.class.php 第 4 行.
NOTIC: [8192] mysql_connect(): The mysql extension is deprecated and will be removed in the future: use mysqli or PDO instead F:\wwwroot\ThinkPHP\Lib\Driver\Db\DbMysql.class.php 第 55 行.
SQL: SHOW COLUMNS FROM `sj_t_classify` [ RunTime:0.011000s ]
NOTIC: [8192] preg_replace(): The /e modifier is deprecated, use preg_replace_callback instead F:\wwwroot\ThinkPHP\Lib\Core\Db.class.php 第 605 行.
SQL: SELECT * FROM `sj_t_classify` WHERE ( `pid` = 1 )  [ RunTime:0.001000s ]
SQL: SHOW COLUMNS FROM `sj_t_sys_config` [ RunTime:0.011001s ]
NOTIC: [8192] preg_replace(): The /e modifier is deprecated, use preg_replace_callback instead F:\wwwroot\ThinkPHP\Lib\Core\Db.class.php 第 605 行.
SQL: SELECT `value` FROM `sj_t_sys_config` WHERE ( `name` = 'Contact_phone' ) LIMIT 1   [ RunTime:0.001000s ]
NOTIC: [8192] preg_replace(): The /e modifier is deprecated, use preg_replace_callback instead F:\wwwroot\ThinkPHP\Lib\Core\Db.class.php 第 605 行.
SQL: SELECT `value` FROM `sj_t_sys_config` WHERE ( `name` = 'Contact_QQ' ) LIMIT 1   [ RunTime:0.000000s ]
NOTIC: [8192] preg_replace(): The /e modifier is deprecated, use preg_replace_callback instead F:\wwwroot\ThinkPHP\Lib\Core\Db.class.php 第 605 行.
SQL: SELECT `value` FROM `sj_t_sys_config` WHERE ( `name` = 'Contact_email' ) LIMIT 1   [ RunTime:0.000000s ]
NOTIC: [8192] preg_replace(): The /e modifier is deprecated, use preg_replace_callback instead F:\wwwroot\ThinkPHP\Lib\Core\Db.class.php 第 605 行.
SQL: SELECT `value` FROM `sj_t_sys_config` WHERE ( `name` = 'Work_address' ) LIMIT 1   [ RunTime:0.000000s ]
NOTIC: [8192] preg_replace(): The /e modifier is deprecated, use preg_replace_callback instead F:\wwwroot\ThinkPHP\Lib\Core\Db.class.php 第 605 行.
SQL: SELECT `value` FROM `sj_t_sys_config` WHERE ( `name` = 'Work_time' ) LIMIT 1   [ RunTime:0.000000s ]
NOTIC: [8192] preg_replace(): The /e modifier is deprecated, use preg_replace_callback instead F:\wwwroot\ThinkPHP\Lib\Core\Db.class.php 第 605 行.
SQL: SELECT `value` FROM `sj_t_sys_config` WHERE ( id=3 ) LIMIT 1   [ RunTime:0.001000s ]
NOTIC: [8192] preg_replace(): The /e modifier is deprecated, use preg_replace_callback instead F:\wwwroot\ThinkPHP\Lib\Core\Db.class.php 第 605 行.
SQL: SELECT `value` FROM `sj_t_sys_config` WHERE ( id=12 ) LIMIT 1   [ RunTime:0.000000s ]
NOTIC: [8192] preg_replace(): The /e modifier is deprecated, use preg_replace_callback instead F:\wwwroot\ThinkPHP\Lib\Core\Db.class.php 第 605 行.
SQL: SELECT `value` FROM `sj_t_sys_config` WHERE ( id=2 ) LIMIT 1   [ RunTime:0.001000s ]
NOTIC: [8192] preg_replace(): The /e modifier is deprecated, use preg_replace_callback instead F:\wwwroot\ThinkPHP\Lib\Core\Db.class.php 第 605 行.
SQL: SELECT `value` FROM `sj_t_sys_config` WHERE ( id=4 ) LIMIT 1   [ RunTime:0.001000s ]
NOTIC: [8192] preg_replace(): The /e modifier is deprecated, use preg_replace_callback instead F:\wwwroot\ThinkPHP\Lib\Core\Db.class.php 第 605 行.
SQL: SELECT `value` FROM `sj_t_sys_config` WHERE ( id=5 ) LIMIT 1   [ RunTime:0.001000s ]
NOTIC: [8192] preg_replace(): The /e modifier is deprecated, use preg_replace_callback instead F:\wwwroot\ThinkPHP\Lib\Core\Db.class.php 第 605 行.
SQL: SELECT `value` FROM `sj_t_sys_config` WHERE ( id=6 ) LIMIT 1   [ RunTime:0.001000s ]
NOTIC: [8192] preg_replace(): The /e modifier is deprecated, use preg_replace_callback instead F:\wwwroot\ThinkPHP\Lib\Core\Db.class.php 第 605 行.
SQL: SELECT `value` FROM `sj_t_sys_config` WHERE ( id=11 ) LIMIT 1   [ RunTime:0.001001s ]
NOTIC: [8192] preg_replace(): The /e modifier is deprecated, use preg_replace_callback instead F:\wwwroot\ThinkPHP\Lib\Core\Db.class.php 第 605 行.
SQL: SELECT `value` FROM `sj_t_sys_config` WHERE ( id=41 ) LIMIT 1   [ RunTime:0.001000s ]
NOTIC: [8192] preg_replace(): The /e modifier is deprecated, use preg_replace_callback instead F:\wwwroot\ThinkPHP\Lib\Core\Db.class.php 第 605 行.
SQL: SELECT `value` FROM `sj_t_sys_config` WHERE ( id=17 ) LIMIT 1   [ RunTime:0.000000s ]
NOTIC: [8192] preg_replace(): The /e modifier is deprecated, use preg_replace_callback instead F:\wwwroot\ThinkPHP\Lib\Core\Db.class.php 第 605 行.
SQL: SELECT `value` FROM `sj_t_sys_config` WHERE ( id=28 ) LIMIT 1   [ RunTime:0.000000s ]
NOTIC: [8192] preg_replace(): The /e modifier is deprecated, use preg_replace_callback instead F:\wwwroot\ThinkPHP\Lib\Core\Db.class.php 第 605 行.
SQL: SELECT `value` FROM `sj_t_sys_config` WHERE ( id=18 ) LIMIT 1   [ RunTime:0.000000s ]
NOTIC: [8] Undefined index: user_id F:\wwwroot\Home\Lib\Action\ServiceAction.class.php 第 997 行.
NOTIC: [2048] Declaration of UserModel::save() should be compatible with Model::save($data = '', $options = Array) F:\wwwroot\Home\Lib\Model\UserModel.class.php 第 118 行.
SQL: SHOW COLUMNS FROM `sj_t_user` [ RunTime:0.009000s ]
NOTIC: [8192] preg_replace(): The /e modifier is deprecated, use preg_replace_callback instead F:\wwwroot\ThinkPHP\Lib\Core\Db.class.php 第 605 行.
SQL: SELECT * FROM `sj_t_user` WHERE ( `user_id` = null ) LIMIT 1   [ RunTime:0.000000s ]
INFO: [ view_parse ] --START--
NOTIC: [8192] preg_replace(): The /e modifier is deprecated, use preg_replace_callback instead F:\wwwroot\ThinkPHP\Lib\Template\ThinkTemplate.class.php 第 273 行.
NOTIC: [8192] preg_replace(): The /e modifier is deprecated, use preg_replace_callback instead F:\wwwroot\ThinkPHP\Lib\Template\ThinkTemplate.class.php 第 168 行.
NOTIC: [8192] preg_replace(): The /e modifier is deprecated, use preg_replace_callback instead F:\wwwroot\ThinkPHP\Lib\Template\ThinkTemplate.class.php 第 404 行.
NOTIC: [8192] preg_replace(): The /e modifier is deprecated, use preg_replace_callback instead F:\wwwroot\ThinkPHP\Lib\Template\ThinkTemplate.class.php 第 404 行.
NOTIC: [8192] preg_replace(): The /e modifier is deprecated, use preg_replace_callback instead F:\wwwroot\ThinkPHP\Lib\Template\ThinkTemplate.class.php 第 404 行.
NOTIC: [8192] preg_replace(): The /e modifier is deprecated, use preg_replace_callback instead F:\wwwroot\ThinkPHP\Lib\Template\ThinkTemplate.class.php 第 404 行.
NOTIC: [8192] preg_replace(): The /e modifier is deprecated, use preg_replace_callback instead F:\wwwroot\ThinkPHP\Lib\Template\ThinkTemplate.class.php 第 404 行.
NOTIC: [8192] preg_replace(): The /e modifier is deprecated, use preg_replace_callback instead F:\wwwroot\ThinkPHP\Lib\Template\ThinkTemplate.class.php 第 404 行.
NOTIC: [8192] preg_replace(): The /e modifier is deprecated, use preg_replace_callback instead F:\wwwroot\ThinkPHP\Lib\Template\ThinkTemplate.class.php 第 404 行.
NOTIC: [8192] preg_replace(): The /e modifier is deprecated, use preg_replace_callback instead F:\wwwroot\ThinkPHP\Lib\Template\ThinkTemplate.class.php 第 404 行.
NOTIC: [8192] preg_replace(): The /e modifier is deprecated, use preg_replace_callback instead F:\wwwroot\ThinkPHP\Lib\Template\ThinkTemplate.class.php 第 404 行.
NOTIC: [8192] preg_replace(): The /e modifier is deprecated, use preg_replace_callback instead F:\wwwroot\ThinkPHP\Lib\Template\ThinkTemplate.class.php 第 404 行.
NOTIC: [8192] preg_replace(): The /e modifier is deprecated, use preg_replace_callback instead F:\wwwroot\ThinkPHP\Lib\Template\ThinkTemplate.class.php 第 404 行.
NOTIC: [8192] preg_replace(): The /e modifier is deprecated, use preg_replace_callback instead F:\wwwroot\ThinkPHP\Lib\Template\ThinkTemplate.class.php 第 404 行.
NOTIC: [8192] preg_replace(): The /e modifier is deprecated, use preg_replace_callback instead F:\wwwroot\ThinkPHP\Lib\Template\ThinkTemplate.class.php 第 399 行.
NOTIC: [8192] preg_replace(): The /e modifier is deprecated, use preg_replace_callback instead F:\wwwroot\ThinkPHP\Lib\Template\ThinkTemplate.class.php 第 399 行.
NOTIC: [8192] preg_replace(): The /e modifier is deprecated, use preg_replace_callback instead F:\wwwroot\ThinkPHP\Lib\Template\ThinkTemplate.class.php 第 404 行.
NOTIC: [8192] preg_replace(): The /e modifier is deprecated, use preg_replace_callback instead F:\wwwroot\ThinkPHP\Lib\Template\ThinkTemplate.class.php 第 404 行.
NOTIC: [8192] preg_replace(): The /e modifier is deprecated, use preg_replace_callback instead F:\wwwroot\ThinkPHP\Lib\Template\ThinkTemplate.class.php 第 404 行.
NOTIC: [8192] preg_replace(): The /e modifier is deprecated, use preg_replace_callback instead F:\wwwroot\ThinkPHP\Lib\Template\ThinkTemplate.class.php 第 399 行.
NOTIC: [8192] preg_replace(): The /e modifier is deprecated, use preg_replace_callback instead F:\wwwroot\ThinkPHP\Lib\Template\ThinkTemplate.class.php 第 404 行.
NOTIC: [8192] preg_replace(): The /e modifier is deprecated, use preg_replace_callback instead F:\wwwroot\ThinkPHP\Lib\Template\ThinkTemplate.class.php 第 404 行.
NOTIC: [8192] preg_replace(): The /e modifier is deprecated, use preg_replace_callback instead F:\wwwroot\ThinkPHP\Lib\Template\ThinkTemplate.class.php 第 404 行.
NOTIC: [8192] preg_replace(): The /e modifier is deprecated, use preg_replace_callback instead F:\wwwroot\ThinkPHP\Lib\Template\ThinkTemplate.class.php 第 404 行.
NOTIC: [8192] preg_replace(): The /e modifier is deprecated, use preg_replace_callback instead F:\wwwroot\ThinkPHP\Lib\Template\ThinkTemplate.class.php 第 404 行.
NOTIC: [8192] preg_replace(): The /e modifier is deprecated, use preg_replace_callback instead F:\wwwroot\ThinkPHP\Lib\Template\ThinkTemplate.class.php 第 404 行.
NOTIC: [8192] preg_replace(): The /e modifier is deprecated, use preg_replace_callback instead F:\wwwroot\ThinkPHP\Lib\Template\ThinkTemplate.class.php 第 404 行.
NOTIC: [8192] preg_replace(): The /e modifier is deprecated, use preg_replace_callback instead F:\wwwroot\ThinkPHP\Lib\Template\ThinkTemplate.class.php 第 404 行.
NOTIC: [8192] preg_replace(): The /e modifier is deprecated, use preg_replace_callback instead F:\wwwroot\ThinkPHP\Lib\Template\ThinkTemplate.class.php 第 404 行.
NOTIC: [8192] preg_replace(): The /e modifier is deprecated, use preg_replace_callback instead F:\wwwroot\ThinkPHP\Lib\Template\ThinkTemplate.class.php 第 404 行.
NOTIC: [8192] preg_replace(): The /e modifier is deprecated, use preg_replace_callback instead F:\wwwroot\ThinkPHP\Lib\Template\ThinkTemplate.class.php 第 404 行.
NOTIC: [8192] preg_replace(): The /e modifier is deprecated, use preg_replace_callback instead F:\wwwroot\ThinkPHP\Lib\Template\ThinkTemplate.class.php 第 404 行.
NOTIC: [8192] preg_replace(): The /e modifier is deprecated, use preg_replace_callback instead F:\wwwroot\ThinkPHP\Lib\Template\ThinkTemplate.class.php 第 404 行.
NOTIC: [8192] preg_replace(): The /e modifier is deprecated, use preg_replace_callback instead F:\wwwroot\ThinkPHP\Lib\Template\ThinkTemplate.class.php 第 404 行.
NOTIC: [8192] preg_replace(): The /e modifier is deprecated, use preg_replace_callback instead F:\wwwroot\ThinkPHP\Lib\Template\ThinkTemplate.class.php 第 404 行.
NOTIC: [8192] preg_replace(): The /e modifier is deprecated, use preg_replace_callback instead F:\wwwroot\ThinkPHP\Lib\Template\ThinkTemplate.class.php 第 404 行.
NOTIC: [8192] preg_replace(): The /e modifier is deprecated, use preg_replace_callback instead F:\wwwroot\ThinkPHP\Lib\Template\ThinkTemplate.class.php 第 404 行.
NOTIC: [8192] preg_replace(): The /e modifier is deprecated, use preg_replace_callback instead F:\wwwroot\ThinkPHP\Lib\Template\ThinkTemplate.class.php 第 404 行.
NOTIC: [8192] preg_replace(): The /e modifier is deprecated, use preg_replace_callback instead F:\wwwroot\ThinkPHP\Lib\Template\ThinkTemplate.class.php 第 404 行.
NOTIC: [8192] preg_replace(): The /e modifier is deprecated, use preg_replace_callback instead F:\wwwroot\ThinkPHP\Lib\Template\ThinkTemplate.class.php 第 404 行.
NOTIC: [8192] preg_replace(): The /e modifier is deprecated, use preg_replace_callback instead F:\wwwroot\ThinkPHP\Lib\Template\ThinkTemplate.class.php 第 404 行.
NOTIC: [8192] preg_replace(): The /e modifier is deprecated, use preg_replace_callback instead F:\wwwroot\ThinkPHP\Lib\Template\ThinkTemplate.class.php 第 404 行.
NOTIC: [8192] preg_replace(): The /e modifier is deprecated, use preg_replace_callback instead F:\wwwroot\ThinkPHP\Lib\Template\ThinkTemplate.class.php 第 404 行.
NOTIC: [8192] preg_replace(): The /e modifier is deprecated, use preg_replace_callback instead F:\wwwroot\ThinkPHP\Lib\Template\ThinkTemplate.class.php 第 404 行.
NOTIC: [8192] preg_replace(): The /e modifier is deprecated, use preg_replace_callback instead F:\wwwroot\ThinkPHP\Lib\Template\ThinkTemplate.class.php 第 404 行.
NOTIC: [8192] preg_replace(): The /e modifier is deprecated, use preg_replace_callback instead F:\wwwroot\ThinkPHP\Lib\Template\ThinkTemplate.class.php 第 404 行.
NOTIC: [8192] preg_replace(): The /e modifier is deprecated, use preg_replace_callback instead F:\wwwroot\ThinkPHP\Lib\Template\ThinkTemplate.class.php 第 404 行.
NOTIC: [8192] preg_replace(): The /e modifier is deprecated, use preg_replace_callback instead F:\wwwroot\ThinkPHP\Lib\Template\ThinkTemplate.class.php 第 404 行.
NOTIC: [8192] preg_replace(): The /e modifier is deprecated, use preg_replace_callback instead F:\wwwroot\ThinkPHP\Lib\Template\ThinkTemplate.class.php 第 404 行.
NOTIC: [8192] preg_replace(): The /e modifier is deprecated, use preg_replace_callback instead F:\wwwroot\ThinkPHP\Lib\Template\ThinkTemplate.class.php 第 404 行.
NOTIC: [8192] preg_replace(): The /e modifier is deprecated, use preg_replace_callback instead F:\wwwroot\ThinkPHP\Lib\Template\ThinkTemplate.class.php 第 404 行.
NOTIC: [8192] preg_replace(): The /e modifier is deprecated, use preg_replace_callback instead F:\wwwroot\ThinkPHP\Lib\Template\ThinkTemplate.class.php 第 404 行.
NOTIC: [8192] preg_replace(): The /e modifier is deprecated, use preg_replace_callback instead F:\wwwroot\ThinkPHP\Lib\Template\ThinkTemplate.class.php 第 404 行.
NOTIC: [8192] preg_replace(): The /e modifier is deprecated, use preg_replace_callback instead F:\wwwroot\ThinkPHP\Lib\Template\ThinkTemplate.class.php 第 404 行.
NOTIC: [8192] preg_replace(): The /e modifier is deprecated, use preg_replace_callback instead F:\wwwroot\ThinkPHP\Lib\Template\ThinkTemplate.class.php 第 404 行.
NOTIC: [8192] preg_replace(): The /e modifier is deprecated, use preg_replace_callback instead F:\wwwroot\ThinkPHP\Lib\Template\ThinkTemplate.class.php 第 404 行.
NOTIC: [8192] preg_replace(): The /e modifier is deprecated, use preg_replace_callback instead F:\wwwroot\ThinkPHP\Lib\Template\ThinkTemplate.class.php 第 404 行.
NOTIC: [8192] preg_replace(): The /e modifier is deprecated, use preg_replace_callback instead F:\wwwroot\ThinkPHP\Lib\Template\ThinkTemplate.class.php 第 404 行.
NOTIC: [8192] preg_replace(): The /e modifier is deprecated, use preg_replace_callback instead F:\wwwroot\ThinkPHP\Lib\Template\ThinkTemplate.class.php 第 404 行.
NOTIC: [8192] preg_replace(): The /e modifier is deprecated, use preg_replace_callback instead F:\wwwroot\ThinkPHP\Lib\Template\ThinkTemplate.class.php 第 404 行.
NOTIC: [8192] preg_replace(): The /e modifier is deprecated, use preg_replace_callback instead F:\wwwroot\ThinkPHP\Lib\Template\ThinkTemplate.class.php 第 404 行.
NOTIC: [8192] preg_replace(): The /e modifier is deprecated, use preg_replace_callback instead F:\wwwroot\ThinkPHP\Lib\Template\ThinkTemplate.class.php 第 404 行.
NOTIC: [8192] preg_replace(): The /e modifier is deprecated, use preg_replace_callback instead F:\wwwroot\ThinkPHP\Lib\Template\ThinkTemplate.class.php 第 404 行.
NOTIC: [8192] preg_replace(): The /e modifier is deprecated, use preg_replace_callback instead F:\wwwroot\ThinkPHP\Lib\Template\ThinkTemplate.class.php 第 404 行.
NOTIC: [8192] preg_replace(): The /e modifier is deprecated, use preg_replace_callback instead F:\wwwroot\ThinkPHP\Lib\Template\ThinkTemplate.class.php 第 404 行.
NOTIC: [8192] preg_replace(): The /e modifier is deprecated, use preg_replace_callback instead F:\wwwroot\ThinkPHP\Lib\Template\ThinkTemplate.class.php 第 404 行.
NOTIC: [8192] preg_replace(): The /e modifier is deprecated, use preg_replace_callback instead F:\wwwroot\ThinkPHP\Lib\Template\ThinkTemplate.class.php 第 404 行.
NOTIC: [8192] preg_replace(): The /e modifier is deprecated, use preg_replace_callback instead F:\wwwroot\ThinkPHP\Lib\Template\ThinkTemplate.class.php 第 404 行.
NOTIC: [8192] preg_replace(): The /e modifier is deprecated, use preg_replace_callback instead F:\wwwroot\ThinkPHP\Lib\Template\ThinkTemplate.class.php 第 404 行.
NOTIC: [8192] preg_replace(): The /e modifier is deprecated, use preg_replace_callback instead F:\wwwroot\ThinkPHP\Lib\Template\ThinkTemplate.class.php 第 404 行.
NOTIC: [8192] preg_replace(): The /e modifier is deprecated, use preg_replace_callback instead F:\wwwroot\ThinkPHP\Lib\Template\ThinkTemplate.class.php 第 404 行.
NOTIC: [8192] preg_replace(): The /e modifier is deprecated, use preg_replace_callback instead F:\wwwroot\ThinkPHP\Lib\Template\ThinkTemplate.class.php 第 404 行.
NOTIC: [8192] preg_replace(): The /e modifier is deprecated, use preg_replace_callback instead F:\wwwroot\ThinkPHP\Lib\Template\ThinkTemplate.class.php 第 404 行.
NOTIC: [8192] preg_replace(): The /e modifier is deprecated, use preg_replace_callback instead F:\wwwroot\ThinkPHP\Lib\Template\ThinkTemplate.class.php 第 404 行.
NOTIC: [8192] preg_replace(): The /e modifier is deprecated, use preg_replace_callback instead F:\wwwroot\ThinkPHP\Lib\Template\ThinkTemplate.class.php 第 404 行.
NOTIC: [8192] preg_replace(): The /e modifier is deprecated, use preg_replace_callback instead F:\wwwroot\ThinkPHP\Lib\Template\ThinkTemplate.class.php 第 404 行.
NOTIC: [8192] preg_replace(): The /e modifier is deprecated, use preg_replace_callback instead F:\wwwroot\ThinkPHP\Lib\Template\ThinkTemplate.class.php 第 404 行.
NOTIC: [8192] preg_replace(): The /e modifier is deprecated, use preg_replace_callback instead F:\wwwroot\ThinkPHP\Lib\Template\ThinkTemplate.class.php 第 404 行.
NOTIC: [8192] preg_replace(): The /e modifier is deprecated, use preg_replace_callback instead F:\wwwroot\ThinkPHP\Lib\Template\ThinkTemplate.class.php 第 404 行.
NOTIC: [8192] preg_replace(): The /e modifier is deprecated, use preg_replace_callback instead F:\wwwroot\ThinkPHP\Lib\Template\ThinkTemplate.class.php 第 404 行.
NOTIC: [8192] preg_replace(): The /e modifier is deprecated, use preg_replace_callback instead F:\wwwroot\ThinkPHP\Lib\Template\ThinkTemplate.class.php 第 404 行.
NOTIC: [8192] preg_replace(): The /e modifier is deprecated, use preg_replace_callback instead F:\wwwroot\ThinkPHP\Lib\Template\ThinkTemplate.class.php 第 404 行.
NOTIC: [8192] preg_replace(): The /e modifier is deprecated, use preg_replace_callback instead F:\wwwroot\ThinkPHP\Lib\Template\ThinkTemplate.class.php 第 404 行.
NOTIC: [8192] preg_replace(): The /e modifier is deprecated, use preg_replace_callback instead F:\wwwroot\ThinkPHP\Lib\Template\ThinkTemplate.class.php 第 404 行.
NOTIC: [8192] preg_replace(): The /e modifier is deprecated, use preg_replace_callback instead F:\wwwroot\ThinkPHP\Lib\Template\ThinkTemplate.class.php 第 404 行.
NOTIC: [8192] preg_replace(): The /e modifier is deprecated, use preg_replace_callback instead F:\wwwroot\ThinkPHP\Lib\Template\ThinkTemplate.class.php 第 404 行.
NOTIC: [8192] preg_replace(): The /e modifier is deprecated, use preg_replace_callback instead F:\wwwroot\ThinkPHP\Lib\Template\ThinkTemplate.class.php 第 399 行.
NOTIC: [8192] preg_replace(): The /e modifier is deprecated, use preg_replace_callback instead F:\wwwroot\ThinkPHP\Lib\Template\ThinkTemplate.class.php 第 399 行.
NOTIC: [8192] preg_replace(): The /e modifier is deprecated, use preg_replace_callback instead F:\wwwroot\ThinkPHP\Lib\Template\ThinkTemplate.class.php 第 399 行.
NOTIC: [8192] preg_replace(): The /e modifier is deprecated, use preg_replace_callback instead F:\wwwroot\ThinkPHP\Lib\Template\ThinkTemplate.class.php 第 399 行.
NOTIC: [8192] preg_replace(): The /e modifier is deprecated, use preg_replace_callback instead F:\wwwroot\ThinkPHP\Lib\Template\ThinkTemplate.class.php 第 399 行.
NOTIC: [8192] preg_replace(): The /e modifier is deprecated, use preg_replace_callback instead F:\wwwroot\ThinkPHP\Lib\Template\ThinkTemplate.class.php 第 399 行.
NOTIC: [8192] preg_replace(): The /e modifier is deprecated, use preg_replace_callback instead F:\wwwroot\ThinkPHP\Lib\Template\ThinkTemplate.class.php 第 404 行.
NOTIC: [8192] preg_replace(): The /e modifier is deprecated, use preg_replace_callback instead F:\wwwroot\ThinkPHP\Lib\Template\ThinkTemplate.class.php 第 404 行.
NOTIC: [8192] preg_replace(): The /e modifier is deprecated, use preg_replace_callback instead F:\wwwroot\ThinkPHP\Lib\Template\ThinkTemplate.class.php 第 404 行.
NOTIC: [8192] preg_replace(): The /e modifier is deprecated, use preg_replace_callback instead F:\wwwroot\ThinkPHP\Lib\Template\ThinkTemplate.class.php 第 197 行.
NOTIC: [8192] preg_replace(): The /e modifier is deprecated, use preg_replace_callback instead F:\wwwroot\ThinkPHP\Lib\Template\ThinkTemplate.class.php 第 137 行.
INFO: ParseTemplate Behavior ::run [ RunTime:0.019001s ]
INFO: [ view_parse ] --END-- [ RunTime:0.019001s ]
INFO: [ view_filter ] --START--
INFO: ContentReplace Behavior ::run [ RunTime:0.002000s ]
INFO: TokenBuild Behavior ::run [ RunTime:0.003000s ]
INFO: WriteHtmlCache Behavior ::run [ RunTime:0.002000s ]
INFO: ShowRuntime Behavior ::run [ RunTime:0.002000s ]
INFO: [ view_filter ] --END-- [ RunTime:0.009000s ]
INFO: [ view_end ] --START--
INFO: ShowPageTrace Behavior ::run [ RunTime:0.003000s ]
INFO: [ view_end ] --END-- [ RunTime:0.003000s ]

[ 2021-05-25T22:45:06+08:00 ] 127.0.0.1 /index.php/public/getlogininfo
INFO: [ app_begin ] --START--
INFO: ReadHtmlCache Behavior ::run [ RunTime:0.001000s ]
INFO: [ app_begin ] --END-- [ RunTime:0.002000s ]
NOTIC: [2048] Declaration of PublicAction::show() should be compatible with Action::show($content, $charset = '', $contentType = '', $prefix = '') F:\wwwroot\Home\Lib\Action\PublicAction.class.php 第 4 行.
NOTIC: [8192] mysql_connect(): The mysql extension is deprecated and will be removed in the future: use mysqli or PDO instead F:\wwwroot\ThinkPHP\Lib\Driver\Db\DbMysql.class.php 第 55 行.
SQL: SHOW COLUMNS FROM `sj_t_classify` [ RunTime:0.021002s ]
NOTIC: [8192] preg_replace(): The /e modifier is deprecated, use preg_replace_callback instead F:\wwwroot\ThinkPHP\Lib\Core\Db.class.php 第 605 行.
SQL: SELECT * FROM `sj_t_classify` WHERE ( `pid` = 1 )  [ RunTime:0.001000s ]
SQL: SHOW COLUMNS FROM `sj_t_sys_config` [ RunTime:0.015001s ]
NOTIC: [8192] preg_replace(): The /e modifier is deprecated, use preg_replace_callback instead F:\wwwroot\ThinkPHP\Lib\Core\Db.class.php 第 605 行.
SQL: SELECT `value` FROM `sj_t_sys_config` WHERE ( `name` = 'Contact_phone' ) LIMIT 1   [ RunTime:0.000000s ]
NOTIC: [8192] preg_replace(): The /e modifier is deprecated, use preg_replace_callback instead F:\wwwroot\ThinkPHP\Lib\Core\Db.class.php 第 605 行.
SQL: SELECT `value` FROM `sj_t_sys_config` WHERE ( `name` = 'Contact_QQ' ) LIMIT 1   [ RunTime:0.000000s ]
NOTIC: [8192] preg_replace(): The /e modifier is deprecated, use preg_replace_callback instead F:\wwwroot\ThinkPHP\Lib\Core\Db.class.php 第 605 行.
SQL: SELECT `value` FROM `sj_t_sys_config` WHERE ( `name` = 'Contact_email' ) LIMIT 1   [ RunTime:0.001000s ]
NOTIC: [8192] preg_replace(): The /e modifier is deprecated, use preg_replace_callback instead F:\wwwroot\ThinkPHP\Lib\Core\Db.class.php 第 605 行.
SQL: SELECT `value` FROM `sj_t_sys_config` WHERE ( `name` = 'Work_address' ) LIMIT 1   [ RunTime:0.000000s ]
NOTIC: [8192] preg_replace(): The /e modifier is deprecated, use preg_replace_callback instead F:\wwwroot\ThinkPHP\Lib\Core\Db.class.php 第 605 行.
SQL: SELECT `value` FROM `sj_t_sys_config` WHERE ( `name` = 'Work_time' ) LIMIT 1   [ RunTime:0.001000s ]
NOTIC: [8192] preg_replace(): The /e modifier is deprecated, use preg_replace_callback instead F:\wwwroot\ThinkPHP\Lib\Core\Db.class.php 第 605 行.
SQL: SELECT `value` FROM `sj_t_sys_config` WHERE ( id=3 ) LIMIT 1   [ RunTime:0.000000s ]
NOTIC: [8192] preg_replace(): The /e modifier is deprecated, use preg_replace_callback instead F:\wwwroot\ThinkPHP\Lib\Core\Db.class.php 第 605 行.
SQL: SELECT `value` FROM `sj_t_sys_config` WHERE ( id=12 ) LIMIT 1   [ RunTime:0.001000s ]
NOTIC: [8192] preg_replace(): The /e modifier is deprecated, use preg_replace_callback instead F:\wwwroot\ThinkPHP\Lib\Core\Db.class.php 第 605 行.
SQL: SELECT `value` FROM `sj_t_sys_config` WHERE ( id=2 ) LIMIT 1   [ RunTime:0.000000s ]
NOTIC: [8192] preg_replace(): The /e modifier is deprecated, use preg_replace_callback instead F:\wwwroot\ThinkPHP\Lib\Core\Db.class.php 第 605 行.
SQL: SELECT `value` FROM `sj_t_sys_config` WHERE ( id=4 ) LIMIT 1   [ RunTime:0.001000s ]
NOTIC: [8192] preg_replace(): The /e modifier is deprecated, use preg_replace_callback instead F:\wwwroot\ThinkPHP\Lib\Core\Db.class.php 第 605 行.
SQL: SELECT `value` FROM `sj_t_sys_config` WHERE ( id=5 ) LIMIT 1   [ RunTime:0.000000s ]
NOTIC: [8192] preg_replace(): The /e modifier is deprecated, use preg_replace_callback instead F:\wwwroot\ThinkPHP\Lib\Core\Db.class.php 第 605 行.
SQL: SELECT `value` FROM `sj_t_sys_config` WHERE ( id=6 ) LIMIT 1   [ RunTime:0.001000s ]
NOTIC: [8192] preg_replace(): The /e modifier is deprecated, use preg_replace_callback instead F:\wwwroot\ThinkPHP\Lib\Core\Db.class.php 第 605 行.
SQL: SELECT `value` FROM `sj_t_sys_config` WHERE ( id=11 ) LIMIT 1   [ RunTime:0.000000s ]
NOTIC: [8192] preg_replace(): The /e modifier is deprecated, use preg_replace_callback instead F:\wwwroot\ThinkPHP\Lib\Core\Db.class.php 第 605 行.
SQL: SELECT `value` FROM `sj_t_sys_config` WHERE ( id=41 ) LIMIT 1   [ RunTime:0.000000s ]
NOTIC: [8192] preg_replace(): The /e modifier is deprecated, use preg_replace_callback instead F:\wwwroot\ThinkPHP\Lib\Core\Db.class.php 第 605 行.
SQL: SELECT `value` FROM `sj_t_sys_config` WHERE ( id=17 ) LIMIT 1   [ RunTime:0.000000s ]
NOTIC: [8192] preg_replace(): The /e modifier is deprecated, use preg_replace_callback instead F:\wwwroot\ThinkPHP\Lib\Core\Db.class.php 第 605 行.
SQL: SELECT `value` FROM `sj_t_sys_config` WHERE ( id=28 ) LIMIT 1   [ RunTime:0.000000s ]
NOTIC: [8192] preg_replace(): The /e modifier is deprecated, use preg_replace_callback instead F:\wwwroot\ThinkPHP\Lib\Core\Db.class.php 第 605 行.
SQL: SELECT `value` FROM `sj_t_sys_config` WHERE ( id=18 ) LIMIT 1   [ RunTime:0.000000s ]
NOTIC: [2048] Declaration of UserModel::save() should be compatible with Model::save($data = '', $options = Array) F:\wwwroot\Home\Lib\Model\UserModel.class.php 第 118 行.
SQL: SHOW COLUMNS FROM `sj_t_user` [ RunTime:0.012001s ]
NOTIC: [8192] preg_replace(): The /e modifier is deprecated, use preg_replace_callback instead F:\wwwroot\ThinkPHP\Lib\Core\Db.class.php 第 605 行.
SQL: SELECT * FROM `sj_t_user` WHERE ( `user_id` = 1 ) LIMIT 1   [ RunTime:0.001000s ]
NOTIC: [2048] Declaration of UserAccountModel::save() should be compatible with Model::save($data = '', $options = Array) F:\wwwroot\Home\Lib\Model\UserAccountModel.class.php 第 25 行.
SQL: SHOW COLUMNS FROM `sj_t_user_account` [ RunTime:0.011001s ]
ERR: 1146:Table 'sucai.sj_t_user_account' doesn't exist
 [ SQL语句 ] : SHOW COLUMNS FROM `sj_t_user_account`
NOTIC: [8192] preg_replace(): The /e modifier is deprecated, use preg_replace_callback instead F:\wwwroot\ThinkPHP\Lib\Core\Db.class.php 第 605 行.
SQL: SELECT * FROM `sj_t_user_account` WHERE ( `user_id` = '1' ) LIMIT 1   [ RunTime:0.001000s ]
ERR: 1146:Table 'sucai.sj_t_user_account' doesn't exist
 [ SQL语句 ] : SELECT * FROM `sj_t_user_account` WHERE ( `user_id` = '1' ) LIMIT 1  

