[ 2021-05-14T17:32:47+08:00 ] 127.0.0.1 /index.php/public/getlogininfo
INFO: [ app_begin ] --START--
INFO: ReadHtmlCache Behavior ::run [ RunTime:0.000779s ]
INFO: [ app_begin ] --END-- [ RunTime:0.000864s ]
NOTIC: [2048] Declaration of PublicAction::show() should be compatible with Action::show($content, $charset = '', $contentType = '', $prefix = '') F:\wwwroot\Home\Lib\Action\PublicAction.class.php 第 4 行.
NOTIC: [8192] mysql_connect(): The mysql extension is deprecated and will be removed in the future: use mysqli or PDO instead F:\wwwroot\ThinkPHP\Lib\Driver\Db\DbMysql.class.php 第 55 行.
SQL: SHOW COLUMNS FROM `sj_t_classify` [ RunTime:0.010441s ]
NOTIC: [8192] preg_replace(): The /e modifier is deprecated, use preg_replace_callback instead F:\wwwroot\ThinkPHP\Lib\Core\Db.class.php 第 605 行.
SQL: SELECT * FROM `sj_t_classify` WHERE ( `pid` = 1 )  [ RunTime:0.000217s ]
SQL: SHOW COLUMNS FROM `sj_t_sys_config` [ RunTime:0.003998s ]
NOTIC: [8192] preg_replace(): The /e modifier is deprecated, use preg_replace_callback instead F:\wwwroot\ThinkPHP\Lib\Core\Db.class.php 第 605 行.
SQL: SELECT `value` FROM `sj_t_sys_config` WHERE ( `name` = 'QQ_login_callback' ) LIMIT 1   [ RunTime:0.000172s ]
NOTIC: [8192] preg_replace(): The /e modifier is deprecated, use preg_replace_callback instead F:\wwwroot\ThinkPHP\Lib\Core\Db.class.php 第 605 行.
SQL: SELECT `value` FROM `sj_t_sys_config` WHERE ( `name` = 'QQ_login_id' ) LIMIT 1   [ RunTime:0.000150s ]
NOTIC: [8192] preg_replace(): The /e modifier is deprecated, use preg_replace_callback instead F:\wwwroot\ThinkPHP\Lib\Core\Db.class.php 第 605 行.
SQL: SELECT `value` FROM `sj_t_sys_config` WHERE ( `name` = 'WeChat_login_id' ) LIMIT 1   [ RunTime:0.000134s ]
NOTIC: [8192] preg_replace(): The /e modifier is deprecated, use preg_replace_callback instead F:\wwwroot\ThinkPHP\Lib\Core\Db.class.php 第 605 行.
SQL: SELECT `value` FROM `sj_t_sys_config` WHERE ( `name` = 'WeChat_login_callback' ) LIMIT 1   [ RunTime:0.000126s ]
NOTIC: [8192] preg_replace(): The /e modifier is deprecated, use preg_replace_callback instead F:\wwwroot\ThinkPHP\Lib\Core\Db.class.php 第 605 行.
SQL: SELECT `value` FROM `sj_t_sys_config` WHERE ( `name` = 'Contact_phone' ) LIMIT 1   [ RunTime:0.000121s ]
NOTIC: [8192] preg_replace(): The /e modifier is deprecated, use preg_replace_callback instead F:\wwwroot\ThinkPHP\Lib\Core\Db.class.php 第 605 行.
SQL: SELECT `value` FROM `sj_t_sys_config` WHERE ( `name` = 'Contact_QQ' ) LIMIT 1   [ RunTime:0.000121s ]
NOTIC: [8192] preg_replace(): The /e modifier is deprecated, use preg_replace_callback instead F:\wwwroot\ThinkPHP\Lib\Core\Db.class.php 第 605 行.
SQL: SELECT `value` FROM `sj_t_sys_config` WHERE ( `name` = 'Contact_email' ) LIMIT 1   [ RunTime:0.000123s ]
NOTIC: [8192] preg_replace(): The /e modifier is deprecated, use preg_replace_callback instead F:\wwwroot\ThinkPHP\Lib\Core\Db.class.php 第 605 行.
SQL: SELECT `value` FROM `sj_t_sys_config` WHERE ( `name` = 'Work_address' ) LIMIT 1   [ RunTime:0.000119s ]
NOTIC: [8192] preg_replace(): The /e modifier is deprecated, use preg_replace_callback instead F:\wwwroot\ThinkPHP\Lib\Core\Db.class.php 第 605 行.
SQL: SELECT `value` FROM `sj_t_sys_config` WHERE ( `name` = 'Work_time' ) LIMIT 1   [ RunTime:0.000123s ]
NOTIC: [8192] preg_replace(): The /e modifier is deprecated, use preg_replace_callback instead F:\wwwroot\ThinkPHP\Lib\Core\Db.class.php 第 605 行.
SQL: SELECT `value` FROM `sj_t_sys_config` WHERE ( id=3 ) LIMIT 1   [ RunTime:0.000118s ]
NOTIC: [8192] preg_replace(): The /e modifier is deprecated, use preg_replace_callback instead F:\wwwroot\ThinkPHP\Lib\Core\Db.class.php 第 605 行.
SQL: SELECT `value` FROM `sj_t_sys_config` WHERE ( id=12 ) LIMIT 1   [ RunTime:0.000119s ]
NOTIC: [8192] preg_replace(): The /e modifier is deprecated, use preg_replace_callback instead F:\wwwroot\ThinkPHP\Lib\Core\Db.class.php 第 605 行.
SQL: SELECT `value` FROM `sj_t_sys_config` WHERE ( id=2 ) LIMIT 1   [ RunTime:0.000122s ]
NOTIC: [8192] preg_replace(): The /e modifier is deprecated, use preg_replace_callback instead F:\wwwroot\ThinkPHP\Lib\Core\Db.class.php 第 605 行.
SQL: SELECT `value` FROM `sj_t_sys_config` WHERE ( id=4 ) LIMIT 1   [ RunTime:0.000118s ]
NOTIC: [8192] preg_replace(): The /e modifier is deprecated, use preg_replace_callback instead F:\wwwroot\ThinkPHP\Lib\Core\Db.class.php 第 605 行.
SQL: SELECT `value` FROM `sj_t_sys_config` WHERE ( id=5 ) LIMIT 1   [ RunTime:0.000120s ]
NOTIC: [8192] preg_replace(): The /e modifier is deprecated, use preg_replace_callback instead F:\wwwroot\ThinkPHP\Lib\Core\Db.class.php 第 605 行.
SQL: SELECT `value` FROM `sj_t_sys_config` WHERE ( id=6 ) LIMIT 1   [ RunTime:0.000123s ]
NOTIC: [8192] preg_replace(): The /e modifier is deprecated, use preg_replace_callback instead F:\wwwroot\ThinkPHP\Lib\Core\Db.class.php 第 605 行.
SQL: SELECT `value` FROM `sj_t_sys_config` WHERE ( id=11 ) LIMIT 1   [ RunTime:0.000115s ]
NOTIC: [8192] preg_replace(): The /e modifier is deprecated, use preg_replace_callback instead F:\wwwroot\ThinkPHP\Lib\Core\Db.class.php 第 605 行.
SQL: SELECT `value` FROM `sj_t_sys_config` WHERE ( id=41 ) LIMIT 1   [ RunTime:0.000115s ]
NOTIC: [8192] preg_replace(): The /e modifier is deprecated, use preg_replace_callback instead F:\wwwroot\ThinkPHP\Lib\Core\Db.class.php 第 605 行.
SQL: SELECT `value` FROM `sj_t_sys_config` WHERE ( id=17 ) LIMIT 1   [ RunTime:0.000120s ]
NOTIC: [8192] preg_replace(): The /e modifier is deprecated, use preg_replace_callback instead F:\wwwroot\ThinkPHP\Lib\Core\Db.class.php 第 605 行.
SQL: SELECT `value` FROM `sj_t_sys_config` WHERE ( id=28 ) LIMIT 1   [ RunTime:0.000114s ]
NOTIC: [8192] preg_replace(): The /e modifier is deprecated, use preg_replace_callback instead F:\wwwroot\ThinkPHP\Lib\Core\Db.class.php 第 605 行.
SQL: SELECT `value` FROM `sj_t_sys_config` WHERE ( id=18 ) LIMIT 1   [ RunTime:0.000111s ]
NOTIC: [2048] Declaration of UserModel::save() should be compatible with Model::save($data = '', $options = Array) F:\wwwroot\Home\Lib\Model\UserModel.class.php 第 128 行.
SQL: SHOW COLUMNS FROM `sj_t_user` [ RunTime:0.004241s ]
NOTIC: [8192] preg_replace(): The /e modifier is deprecated, use preg_replace_callback instead F:\wwwroot\ThinkPHP\Lib\Core\Db.class.php 第 605 行.
SQL: SELECT * FROM `sj_t_user` WHERE ( `user_id` = null ) LIMIT 1   [ RunTime:0.000229s ]
NOTIC: [2048] Declaration of UserAccountModel::save() should be compatible with Model::save($data = '', $options = Array) F:\wwwroot\Home\Lib\Model\UserAccountModel.class.php 第 25 行.
SQL: SHOW COLUMNS FROM `sj_t_user_account` [ RunTime:0.003975s ]
NOTIC: [8192] preg_replace(): The /e modifier is deprecated, use preg_replace_callback instead F:\wwwroot\ThinkPHP\Lib\Core\Db.class.php 第 605 行.
SQL: SELECT * FROM `sj_t_user_account` WHERE ( `user_id` = null ) LIMIT 1   [ RunTime:0.000284s ]

[ 2021-05-14T17:33:45+08:00 ] 127.0.0.1 /index.php/Ajax/FavorJudge?fa_id=16&0.018301606344316323
INFO: [ app_begin ] --START--
INFO: ReadHtmlCache Behavior ::run [ RunTime:0.000734s ]
INFO: [ app_begin ] --END-- [ RunTime:0.000797s ]
NOTIC: [2048] Declaration of AjaxAction::show() should be compatible with Action::show($content, $charset = '', $contentType = '', $prefix = '') F:\wwwroot\Home\Lib\Action\AjaxAction.class.php 第 3 行.
NOTIC: [8192] mysql_connect(): The mysql extension is deprecated and will be removed in the future: use mysqli or PDO instead F:\wwwroot\ThinkPHP\Lib\Driver\Db\DbMysql.class.php 第 55 行.
SQL: SHOW COLUMNS FROM `sj_t_classify` [ RunTime:0.005583s ]
NOTIC: [8192] preg_replace(): The /e modifier is deprecated, use preg_replace_callback instead F:\wwwroot\ThinkPHP\Lib\Core\Db.class.php 第 605 行.
SQL: SELECT * FROM `sj_t_classify` WHERE ( `pid` = 1 )  [ RunTime:0.000326s ]
SQL: SHOW COLUMNS FROM `sj_t_sys_config` [ RunTime:0.004630s ]
NOTIC: [8192] preg_replace(): The /e modifier is deprecated, use preg_replace_callback instead F:\wwwroot\ThinkPHP\Lib\Core\Db.class.php 第 605 行.
SQL: SELECT `value` FROM `sj_t_sys_config` WHERE ( `name` = 'QQ_login_callback' ) LIMIT 1   [ RunTime:0.000244s ]
NOTIC: [8192] preg_replace(): The /e modifier is deprecated, use preg_replace_callback instead F:\wwwroot\ThinkPHP\Lib\Core\Db.class.php 第 605 行.
SQL: SELECT `value` FROM `sj_t_sys_config` WHERE ( `name` = 'QQ_login_id' ) LIMIT 1   [ RunTime:0.000191s ]
NOTIC: [8192] preg_replace(): The /e modifier is deprecated, use preg_replace_callback instead F:\wwwroot\ThinkPHP\Lib\Core\Db.class.php 第 605 行.
SQL: SELECT `value` FROM `sj_t_sys_config` WHERE ( `name` = 'WeChat_login_id' ) LIMIT 1   [ RunTime:0.000189s ]
NOTIC: [8192] preg_replace(): The /e modifier is deprecated, use preg_replace_callback instead F:\wwwroot\ThinkPHP\Lib\Core\Db.class.php 第 605 行.
SQL: SELECT `value` FROM `sj_t_sys_config` WHERE ( `name` = 'WeChat_login_callback' ) LIMIT 1   [ RunTime:0.000196s ]
NOTIC: [8192] preg_replace(): The /e modifier is deprecated, use preg_replace_callback instead F:\wwwroot\ThinkPHP\Lib\Core\Db.class.php 第 605 行.
SQL: SELECT `value` FROM `sj_t_sys_config` WHERE ( `name` = 'Contact_phone' ) LIMIT 1   [ RunTime:0.000183s ]
NOTIC: [8192] preg_replace(): The /e modifier is deprecated, use preg_replace_callback instead F:\wwwroot\ThinkPHP\Lib\Core\Db.class.php 第 605 行.
SQL: SELECT `value` FROM `sj_t_sys_config` WHERE ( `name` = 'Contact_QQ' ) LIMIT 1   [ RunTime:0.000184s ]
NOTIC: [8192] preg_replace(): The /e modifier is deprecated, use preg_replace_callback instead F:\wwwroot\ThinkPHP\Lib\Core\Db.class.php 第 605 行.
SQL: SELECT `value` FROM `sj_t_sys_config` WHERE ( `name` = 'Contact_email' ) LIMIT 1   [ RunTime:0.000191s ]
NOTIC: [8192] preg_replace(): The /e modifier is deprecated, use preg_replace_callback instead F:\wwwroot\ThinkPHP\Lib\Core\Db.class.php 第 605 行.
SQL: SELECT `value` FROM `sj_t_sys_config` WHERE ( `name` = 'Work_address' ) LIMIT 1   [ RunTime:0.000185s ]
NOTIC: [8192] preg_replace(): The /e modifier is deprecated, use preg_replace_callback instead F:\wwwroot\ThinkPHP\Lib\Core\Db.class.php 第 605 行.
SQL: SELECT `value` FROM `sj_t_sys_config` WHERE ( `name` = 'Work_time' ) LIMIT 1   [ RunTime:0.000189s ]
NOTIC: [8192] preg_replace(): The /e modifier is deprecated, use preg_replace_callback instead F:\wwwroot\ThinkPHP\Lib\Core\Db.class.php 第 605 行.
SQL: SELECT `value` FROM `sj_t_sys_config` WHERE ( id=3 ) LIMIT 1   [ RunTime:0.000180s ]
NOTIC: [8192] preg_replace(): The /e modifier is deprecated, use preg_replace_callback instead F:\wwwroot\ThinkPHP\Lib\Core\Db.class.php 第 605 行.
SQL: SELECT `value` FROM `sj_t_sys_config` WHERE ( id=12 ) LIMIT 1   [ RunTime:0.000207s ]
NOTIC: [8192] preg_replace(): The /e modifier is deprecated, use preg_replace_callback instead F:\wwwroot\ThinkPHP\Lib\Core\Db.class.php 第 605 行.
SQL: SELECT `value` FROM `sj_t_sys_config` WHERE ( id=2 ) LIMIT 1   [ RunTime:0.000194s ]
NOTIC: [8192] preg_replace(): The /e modifier is deprecated, use preg_replace_callback instead F:\wwwroot\ThinkPHP\Lib\Core\Db.class.php 第 605 行.
SQL: SELECT `value` FROM `sj_t_sys_config` WHERE ( id=4 ) LIMIT 1   [ RunTime:0.000181s ]
NOTIC: [8192] preg_replace(): The /e modifier is deprecated, use preg_replace_callback instead F:\wwwroot\ThinkPHP\Lib\Core\Db.class.php 第 605 行.
SQL: SELECT `value` FROM `sj_t_sys_config` WHERE ( id=5 ) LIMIT 1   [ RunTime:0.000186s ]
NOTIC: [8192] preg_replace(): The /e modifier is deprecated, use preg_replace_callback instead F:\wwwroot\ThinkPHP\Lib\Core\Db.class.php 第 605 行.
SQL: SELECT `value` FROM `sj_t_sys_config` WHERE ( id=6 ) LIMIT 1   [ RunTime:0.000216s ]
NOTIC: [8192] preg_replace(): The /e modifier is deprecated, use preg_replace_callback instead F:\wwwroot\ThinkPHP\Lib\Core\Db.class.php 第 605 行.
SQL: SELECT `value` FROM `sj_t_sys_config` WHERE ( id=11 ) LIMIT 1   [ RunTime:0.000186s ]
NOTIC: [8192] preg_replace(): The /e modifier is deprecated, use preg_replace_callback instead F:\wwwroot\ThinkPHP\Lib\Core\Db.class.php 第 605 行.
SQL: SELECT `value` FROM `sj_t_sys_config` WHERE ( id=41 ) LIMIT 1   [ RunTime:0.000180s ]
NOTIC: [8192] preg_replace(): The /e modifier is deprecated, use preg_replace_callback instead F:\wwwroot\ThinkPHP\Lib\Core\Db.class.php 第 605 行.
SQL: SELECT `value` FROM `sj_t_sys_config` WHERE ( id=17 ) LIMIT 1   [ RunTime:0.000185s ]
NOTIC: [8192] preg_replace(): The /e modifier is deprecated, use preg_replace_callback instead F:\wwwroot\ThinkPHP\Lib\Core\Db.class.php 第 605 行.
SQL: SELECT `value` FROM `sj_t_sys_config` WHERE ( id=28 ) LIMIT 1   [ RunTime:0.000170s ]
NOTIC: [8192] preg_replace(): The /e modifier is deprecated, use preg_replace_callback instead F:\wwwroot\ThinkPHP\Lib\Core\Db.class.php 第 605 行.
SQL: SELECT `value` FROM `sj_t_sys_config` WHERE ( id=18 ) LIMIT 1   [ RunTime:0.000157s ]
NOTIC: [8] Undefined index: user_id F:\wwwroot\Home\Lib\Action\AjaxAction.class.php 第 70 行.
SQL: SHOW COLUMNS FROM `sj_t_opus_favorite` [ RunTime:0.004741s ]
NOTIC: [8192] preg_replace(): The /e modifier is deprecated, use preg_replace_callback instead F:\wwwroot\ThinkPHP\Lib\Core\Db.class.php 第 605 行.
SQL: SELECT * FROM `sj_t_opus_favorite` WHERE ( `opus_id` = 16 ) AND ( `user_id` = null ) LIMIT 1   [ RunTime:0.000227s ]

[ 2021-05-14T17:33:47+08:00 ] 127.0.0.1 /index.php/public/getlogininfo
INFO: [ app_begin ] --START--
INFO: ReadHtmlCache Behavior ::run [ RunTime:0.001062s ]
INFO: [ app_begin ] --END-- [ RunTime:0.001144s ]
NOTIC: [2048] Declaration of PublicAction::show() should be compatible with Action::show($content, $charset = '', $contentType = '', $prefix = '') F:\wwwroot\Home\Lib\Action\PublicAction.class.php 第 4 行.
NOTIC: [8192] mysql_connect(): The mysql extension is deprecated and will be removed in the future: use mysqli or PDO instead F:\wwwroot\ThinkPHP\Lib\Driver\Db\DbMysql.class.php 第 55 行.
SQL: SHOW COLUMNS FROM `sj_t_classify` [ RunTime:0.010441s ]
NOTIC: [8192] preg_replace(): The /e modifier is deprecated, use preg_replace_callback instead F:\wwwroot\ThinkPHP\Lib\Core\Db.class.php 第 605 行.
SQL: SELECT * FROM `sj_t_classify` WHERE ( `pid` = 1 )  [ RunTime:0.000292s ]
SQL: SHOW COLUMNS FROM `sj_t_sys_config` [ RunTime:0.004184s ]
NOTIC: [8192] preg_replace(): The /e modifier is deprecated, use preg_replace_callback instead F:\wwwroot\ThinkPHP\Lib\Core\Db.class.php 第 605 行.
SQL: SELECT `value` FROM `sj_t_sys_config` WHERE ( `name` = 'QQ_login_callback' ) LIMIT 1   [ RunTime:0.000247s ]
NOTIC: [8192] preg_replace(): The /e modifier is deprecated, use preg_replace_callback instead F:\wwwroot\ThinkPHP\Lib\Core\Db.class.php 第 605 行.
SQL: SELECT `value` FROM `sj_t_sys_config` WHERE ( `name` = 'QQ_login_id' ) LIMIT 1   [ RunTime:0.000184s ]
NOTIC: [8192] preg_replace(): The /e modifier is deprecated, use preg_replace_callback instead F:\wwwroot\ThinkPHP\Lib\Core\Db.class.php 第 605 行.
SQL: SELECT `value` FROM `sj_t_sys_config` WHERE ( `name` = 'WeChat_login_id' ) LIMIT 1   [ RunTime:0.000233s ]
NOTIC: [8192] preg_replace(): The /e modifier is deprecated, use preg_replace_callback instead F:\wwwroot\ThinkPHP\Lib\Core\Db.class.php 第 605 行.
SQL: SELECT `value` FROM `sj_t_sys_config` WHERE ( `name` = 'WeChat_login_callback' ) LIMIT 1   [ RunTime:0.000195s ]
NOTIC: [8192] preg_replace(): The /e modifier is deprecated, use preg_replace_callback instead F:\wwwroot\ThinkPHP\Lib\Core\Db.class.php 第 605 行.
SQL: SELECT `value` FROM `sj_t_sys_config` WHERE ( `name` = 'Contact_phone' ) LIMIT 1   [ RunTime:0.000198s ]
NOTIC: [8192] preg_replace(): The /e modifier is deprecated, use preg_replace_callback instead F:\wwwroot\ThinkPHP\Lib\Core\Db.class.php 第 605 行.
SQL: SELECT `value` FROM `sj_t_sys_config` WHERE ( `name` = 'Contact_QQ' ) LIMIT 1   [ RunTime:0.000187s ]
NOTIC: [8192] preg_replace(): The /e modifier is deprecated, use preg_replace_callback instead F:\wwwroot\ThinkPHP\Lib\Core\Db.class.php 第 605 行.
SQL: SELECT `value` FROM `sj_t_sys_config` WHERE ( `name` = 'Contact_email' ) LIMIT 1   [ RunTime:0.000198s ]
NOTIC: [8192] preg_replace(): The /e modifier is deprecated, use preg_replace_callback instead F:\wwwroot\ThinkPHP\Lib\Core\Db.class.php 第 605 行.
SQL: SELECT `value` FROM `sj_t_sys_config` WHERE ( `name` = 'Work_address' ) LIMIT 1   [ RunTime:0.000232s ]
NOTIC: [8192] preg_replace(): The /e modifier is deprecated, use preg_replace_callback instead F:\wwwroot\ThinkPHP\Lib\Core\Db.class.php 第 605 行.
SQL: SELECT `value` FROM `sj_t_sys_config` WHERE ( `name` = 'Work_time' ) LIMIT 1   [ RunTime:0.000195s ]
NOTIC: [8192] preg_replace(): The /e modifier is deprecated, use preg_replace_callback instead F:\wwwroot\ThinkPHP\Lib\Core\Db.class.php 第 605 行.
SQL: SELECT `value` FROM `sj_t_sys_config` WHERE ( id=3 ) LIMIT 1   [ RunTime:0.000199s ]
NOTIC: [8192] preg_replace(): The /e modifier is deprecated, use preg_replace_callback instead F:\wwwroot\ThinkPHP\Lib\Core\Db.class.php 第 605 行.
SQL: SELECT `value` FROM `sj_t_sys_config` WHERE ( id=12 ) LIMIT 1   [ RunTime:0.000180s ]
NOTIC: [8192] preg_replace(): The /e modifier is deprecated, use preg_replace_callback instead F:\wwwroot\ThinkPHP\Lib\Core\Db.class.php 第 605 行.
SQL: SELECT `value` FROM `sj_t_sys_config` WHERE ( id=2 ) LIMIT 1   [ RunTime:0.000182s ]
NOTIC: [8192] preg_replace(): The /e modifier is deprecated, use preg_replace_callback instead F:\wwwroot\ThinkPHP\Lib\Core\Db.class.php 第 605 行.
SQL: SELECT `value` FROM `sj_t_sys_config` WHERE ( id=4 ) LIMIT 1   [ RunTime:0.000171s ]
NOTIC: [8192] preg_replace(): The /e modifier is deprecated, use preg_replace_callback instead F:\wwwroot\ThinkPHP\Lib\Core\Db.class.php 第 605 行.
SQL: SELECT `value` FROM `sj_t_sys_config` WHERE ( id=5 ) LIMIT 1   [ RunTime:0.000177s ]
NOTIC: [8192] preg_replace(): The /e modifier is deprecated, use preg_replace_callback instead F:\wwwroot\ThinkPHP\Lib\Core\Db.class.php 第 605 行.
SQL: SELECT `value` FROM `sj_t_sys_config` WHERE ( id=6 ) LIMIT 1   [ RunTime:0.000213s ]
NOTIC: [8192] preg_replace(): The /e modifier is deprecated, use preg_replace_callback instead F:\wwwroot\ThinkPHP\Lib\Core\Db.class.php 第 605 行.
SQL: SELECT `value` FROM `sj_t_sys_config` WHERE ( id=11 ) LIMIT 1   [ RunTime:0.000195s ]
NOTIC: [8192] preg_replace(): The /e modifier is deprecated, use preg_replace_callback instead F:\wwwroot\ThinkPHP\Lib\Core\Db.class.php 第 605 行.
SQL: SELECT `value` FROM `sj_t_sys_config` WHERE ( id=41 ) LIMIT 1   [ RunTime:0.000228s ]
NOTIC: [8192] preg_replace(): The /e modifier is deprecated, use preg_replace_callback instead F:\wwwroot\ThinkPHP\Lib\Core\Db.class.php 第 605 行.
SQL: SELECT `value` FROM `sj_t_sys_config` WHERE ( id=17 ) LIMIT 1   [ RunTime:0.000248s ]
NOTIC: [8192] preg_replace(): The /e modifier is deprecated, use preg_replace_callback instead F:\wwwroot\ThinkPHP\Lib\Core\Db.class.php 第 605 行.
SQL: SELECT `value` FROM `sj_t_sys_config` WHERE ( id=28 ) LIMIT 1   [ RunTime:0.000213s ]
NOTIC: [8192] preg_replace(): The /e modifier is deprecated, use preg_replace_callback instead F:\wwwroot\ThinkPHP\Lib\Core\Db.class.php 第 605 行.
SQL: SELECT `value` FROM `sj_t_sys_config` WHERE ( id=18 ) LIMIT 1   [ RunTime:0.000249s ]
NOTIC: [2048] Declaration of UserModel::save() should be compatible with Model::save($data = '', $options = Array) F:\wwwroot\Home\Lib\Model\UserModel.class.php 第 128 行.
SQL: SHOW COLUMNS FROM `sj_t_user` [ RunTime:0.004696s ]
NOTIC: [8192] preg_replace(): The /e modifier is deprecated, use preg_replace_callback instead F:\wwwroot\ThinkPHP\Lib\Core\Db.class.php 第 605 行.
SQL: SELECT * FROM `sj_t_user` WHERE ( `user_id` = null ) LIMIT 1   [ RunTime:0.000297s ]
NOTIC: [2048] Declaration of UserAccountModel::save() should be compatible with Model::save($data = '', $options = Array) F:\wwwroot\Home\Lib\Model\UserAccountModel.class.php 第 25 行.
SQL: SHOW COLUMNS FROM `sj_t_user_account` [ RunTime:0.004350s ]
NOTIC: [8192] preg_replace(): The /e modifier is deprecated, use preg_replace_callback instead F:\wwwroot\ThinkPHP\Lib\Core\Db.class.php 第 605 行.
SQL: SELECT * FROM `sj_t_user_account` WHERE ( `user_id` = null ) LIMIT 1   [ RunTime:0.000399s ]

[ 2021-05-14T17:33:49+08:00 ] 127.0.0.1 /index.php/Ajax/FocusJudge?seller_id=&0.32762967808268106
INFO: [ app_begin ] --START--
INFO: ReadHtmlCache Behavior ::run [ RunTime:0.000872s ]
INFO: [ app_begin ] --END-- [ RunTime:0.000955s ]
NOTIC: [2048] Declaration of AjaxAction::show() should be compatible with Action::show($content, $charset = '', $contentType = '', $prefix = '') F:\wwwroot\Home\Lib\Action\AjaxAction.class.php 第 3 行.
NOTIC: [8192] mysql_connect(): The mysql extension is deprecated and will be removed in the future: use mysqli or PDO instead F:\wwwroot\ThinkPHP\Lib\Driver\Db\DbMysql.class.php 第 55 行.
SQL: SHOW COLUMNS FROM `sj_t_classify` [ RunTime:0.011175s ]
NOTIC: [8192] preg_replace(): The /e modifier is deprecated, use preg_replace_callback instead F:\wwwroot\ThinkPHP\Lib\Core\Db.class.php 第 605 行.
SQL: SELECT * FROM `sj_t_classify` WHERE ( `pid` = 1 )  [ RunTime:0.000327s ]
SQL: SHOW COLUMNS FROM `sj_t_sys_config` [ RunTime:0.005341s ]
NOTIC: [8192] preg_replace(): The /e modifier is deprecated, use preg_replace_callback instead F:\wwwroot\ThinkPHP\Lib\Core\Db.class.php 第 605 行.
SQL: SELECT `value` FROM `sj_t_sys_config` WHERE ( `name` = 'QQ_login_callback' ) LIMIT 1   [ RunTime:0.000261s ]
NOTIC: [8192] preg_replace(): The /e modifier is deprecated, use preg_replace_callback instead F:\wwwroot\ThinkPHP\Lib\Core\Db.class.php 第 605 行.
SQL: SELECT `value` FROM `sj_t_sys_config` WHERE ( `name` = 'QQ_login_id' ) LIMIT 1   [ RunTime:0.000250s ]
NOTIC: [8192] preg_replace(): The /e modifier is deprecated, use preg_replace_callback instead F:\wwwroot\ThinkPHP\Lib\Core\Db.class.php 第 605 行.
SQL: SELECT `value` FROM `sj_t_sys_config` WHERE ( `name` = 'WeChat_login_id' ) LIMIT 1   [ RunTime:0.000226s ]
NOTIC: [8192] preg_replace(): The /e modifier is deprecated, use preg_replace_callback instead F:\wwwroot\ThinkPHP\Lib\Core\Db.class.php 第 605 行.
SQL: SELECT `value` FROM `sj_t_sys_config` WHERE ( `name` = 'WeChat_login_callback' ) LIMIT 1   [ RunTime:0.000209s ]
NOTIC: [8192] preg_replace(): The /e modifier is deprecated, use preg_replace_callback instead F:\wwwroot\ThinkPHP\Lib\Core\Db.class.php 第 605 行.
SQL: SELECT `value` FROM `sj_t_sys_config` WHERE ( `name` = 'Contact_phone' ) LIMIT 1   [ RunTime:0.000201s ]
NOTIC: [8192] preg_replace(): The /e modifier is deprecated, use preg_replace_callback instead F:\wwwroot\ThinkPHP\Lib\Core\Db.class.php 第 605 行.
SQL: SELECT `value` FROM `sj_t_sys_config` WHERE ( `name` = 'Contact_QQ' ) LIMIT 1   [ RunTime:0.000212s ]
NOTIC: [8192] preg_replace(): The /e modifier is deprecated, use preg_replace_callback instead F:\wwwroot\ThinkPHP\Lib\Core\Db.class.php 第 605 行.
SQL: SELECT `value` FROM `sj_t_sys_config` WHERE ( `name` = 'Contact_email' ) LIMIT 1   [ RunTime:0.000222s ]
NOTIC: [8192] preg_replace(): The /e modifier is deprecated, use preg_replace_callback instead F:\wwwroot\ThinkPHP\Lib\Core\Db.class.php 第 605 行.
SQL: SELECT `value` FROM `sj_t_sys_config` WHERE ( `name` = 'Work_address' ) LIMIT 1   [ RunTime:0.000209s ]
NOTIC: [8192] preg_replace(): The /e modifier is deprecated, use preg_replace_callback instead F:\wwwroot\ThinkPHP\Lib\Core\Db.class.php 第 605 行.
SQL: SELECT `value` FROM `sj_t_sys_config` WHERE ( `name` = 'Work_time' ) LIMIT 1   [ RunTime:0.000211s ]
NOTIC: [8192] preg_replace(): The /e modifier is deprecated, use preg_replace_callback instead F:\wwwroot\ThinkPHP\Lib\Core\Db.class.php 第 605 行.
SQL: SELECT `value` FROM `sj_t_sys_config` WHERE ( id=3 ) LIMIT 1   [ RunTime:0.000174s ]
NOTIC: [8192] preg_replace(): The /e modifier is deprecated, use preg_replace_callback instead F:\wwwroot\ThinkPHP\Lib\Core\Db.class.php 第 605 行.
SQL: SELECT `value` FROM `sj_t_sys_config` WHERE ( id=12 ) LIMIT 1   [ RunTime:0.000202s ]
NOTIC: [8192] preg_replace(): The /e modifier is deprecated, use preg_replace_callback instead F:\wwwroot\ThinkPHP\Lib\Core\Db.class.php 第 605 行.
SQL: SELECT `value` FROM `sj_t_sys_config` WHERE ( id=2 ) LIMIT 1   [ RunTime:0.000210s ]
NOTIC: [8192] preg_replace(): The /e modifier is deprecated, use preg_replace_callback instead F:\wwwroot\ThinkPHP\Lib\Core\Db.class.php 第 605 行.
SQL: SELECT `value` FROM `sj_t_sys_config` WHERE ( id=4 ) LIMIT 1   [ RunTime:0.000173s ]
NOTIC: [8192] preg_replace(): The /e modifier is deprecated, use preg_replace_callback instead F:\wwwroot\ThinkPHP\Lib\Core\Db.class.php 第 605 行.
SQL: SELECT `value` FROM `sj_t_sys_config` WHERE ( id=5 ) LIMIT 1   [ RunTime:0.000215s ]
NOTIC: [8192] preg_replace(): The /e modifier is deprecated, use preg_replace_callback instead F:\wwwroot\ThinkPHP\Lib\Core\Db.class.php 第 605 行.
SQL: SELECT `value` FROM `sj_t_sys_config` WHERE ( id=6 ) LIMIT 1   [ RunTime:0.000205s ]
NOTIC: [8192] preg_replace(): The /e modifier is deprecated, use preg_replace_callback instead F:\wwwroot\ThinkPHP\Lib\Core\Db.class.php 第 605 行.
SQL: SELECT `value` FROM `sj_t_sys_config` WHERE ( id=11 ) LIMIT 1   [ RunTime:0.000171s ]
NOTIC: [8192] preg_replace(): The /e modifier is deprecated, use preg_replace_callback instead F:\wwwroot\ThinkPHP\Lib\Core\Db.class.php 第 605 行.
SQL: SELECT `value` FROM `sj_t_sys_config` WHERE ( id=41 ) LIMIT 1   [ RunTime:0.000176s ]
NOTIC: [8192] preg_replace(): The /e modifier is deprecated, use preg_replace_callback instead F:\wwwroot\ThinkPHP\Lib\Core\Db.class.php 第 605 行.
SQL: SELECT `value` FROM `sj_t_sys_config` WHERE ( id=17 ) LIMIT 1   [ RunTime:0.000185s ]
NOTIC: [8192] preg_replace(): The /e modifier is deprecated, use preg_replace_callback instead F:\wwwroot\ThinkPHP\Lib\Core\Db.class.php 第 605 行.
SQL: SELECT `value` FROM `sj_t_sys_config` WHERE ( id=28 ) LIMIT 1   [ RunTime:0.000181s ]
NOTIC: [8192] preg_replace(): The /e modifier is deprecated, use preg_replace_callback instead F:\wwwroot\ThinkPHP\Lib\Core\Db.class.php 第 605 行.
SQL: SELECT `value` FROM `sj_t_sys_config` WHERE ( id=18 ) LIMIT 1   [ RunTime:0.000179s ]
NOTIC: [8] Undefined index: user_id F:\wwwroot\Home\Lib\Action\AjaxAction.class.php 第 133 行.
NOTIC: [2048] Declaration of UserFocusModel::add() should be compatible with Model::add($data = '', $options = Array, $replace = false) F:\wwwroot\Home\Lib\Model\UserFocusModel.class.php 第 75 行.
NOTIC: [2048] Declaration of UserFocusModel::delete() should be compatible with Model::delete($options = Array) F:\wwwroot\Home\Lib\Model\UserFocusModel.class.php 第 75 行.
SQL: SHOW COLUMNS FROM `sj_t_user_focus` [ RunTime:0.004543s ]
NOTIC: [8192] preg_replace(): The /e modifier is deprecated, use preg_replace_callback instead F:\wwwroot\ThinkPHP\Lib\Core\Db.class.php 第 605 行.
SQL: SELECT * FROM `sj_t_user_focus` WHERE ( `befocus_id` = 0 ) AND ( `user_id` = null ) LIMIT 1   [ RunTime:0.000295s ]

[ 2021-05-14T17:34:08+08:00 ] 127.0.0.1 /index.php/Ajax/Focus?seller_id=1&0.3001944968432142
INFO: [ app_begin ] --START--
INFO: ReadHtmlCache Behavior ::run [ RunTime:0.000658s ]
INFO: [ app_begin ] --END-- [ RunTime:0.000718s ]
NOTIC: [2048] Declaration of AjaxAction::show() should be compatible with Action::show($content, $charset = '', $contentType = '', $prefix = '') F:\wwwroot\Home\Lib\Action\AjaxAction.class.php 第 3 行.
NOTIC: [8192] mysql_connect(): The mysql extension is deprecated and will be removed in the future: use mysqli or PDO instead F:\wwwroot\ThinkPHP\Lib\Driver\Db\DbMysql.class.php 第 55 行.
SQL: SHOW COLUMNS FROM `sj_t_classify` [ RunTime:0.010722s ]
NOTIC: [8192] preg_replace(): The /e modifier is deprecated, use preg_replace_callback instead F:\wwwroot\ThinkPHP\Lib\Core\Db.class.php 第 605 行.
SQL: SELECT * FROM `sj_t_classify` WHERE ( `pid` = 1 )  [ RunTime:0.000420s ]
SQL: SHOW COLUMNS FROM `sj_t_sys_config` [ RunTime:0.005181s ]
NOTIC: [8192] preg_replace(): The /e modifier is deprecated, use preg_replace_callback instead F:\wwwroot\ThinkPHP\Lib\Core\Db.class.php 第 605 行.
SQL: SELECT `value` FROM `sj_t_sys_config` WHERE ( `name` = 'QQ_login_callback' ) LIMIT 1   [ RunTime:0.000278s ]
NOTIC: [8192] preg_replace(): The /e modifier is deprecated, use preg_replace_callback instead F:\wwwroot\ThinkPHP\Lib\Core\Db.class.php 第 605 行.
SQL: SELECT `value` FROM `sj_t_sys_config` WHERE ( `name` = 'QQ_login_id' ) LIMIT 1   [ RunTime:0.000189s ]
NOTIC: [8192] preg_replace(): The /e modifier is deprecated, use preg_replace_callback instead F:\wwwroot\ThinkPHP\Lib\Core\Db.class.php 第 605 行.
SQL: SELECT `value` FROM `sj_t_sys_config` WHERE ( `name` = 'WeChat_login_id' ) LIMIT 1   [ RunTime:0.000186s ]
NOTIC: [8192] preg_replace(): The /e modifier is deprecated, use preg_replace_callback instead F:\wwwroot\ThinkPHP\Lib\Core\Db.class.php 第 605 行.
SQL: SELECT `value` FROM `sj_t_sys_config` WHERE ( `name` = 'WeChat_login_callback' ) LIMIT 1   [ RunTime:0.000218s ]
NOTIC: [8192] preg_replace(): The /e modifier is deprecated, use preg_replace_callback instead F:\wwwroot\ThinkPHP\Lib\Core\Db.class.php 第 605 行.
SQL: SELECT `value` FROM `sj_t_sys_config` WHERE ( `name` = 'Contact_phone' ) LIMIT 1   [ RunTime:0.000186s ]
NOTIC: [8192] preg_replace(): The /e modifier is deprecated, use preg_replace_callback instead F:\wwwroot\ThinkPHP\Lib\Core\Db.class.php 第 605 行.
SQL: SELECT `value` FROM `sj_t_sys_config` WHERE ( `name` = 'Contact_QQ' ) LIMIT 1   [ RunTime:0.000187s ]
NOTIC: [8192] preg_replace(): The /e modifier is deprecated, use preg_replace_callback instead F:\wwwroot\ThinkPHP\Lib\Core\Db.class.php 第 605 行.
SQL: SELECT `value` FROM `sj_t_sys_config` WHERE ( `name` = 'Contact_email' ) LIMIT 1   [ RunTime:0.000188s ]
NOTIC: [8192] preg_replace(): The /e modifier is deprecated, use preg_replace_callback instead F:\wwwroot\ThinkPHP\Lib\Core\Db.class.php 第 605 行.
SQL: SELECT `value` FROM `sj_t_sys_config` WHERE ( `name` = 'Work_address' ) LIMIT 1   [ RunTime:0.000187s ]
NOTIC: [8192] preg_replace(): The /e modifier is deprecated, use preg_replace_callback instead F:\wwwroot\ThinkPHP\Lib\Core\Db.class.php 第 605 行.
SQL: SELECT `value` FROM `sj_t_sys_config` WHERE ( `name` = 'Work_time' ) LIMIT 1   [ RunTime:0.000186s ]
NOTIC: [8192] preg_replace(): The /e modifier is deprecated, use preg_replace_callback instead F:\wwwroot\ThinkPHP\Lib\Core\Db.class.php 第 605 行.
SQL: SELECT `value` FROM `sj_t_sys_config` WHERE ( id=3 ) LIMIT 1   [ RunTime:0.000184s ]
NOTIC: [8192] preg_replace(): The /e modifier is deprecated, use preg_replace_callback instead F:\wwwroot\ThinkPHP\Lib\Core\Db.class.php 第 605 行.
SQL: SELECT `value` FROM `sj_t_sys_config` WHERE ( id=12 ) LIMIT 1   [ RunTime:0.000235s ]
NOTIC: [8192] preg_replace(): The /e modifier is deprecated, use preg_replace_callback instead F:\wwwroot\ThinkPHP\Lib\Core\Db.class.php 第 605 行.
SQL: SELECT `value` FROM `sj_t_sys_config` WHERE ( id=2 ) LIMIT 1   [ RunTime:0.000278s ]
NOTIC: [8192] preg_replace(): The /e modifier is deprecated, use preg_replace_callback instead F:\wwwroot\ThinkPHP\Lib\Core\Db.class.php 第 605 行.
SQL: SELECT `value` FROM `sj_t_sys_config` WHERE ( id=4 ) LIMIT 1   [ RunTime:0.000283s ]
NOTIC: [8192] preg_replace(): The /e modifier is deprecated, use preg_replace_callback instead F:\wwwroot\ThinkPHP\Lib\Core\Db.class.php 第 605 行.
SQL: SELECT `value` FROM `sj_t_sys_config` WHERE ( id=5 ) LIMIT 1   [ RunTime:0.000189s ]
NOTIC: [8192] preg_replace(): The /e modifier is deprecated, use preg_replace_callback instead F:\wwwroot\ThinkPHP\Lib\Core\Db.class.php 第 605 行.
SQL: SELECT `value` FROM `sj_t_sys_config` WHERE ( id=6 ) LIMIT 1   [ RunTime:0.000187s ]
NOTIC: [8192] preg_replace(): The /e modifier is deprecated, use preg_replace_callback instead F:\wwwroot\ThinkPHP\Lib\Core\Db.class.php 第 605 行.
SQL: SELECT `value` FROM `sj_t_sys_config` WHERE ( id=11 ) LIMIT 1   [ RunTime:0.000181s ]
NOTIC: [8192] preg_replace(): The /e modifier is deprecated, use preg_replace_callback instead F:\wwwroot\ThinkPHP\Lib\Core\Db.class.php 第 605 行.
SQL: SELECT `value` FROM `sj_t_sys_config` WHERE ( id=41 ) LIMIT 1   [ RunTime:0.000230s ]
NOTIC: [8192] preg_replace(): The /e modifier is deprecated, use preg_replace_callback instead F:\wwwroot\ThinkPHP\Lib\Core\Db.class.php 第 605 行.
SQL: SELECT `value` FROM `sj_t_sys_config` WHERE ( id=17 ) LIMIT 1   [ RunTime:0.000189s ]
NOTIC: [8192] preg_replace(): The /e modifier is deprecated, use preg_replace_callback instead F:\wwwroot\ThinkPHP\Lib\Core\Db.class.php 第 605 行.
SQL: SELECT `value` FROM `sj_t_sys_config` WHERE ( id=28 ) LIMIT 1   [ RunTime:0.000183s ]
NOTIC: [8192] preg_replace(): The /e modifier is deprecated, use preg_replace_callback instead F:\wwwroot\ThinkPHP\Lib\Core\Db.class.php 第 605 行.
SQL: SELECT `value` FROM `sj_t_sys_config` WHERE ( id=18 ) LIMIT 1   [ RunTime:0.000177s ]

[ 2021-05-14T17:34:17+08:00 ] 127.0.0.1 /index.php/Ajax/Favor?fa_id=16&0.17333559167037382&seller_id=1
INFO: [ app_begin ] --START--
INFO: ReadHtmlCache Behavior ::run [ RunTime:0.000488s ]
INFO: [ app_begin ] --END-- [ RunTime:0.000529s ]
NOTIC: [2048] Declaration of AjaxAction::show() should be compatible with Action::show($content, $charset = '', $contentType = '', $prefix = '') F:\wwwroot\Home\Lib\Action\AjaxAction.class.php 第 3 行.
NOTIC: [8192] mysql_connect(): The mysql extension is deprecated and will be removed in the future: use mysqli or PDO instead F:\wwwroot\ThinkPHP\Lib\Driver\Db\DbMysql.class.php 第 55 行.
SQL: SHOW COLUMNS FROM `sj_t_classify` [ RunTime:0.011236s ]
NOTIC: [8192] preg_replace(): The /e modifier is deprecated, use preg_replace_callback instead F:\wwwroot\ThinkPHP\Lib\Core\Db.class.php 第 605 行.
SQL: SELECT * FROM `sj_t_classify` WHERE ( `pid` = 1 )  [ RunTime:0.000337s ]
SQL: SHOW COLUMNS FROM `sj_t_sys_config` [ RunTime:0.005668s ]
NOTIC: [8192] preg_replace(): The /e modifier is deprecated, use preg_replace_callback instead F:\wwwroot\ThinkPHP\Lib\Core\Db.class.php 第 605 行.
SQL: SELECT `value` FROM `sj_t_sys_config` WHERE ( `name` = 'QQ_login_callback' ) LIMIT 1   [ RunTime:0.000307s ]
NOTIC: [8192] preg_replace(): The /e modifier is deprecated, use preg_replace_callback instead F:\wwwroot\ThinkPHP\Lib\Core\Db.class.php 第 605 行.
SQL: SELECT `value` FROM `sj_t_sys_config` WHERE ( `name` = 'QQ_login_id' ) LIMIT 1   [ RunTime:0.000241s ]
NOTIC: [8192] preg_replace(): The /e modifier is deprecated, use preg_replace_callback instead F:\wwwroot\ThinkPHP\Lib\Core\Db.class.php 第 605 行.
SQL: SELECT `value` FROM `sj_t_sys_config` WHERE ( `name` = 'WeChat_login_id' ) LIMIT 1   [ RunTime:0.000254s ]
NOTIC: [8192] preg_replace(): The /e modifier is deprecated, use preg_replace_callback instead F:\wwwroot\ThinkPHP\Lib\Core\Db.class.php 第 605 行.
SQL: SELECT `value` FROM `sj_t_sys_config` WHERE ( `name` = 'WeChat_login_callback' ) LIMIT 1   [ RunTime:0.000246s ]
NOTIC: [8192] preg_replace(): The /e modifier is deprecated, use preg_replace_callback instead F:\wwwroot\ThinkPHP\Lib\Core\Db.class.php 第 605 行.
SQL: SELECT `value` FROM `sj_t_sys_config` WHERE ( `name` = 'Contact_phone' ) LIMIT 1   [ RunTime:0.000240s ]
NOTIC: [8192] preg_replace(): The /e modifier is deprecated, use preg_replace_callback instead F:\wwwroot\ThinkPHP\Lib\Core\Db.class.php 第 605 行.
SQL: SELECT `value` FROM `sj_t_sys_config` WHERE ( `name` = 'Contact_QQ' ) LIMIT 1   [ RunTime:0.000239s ]
NOTIC: [8192] preg_replace(): The /e modifier is deprecated, use preg_replace_callback instead F:\wwwroot\ThinkPHP\Lib\Core\Db.class.php 第 605 行.
SQL: SELECT `value` FROM `sj_t_sys_config` WHERE ( `name` = 'Contact_email' ) LIMIT 1   [ RunTime:0.000248s ]
NOTIC: [8192] preg_replace(): The /e modifier is deprecated, use preg_replace_callback instead F:\wwwroot\ThinkPHP\Lib\Core\Db.class.php 第 605 行.
SQL: SELECT `value` FROM `sj_t_sys_config` WHERE ( `name` = 'Work_address' ) LIMIT 1   [ RunTime:0.000242s ]
NOTIC: [8192] preg_replace(): The /e modifier is deprecated, use preg_replace_callback instead F:\wwwroot\ThinkPHP\Lib\Core\Db.class.php 第 605 行.
SQL: SELECT `value` FROM `sj_t_sys_config` WHERE ( `name` = 'Work_time' ) LIMIT 1   [ RunTime:0.000243s ]
NOTIC: [8192] preg_replace(): The /e modifier is deprecated, use preg_replace_callback instead F:\wwwroot\ThinkPHP\Lib\Core\Db.class.php 第 605 行.
SQL: SELECT `value` FROM `sj_t_sys_config` WHERE ( id=3 ) LIMIT 1   [ RunTime:0.000233s ]
NOTIC: [8192] preg_replace(): The /e modifier is deprecated, use preg_replace_callback instead F:\wwwroot\ThinkPHP\Lib\Core\Db.class.php 第 605 行.
SQL: SELECT `value` FROM `sj_t_sys_config` WHERE ( id=12 ) LIMIT 1   [ RunTime:0.000237s ]
NOTIC: [8192] preg_replace(): The /e modifier is deprecated, use preg_replace_callback instead F:\wwwroot\ThinkPHP\Lib\Core\Db.class.php 第 605 行.
SQL: SELECT `value` FROM `sj_t_sys_config` WHERE ( id=2 ) LIMIT 1   [ RunTime:0.000245s ]
NOTIC: [8192] preg_replace(): The /e modifier is deprecated, use preg_replace_callback instead F:\wwwroot\ThinkPHP\Lib\Core\Db.class.php 第 605 行.
SQL: SELECT `value` FROM `sj_t_sys_config` WHERE ( id=4 ) LIMIT 1   [ RunTime:0.000233s ]
NOTIC: [8192] preg_replace(): The /e modifier is deprecated, use preg_replace_callback instead F:\wwwroot\ThinkPHP\Lib\Core\Db.class.php 第 605 行.
SQL: SELECT `value` FROM `sj_t_sys_config` WHERE ( id=5 ) LIMIT 1   [ RunTime:0.000243s ]
NOTIC: [8192] preg_replace(): The /e modifier is deprecated, use preg_replace_callback instead F:\wwwroot\ThinkPHP\Lib\Core\Db.class.php 第 605 行.
SQL: SELECT `value` FROM `sj_t_sys_config` WHERE ( id=6 ) LIMIT 1   [ RunTime:0.000218s ]
NOTIC: [8192] preg_replace(): The /e modifier is deprecated, use preg_replace_callback instead F:\wwwroot\ThinkPHP\Lib\Core\Db.class.php 第 605 行.
SQL: SELECT `value` FROM `sj_t_sys_config` WHERE ( id=11 ) LIMIT 1   [ RunTime:0.000184s ]
NOTIC: [8192] preg_replace(): The /e modifier is deprecated, use preg_replace_callback instead F:\wwwroot\ThinkPHP\Lib\Core\Db.class.php 第 605 行.
SQL: SELECT `value` FROM `sj_t_sys_config` WHERE ( id=41 ) LIMIT 1   [ RunTime:0.000177s ]
NOTIC: [8192] preg_replace(): The /e modifier is deprecated, use preg_replace_callback instead F:\wwwroot\ThinkPHP\Lib\Core\Db.class.php 第 605 行.
SQL: SELECT `value` FROM `sj_t_sys_config` WHERE ( id=17 ) LIMIT 1   [ RunTime:0.000180s ]
NOTIC: [8192] preg_replace(): The /e modifier is deprecated, use preg_replace_callback instead F:\wwwroot\ThinkPHP\Lib\Core\Db.class.php 第 605 行.
SQL: SELECT `value` FROM `sj_t_sys_config` WHERE ( id=28 ) LIMIT 1   [ RunTime:0.000176s ]
NOTIC: [8192] preg_replace(): The /e modifier is deprecated, use preg_replace_callback instead F:\wwwroot\ThinkPHP\Lib\Core\Db.class.php 第 605 行.
SQL: SELECT `value` FROM `sj_t_sys_config` WHERE ( id=18 ) LIMIT 1   [ RunTime:0.000172s ]

[ 2021-05-14T17:34:32+08:00 ] 127.0.0.1 /index.php/Ajax/FavorJudge?fa_id=16&0.14099299118071862
INFO: [ app_begin ] --START--
INFO: ReadHtmlCache Behavior ::run [ RunTime:0.000633s ]
INFO: [ app_begin ] --END-- [ RunTime:0.000699s ]
NOTIC: [2048] Declaration of AjaxAction::show() should be compatible with Action::show($content, $charset = '', $contentType = '', $prefix = '') F:\wwwroot\Home\Lib\Action\AjaxAction.class.php 第 3 行.
NOTIC: [8192] mysql_connect(): The mysql extension is deprecated and will be removed in the future: use mysqli or PDO instead F:\wwwroot\ThinkPHP\Lib\Driver\Db\DbMysql.class.php 第 55 行.
SQL: SHOW COLUMNS FROM `sj_t_classify` [ RunTime:0.005024s ]
NOTIC: [8192] preg_replace(): The /e modifier is deprecated, use preg_replace_callback instead F:\wwwroot\ThinkPHP\Lib\Core\Db.class.php 第 605 行.
SQL: SELECT * FROM `sj_t_classify` WHERE ( `pid` = 1 )  [ RunTime:0.000333s ]
SQL: SHOW COLUMNS FROM `sj_t_sys_config` [ RunTime:0.004994s ]
NOTIC: [8192] preg_replace(): The /e modifier is deprecated, use preg_replace_callback instead F:\wwwroot\ThinkPHP\Lib\Core\Db.class.php 第 605 行.
SQL: SELECT `value` FROM `sj_t_sys_config` WHERE ( `name` = 'QQ_login_callback' ) LIMIT 1   [ RunTime:0.000296s ]
NOTIC: [8192] preg_replace(): The /e modifier is deprecated, use preg_replace_callback instead F:\wwwroot\ThinkPHP\Lib\Core\Db.class.php 第 605 行.
SQL: SELECT `value` FROM `sj_t_sys_config` WHERE ( `name` = 'QQ_login_id' ) LIMIT 1   [ RunTime:0.000239s ]
NOTIC: [8192] preg_replace(): The /e modifier is deprecated, use preg_replace_callback instead F:\wwwroot\ThinkPHP\Lib\Core\Db.class.php 第 605 行.
SQL: SELECT `value` FROM `sj_t_sys_config` WHERE ( `name` = 'WeChat_login_id' ) LIMIT 1   [ RunTime:0.000241s ]
NOTIC: [8192] preg_replace(): The /e modifier is deprecated, use preg_replace_callback instead F:\wwwroot\ThinkPHP\Lib\Core\Db.class.php 第 605 行.
SQL: SELECT `value` FROM `sj_t_sys_config` WHERE ( `name` = 'WeChat_login_callback' ) LIMIT 1   [ RunTime:0.000238s ]
NOTIC: [8192] preg_replace(): The /e modifier is deprecated, use preg_replace_callback instead F:\wwwroot\ThinkPHP\Lib\Core\Db.class.php 第 605 行.
SQL: SELECT `value` FROM `sj_t_sys_config` WHERE ( `name` = 'Contact_phone' ) LIMIT 1   [ RunTime:0.000241s ]
NOTIC: [8192] preg_replace(): The /e modifier is deprecated, use preg_replace_callback instead F:\wwwroot\ThinkPHP\Lib\Core\Db.class.php 第 605 行.
SQL: SELECT `value` FROM `sj_t_sys_config` WHERE ( `name` = 'Contact_QQ' ) LIMIT 1   [ RunTime:0.000246s ]
NOTIC: [8192] preg_replace(): The /e modifier is deprecated, use preg_replace_callback instead F:\wwwroot\ThinkPHP\Lib\Core\Db.class.php 第 605 行.
SQL: SELECT `value` FROM `sj_t_sys_config` WHERE ( `name` = 'Contact_email' ) LIMIT 1   [ RunTime:0.000241s ]
NOTIC: [8192] preg_replace(): The /e modifier is deprecated, use preg_replace_callback instead F:\wwwroot\ThinkPHP\Lib\Core\Db.class.php 第 605 行.
SQL: SELECT `value` FROM `sj_t_sys_config` WHERE ( `name` = 'Work_address' ) LIMIT 1   [ RunTime:0.000222s ]
NOTIC: [8192] preg_replace(): The /e modifier is deprecated, use preg_replace_callback instead F:\wwwroot\ThinkPHP\Lib\Core\Db.class.php 第 605 行.
SQL: SELECT `value` FROM `sj_t_sys_config` WHERE ( `name` = 'Work_time' ) LIMIT 1   [ RunTime:0.000249s ]
NOTIC: [8192] preg_replace(): The /e modifier is deprecated, use preg_replace_callback instead F:\wwwroot\ThinkPHP\Lib\Core\Db.class.php 第 605 行.
SQL: SELECT `value` FROM `sj_t_sys_config` WHERE ( id=3 ) LIMIT 1   [ RunTime:0.000259s ]
NOTIC: [8192] preg_replace(): The /e modifier is deprecated, use preg_replace_callback instead F:\wwwroot\ThinkPHP\Lib\Core\Db.class.php 第 605 行.
SQL: SELECT `value` FROM `sj_t_sys_config` WHERE ( id=12 ) LIMIT 1   [ RunTime:0.000206s ]
NOTIC: [8192] preg_replace(): The /e modifier is deprecated, use preg_replace_callback instead F:\wwwroot\ThinkPHP\Lib\Core\Db.class.php 第 605 行.
SQL: SELECT `value` FROM `sj_t_sys_config` WHERE ( id=2 ) LIMIT 1   [ RunTime:0.000226s ]
NOTIC: [8192] preg_replace(): The /e modifier is deprecated, use preg_replace_callback instead F:\wwwroot\ThinkPHP\Lib\Core\Db.class.php 第 605 行.
SQL: SELECT `value` FROM `sj_t_sys_config` WHERE ( id=4 ) LIMIT 1   [ RunTime:0.000215s ]
NOTIC: [8192] preg_replace(): The /e modifier is deprecated, use preg_replace_callback instead F:\wwwroot\ThinkPHP\Lib\Core\Db.class.php 第 605 行.
SQL: SELECT `value` FROM `sj_t_sys_config` WHERE ( id=5 ) LIMIT 1   [ RunTime:0.000223s ]
NOTIC: [8192] preg_replace(): The /e modifier is deprecated, use preg_replace_callback instead F:\wwwroot\ThinkPHP\Lib\Core\Db.class.php 第 605 行.
SQL: SELECT `value` FROM `sj_t_sys_config` WHERE ( id=6 ) LIMIT 1   [ RunTime:0.000219s ]
NOTIC: [8192] preg_replace(): The /e modifier is deprecated, use preg_replace_callback instead F:\wwwroot\ThinkPHP\Lib\Core\Db.class.php 第 605 行.
SQL: SELECT `value` FROM `sj_t_sys_config` WHERE ( id=11 ) LIMIT 1   [ RunTime:0.000214s ]
NOTIC: [8192] preg_replace(): The /e modifier is deprecated, use preg_replace_callback instead F:\wwwroot\ThinkPHP\Lib\Core\Db.class.php 第 605 行.
SQL: SELECT `value` FROM `sj_t_sys_config` WHERE ( id=41 ) LIMIT 1   [ RunTime:0.000219s ]
NOTIC: [8192] preg_replace(): The /e modifier is deprecated, use preg_replace_callback instead F:\wwwroot\ThinkPHP\Lib\Core\Db.class.php 第 605 行.
SQL: SELECT `value` FROM `sj_t_sys_config` WHERE ( id=17 ) LIMIT 1   [ RunTime:0.000219s ]
NOTIC: [8192] preg_replace(): The /e modifier is deprecated, use preg_replace_callback instead F:\wwwroot\ThinkPHP\Lib\Core\Db.class.php 第 605 行.
SQL: SELECT `value` FROM `sj_t_sys_config` WHERE ( id=28 ) LIMIT 1   [ RunTime:0.000199s ]
NOTIC: [8192] preg_replace(): The /e modifier is deprecated, use preg_replace_callback instead F:\wwwroot\ThinkPHP\Lib\Core\Db.class.php 第 605 行.
SQL: SELECT `value` FROM `sj_t_sys_config` WHERE ( id=18 ) LIMIT 1   [ RunTime:0.000190s ]
SQL: SHOW COLUMNS FROM `sj_t_opus_favorite` [ RunTime:0.004934s ]
NOTIC: [8192] preg_replace(): The /e modifier is deprecated, use preg_replace_callback instead F:\wwwroot\ThinkPHP\Lib\Core\Db.class.php 第 605 行.
SQL: SELECT * FROM `sj_t_opus_favorite` WHERE ( `opus_id` = 16 ) AND ( `user_id` = 2 ) LIMIT 1   [ RunTime:0.000266s ]

[ 2021-05-14T17:34:34+08:00 ] 127.0.0.1 /index.php/Ajax/FocusJudge?seller_id=&0.44929109234582787
INFO: [ app_begin ] --START--
INFO: ReadHtmlCache Behavior ::run [ RunTime:0.000686s ]
INFO: [ app_begin ] --END-- [ RunTime:0.000749s ]
NOTIC: [2048] Declaration of AjaxAction::show() should be compatible with Action::show($content, $charset = '', $contentType = '', $prefix = '') F:\wwwroot\Home\Lib\Action\AjaxAction.class.php 第 3 行.
NOTIC: [8192] mysql_connect(): The mysql extension is deprecated and will be removed in the future: use mysqli or PDO instead F:\wwwroot\ThinkPHP\Lib\Driver\Db\DbMysql.class.php 第 55 行.
SQL: SHOW COLUMNS FROM `sj_t_classify` [ RunTime:0.004689s ]
NOTIC: [8192] preg_replace(): The /e modifier is deprecated, use preg_replace_callback instead F:\wwwroot\ThinkPHP\Lib\Core\Db.class.php 第 605 行.
SQL: SELECT * FROM `sj_t_classify` WHERE ( `pid` = 1 )  [ RunTime:0.000526s ]
SQL: SHOW COLUMNS FROM `sj_t_sys_config` [ RunTime:0.005212s ]
NOTIC: [8192] preg_replace(): The /e modifier is deprecated, use preg_replace_callback instead F:\wwwroot\ThinkPHP\Lib\Core\Db.class.php 第 605 行.
SQL: SELECT `value` FROM `sj_t_sys_config` WHERE ( `name` = 'QQ_login_callback' ) LIMIT 1   [ RunTime:0.000250s ]
NOTIC: [8192] preg_replace(): The /e modifier is deprecated, use preg_replace_callback instead F:\wwwroot\ThinkPHP\Lib\Core\Db.class.php 第 605 行.
SQL: SELECT `value` FROM `sj_t_sys_config` WHERE ( `name` = 'QQ_login_id' ) LIMIT 1   [ RunTime:0.000196s ]
NOTIC: [8192] preg_replace(): The /e modifier is deprecated, use preg_replace_callback instead F:\wwwroot\ThinkPHP\Lib\Core\Db.class.php 第 605 行.
SQL: SELECT `value` FROM `sj_t_sys_config` WHERE ( `name` = 'WeChat_login_id' ) LIMIT 1   [ RunTime:0.000213s ]
NOTIC: [8192] preg_replace(): The /e modifier is deprecated, use preg_replace_callback instead F:\wwwroot\ThinkPHP\Lib\Core\Db.class.php 第 605 行.
SQL: SELECT `value` FROM `sj_t_sys_config` WHERE ( `name` = 'WeChat_login_callback' ) LIMIT 1   [ RunTime:0.000193s ]
NOTIC: [8192] preg_replace(): The /e modifier is deprecated, use preg_replace_callback instead F:\wwwroot\ThinkPHP\Lib\Core\Db.class.php 第 605 行.
SQL: SELECT `value` FROM `sj_t_sys_config` WHERE ( `name` = 'Contact_phone' ) LIMIT 1   [ RunTime:0.000186s ]
NOTIC: [8192] preg_replace(): The /e modifier is deprecated, use preg_replace_callback instead F:\wwwroot\ThinkPHP\Lib\Core\Db.class.php 第 605 行.
SQL: SELECT `value` FROM `sj_t_sys_config` WHERE ( `name` = 'Contact_QQ' ) LIMIT 1   [ RunTime:0.000186s ]
NOTIC: [8192] preg_replace(): The /e modifier is deprecated, use preg_replace_callback instead F:\wwwroot\ThinkPHP\Lib\Core\Db.class.php 第 605 行.
SQL: SELECT `value` FROM `sj_t_sys_config` WHERE ( `name` = 'Contact_email' ) LIMIT 1   [ RunTime:0.000187s ]
NOTIC: [8192] preg_replace(): The /e modifier is deprecated, use preg_replace_callback instead F:\wwwroot\ThinkPHP\Lib\Core\Db.class.php 第 605 行.
SQL: SELECT `value` FROM `sj_t_sys_config` WHERE ( `name` = 'Work_address' ) LIMIT 1   [ RunTime:0.000184s ]
NOTIC: [8192] preg_replace(): The /e modifier is deprecated, use preg_replace_callback instead F:\wwwroot\ThinkPHP\Lib\Core\Db.class.php 第 605 行.
SQL: SELECT `value` FROM `sj_t_sys_config` WHERE ( `name` = 'Work_time' ) LIMIT 1   [ RunTime:0.000188s ]
NOTIC: [8192] preg_replace(): The /e modifier is deprecated, use preg_replace_callback instead F:\wwwroot\ThinkPHP\Lib\Core\Db.class.php 第 605 行.
SQL: SELECT `value` FROM `sj_t_sys_config` WHERE ( id=3 ) LIMIT 1   [ RunTime:0.000262s ]
NOTIC: [8192] preg_replace(): The /e modifier is deprecated, use preg_replace_callback instead F:\wwwroot\ThinkPHP\Lib\Core\Db.class.php 第 605 行.
SQL: SELECT `value` FROM `sj_t_sys_config` WHERE ( id=12 ) LIMIT 1   [ RunTime:0.000188s ]
NOTIC: [8192] preg_replace(): The /e modifier is deprecated, use preg_replace_callback instead F:\wwwroot\ThinkPHP\Lib\Core\Db.class.php 第 605 行.
SQL: SELECT `value` FROM `sj_t_sys_config` WHERE ( id=2 ) LIMIT 1   [ RunTime:0.000190s ]
NOTIC: [8192] preg_replace(): The /e modifier is deprecated, use preg_replace_callback instead F:\wwwroot\ThinkPHP\Lib\Core\Db.class.php 第 605 行.
SQL: SELECT `value` FROM `sj_t_sys_config` WHERE ( id=4 ) LIMIT 1   [ RunTime:0.000183s ]
NOTIC: [8192] preg_replace(): The /e modifier is deprecated, use preg_replace_callback instead F:\wwwroot\ThinkPHP\Lib\Core\Db.class.php 第 605 行.
SQL: SELECT `value` FROM `sj_t_sys_config` WHERE ( id=5 ) LIMIT 1   [ RunTime:0.000184s ]
NOTIC: [8192] preg_replace(): The /e modifier is deprecated, use preg_replace_callback instead F:\wwwroot\ThinkPHP\Lib\Core\Db.class.php 第 605 行.
SQL: SELECT `value` FROM `sj_t_sys_config` WHERE ( id=6 ) LIMIT 1   [ RunTime:0.000178s ]
NOTIC: [8192] preg_replace(): The /e modifier is deprecated, use preg_replace_callback instead F:\wwwroot\ThinkPHP\Lib\Core\Db.class.php 第 605 行.
SQL: SELECT `value` FROM `sj_t_sys_config` WHERE ( id=11 ) LIMIT 1   [ RunTime:0.000178s ]
NOTIC: [8192] preg_replace(): The /e modifier is deprecated, use preg_replace_callback instead F:\wwwroot\ThinkPHP\Lib\Core\Db.class.php 第 605 行.
SQL: SELECT `value` FROM `sj_t_sys_config` WHERE ( id=41 ) LIMIT 1   [ RunTime:0.000218s ]
NOTIC: [8192] preg_replace(): The /e modifier is deprecated, use preg_replace_callback instead F:\wwwroot\ThinkPHP\Lib\Core\Db.class.php 第 605 行.
SQL: SELECT `value` FROM `sj_t_sys_config` WHERE ( id=17 ) LIMIT 1   [ RunTime:0.000182s ]
NOTIC: [8192] preg_replace(): The /e modifier is deprecated, use preg_replace_callback instead F:\wwwroot\ThinkPHP\Lib\Core\Db.class.php 第 605 行.
SQL: SELECT `value` FROM `sj_t_sys_config` WHERE ( id=28 ) LIMIT 1   [ RunTime:0.000175s ]
NOTIC: [8192] preg_replace(): The /e modifier is deprecated, use preg_replace_callback instead F:\wwwroot\ThinkPHP\Lib\Core\Db.class.php 第 605 行.
SQL: SELECT `value` FROM `sj_t_sys_config` WHERE ( id=18 ) LIMIT 1   [ RunTime:0.000172s ]
NOTIC: [2048] Declaration of UserFocusModel::add() should be compatible with Model::add($data = '', $options = Array, $replace = false) F:\wwwroot\Home\Lib\Model\UserFocusModel.class.php 第 75 行.
NOTIC: [2048] Declaration of UserFocusModel::delete() should be compatible with Model::delete($options = Array) F:\wwwroot\Home\Lib\Model\UserFocusModel.class.php 第 75 行.
SQL: SHOW COLUMNS FROM `sj_t_user_focus` [ RunTime:0.004899s ]
NOTIC: [8192] preg_replace(): The /e modifier is deprecated, use preg_replace_callback instead F:\wwwroot\ThinkPHP\Lib\Core\Db.class.php 第 605 行.
SQL: SELECT * FROM `sj_t_user_focus` WHERE ( `befocus_id` = 0 ) AND ( `user_id` = 2 ) LIMIT 1   [ RunTime:0.000398s ]

[ 2021-05-14T17:34:37+08:00 ] 127.0.0.1 /index.php/public/getlogininfo
INFO: [ app_begin ] --START--
INFO: ReadHtmlCache Behavior ::run [ RunTime:0.000726s ]
INFO: [ app_begin ] --END-- [ RunTime:0.000817s ]
NOTIC: [2048] Declaration of PublicAction::show() should be compatible with Action::show($content, $charset = '', $contentType = '', $prefix = '') F:\wwwroot\Home\Lib\Action\PublicAction.class.php 第 4 行.
NOTIC: [8192] mysql_connect(): The mysql extension is deprecated and will be removed in the future: use mysqli or PDO instead F:\wwwroot\ThinkPHP\Lib\Driver\Db\DbMysql.class.php 第 55 行.
SQL: SHOW COLUMNS FROM `sj_t_classify` [ RunTime:0.005523s ]
NOTIC: [8192] preg_replace(): The /e modifier is deprecated, use preg_replace_callback instead F:\wwwroot\ThinkPHP\Lib\Core\Db.class.php 第 605 行.
SQL: SELECT * FROM `sj_t_classify` WHERE ( `pid` = 1 )  [ RunTime:0.000332s ]
SQL: SHOW COLUMNS FROM `sj_t_sys_config` [ RunTime:0.005136s ]
NOTIC: [8192] preg_replace(): The /e modifier is deprecated, use preg_replace_callback instead F:\wwwroot\ThinkPHP\Lib\Core\Db.class.php 第 605 行.
SQL: SELECT `value` FROM `sj_t_sys_config` WHERE ( `name` = 'QQ_login_callback' ) LIMIT 1   [ RunTime:0.000285s ]
NOTIC: [8192] preg_replace(): The /e modifier is deprecated, use preg_replace_callback instead F:\wwwroot\ThinkPHP\Lib\Core\Db.class.php 第 605 行.
SQL: SELECT `value` FROM `sj_t_sys_config` WHERE ( `name` = 'QQ_login_id' ) LIMIT 1   [ RunTime:0.000240s ]
NOTIC: [8192] preg_replace(): The /e modifier is deprecated, use preg_replace_callback instead F:\wwwroot\ThinkPHP\Lib\Core\Db.class.php 第 605 行.
SQL: SELECT `value` FROM `sj_t_sys_config` WHERE ( `name` = 'WeChat_login_id' ) LIMIT 1   [ RunTime:0.000239s ]
NOTIC: [8192] preg_replace(): The /e modifier is deprecated, use preg_replace_callback instead F:\wwwroot\ThinkPHP\Lib\Core\Db.class.php 第 605 行.
SQL: SELECT `value` FROM `sj_t_sys_config` WHERE ( `name` = 'WeChat_login_callback' ) LIMIT 1   [ RunTime:0.000246s ]
NOTIC: [8192] preg_replace(): The /e modifier is deprecated, use preg_replace_callback instead F:\wwwroot\ThinkPHP\Lib\Core\Db.class.php 第 605 行.
SQL: SELECT `value` FROM `sj_t_sys_config` WHERE ( `name` = 'Contact_phone' ) LIMIT 1   [ RunTime:0.000241s ]
NOTIC: [8192] preg_replace(): The /e modifier is deprecated, use preg_replace_callback instead F:\wwwroot\ThinkPHP\Lib\Core\Db.class.php 第 605 行.
SQL: SELECT `value` FROM `sj_t_sys_config` WHERE ( `name` = 'Contact_QQ' ) LIMIT 1   [ RunTime:0.000229s ]
NOTIC: [8192] preg_replace(): The /e modifier is deprecated, use preg_replace_callback instead F:\wwwroot\ThinkPHP\Lib\Core\Db.class.php 第 605 行.
SQL: SELECT `value` FROM `sj_t_sys_config` WHERE ( `name` = 'Contact_email' ) LIMIT 1   [ RunTime:0.000231s ]
NOTIC: [8192] preg_replace(): The /e modifier is deprecated, use preg_replace_callback instead F:\wwwroot\ThinkPHP\Lib\Core\Db.class.php 第 605 行.
SQL: SELECT `value` FROM `sj_t_sys_config` WHERE ( `name` = 'Work_address' ) LIMIT 1   [ RunTime:0.000324s ]
NOTIC: [8192] preg_replace(): The /e modifier is deprecated, use preg_replace_callback instead F:\wwwroot\ThinkPHP\Lib\Core\Db.class.php 第 605 行.
SQL: SELECT `value` FROM `sj_t_sys_config` WHERE ( `name` = 'Work_time' ) LIMIT 1   [ RunTime:0.000242s ]
NOTIC: [8192] preg_replace(): The /e modifier is deprecated, use preg_replace_callback instead F:\wwwroot\ThinkPHP\Lib\Core\Db.class.php 第 605 行.
SQL: SELECT `value` FROM `sj_t_sys_config` WHERE ( id=3 ) LIMIT 1   [ RunTime:0.000216s ]
NOTIC: [8192] preg_replace(): The /e modifier is deprecated, use preg_replace_callback instead F:\wwwroot\ThinkPHP\Lib\Core\Db.class.php 第 605 行.
SQL: SELECT `value` FROM `sj_t_sys_config` WHERE ( id=12 ) LIMIT 1   [ RunTime:0.000200s ]
NOTIC: [8192] preg_replace(): The /e modifier is deprecated, use preg_replace_callback instead F:\wwwroot\ThinkPHP\Lib\Core\Db.class.php 第 605 行.
SQL: SELECT `value` FROM `sj_t_sys_config` WHERE ( id=2 ) LIMIT 1   [ RunTime:0.000227s ]
NOTIC: [8192] preg_replace(): The /e modifier is deprecated, use preg_replace_callback instead F:\wwwroot\ThinkPHP\Lib\Core\Db.class.php 第 605 行.
SQL: SELECT `value` FROM `sj_t_sys_config` WHERE ( id=4 ) LIMIT 1   [ RunTime:0.000206s ]
NOTIC: [8192] preg_replace(): The /e modifier is deprecated, use preg_replace_callback instead F:\wwwroot\ThinkPHP\Lib\Core\Db.class.php 第 605 行.
SQL: SELECT `value` FROM `sj_t_sys_config` WHERE ( id=5 ) LIMIT 1   [ RunTime:0.000231s ]
NOTIC: [8192] preg_replace(): The /e modifier is deprecated, use preg_replace_callback instead F:\wwwroot\ThinkPHP\Lib\Core\Db.class.php 第 605 行.
SQL: SELECT `value` FROM `sj_t_sys_config` WHERE ( id=6 ) LIMIT 1   [ RunTime:0.000252s ]
NOTIC: [8192] preg_replace(): The /e modifier is deprecated, use preg_replace_callback instead F:\wwwroot\ThinkPHP\Lib\Core\Db.class.php 第 605 行.
SQL: SELECT `value` FROM `sj_t_sys_config` WHERE ( id=11 ) LIMIT 1   [ RunTime:0.000211s ]
NOTIC: [8192] preg_replace(): The /e modifier is deprecated, use preg_replace_callback instead F:\wwwroot\ThinkPHP\Lib\Core\Db.class.php 第 605 行.
SQL: SELECT `value` FROM `sj_t_sys_config` WHERE ( id=41 ) LIMIT 1   [ RunTime:0.000212s ]
NOTIC: [8192] preg_replace(): The /e modifier is deprecated, use preg_replace_callback instead F:\wwwroot\ThinkPHP\Lib\Core\Db.class.php 第 605 行.
SQL: SELECT `value` FROM `sj_t_sys_config` WHERE ( id=17 ) LIMIT 1   [ RunTime:0.000214s ]
NOTIC: [8192] preg_replace(): The /e modifier is deprecated, use preg_replace_callback instead F:\wwwroot\ThinkPHP\Lib\Core\Db.class.php 第 605 行.
SQL: SELECT `value` FROM `sj_t_sys_config` WHERE ( id=28 ) LIMIT 1   [ RunTime:0.000208s ]
NOTIC: [8192] preg_replace(): The /e modifier is deprecated, use preg_replace_callback instead F:\wwwroot\ThinkPHP\Lib\Core\Db.class.php 第 605 行.
SQL: SELECT `value` FROM `sj_t_sys_config` WHERE ( id=18 ) LIMIT 1   [ RunTime:0.000214s ]
NOTIC: [2048] Declaration of UserModel::save() should be compatible with Model::save($data = '', $options = Array) F:\wwwroot\Home\Lib\Model\UserModel.class.php 第 128 行.
SQL: SHOW COLUMNS FROM `sj_t_user` [ RunTime:0.004793s ]
NOTIC: [8192] preg_replace(): The /e modifier is deprecated, use preg_replace_callback instead F:\wwwroot\ThinkPHP\Lib\Core\Db.class.php 第 605 行.
SQL: SELECT * FROM `sj_t_user` WHERE ( `user_id` = 2 ) LIMIT 1   [ RunTime:0.000326s ]
NOTIC: [2048] Declaration of UserAccountModel::save() should be compatible with Model::save($data = '', $options = Array) F:\wwwroot\Home\Lib\Model\UserAccountModel.class.php 第 25 行.
SQL: SHOW COLUMNS FROM `sj_t_user_account` [ RunTime:0.004607s ]
NOTIC: [8192] preg_replace(): The /e modifier is deprecated, use preg_replace_callback instead F:\wwwroot\ThinkPHP\Lib\Core\Db.class.php 第 605 行.
SQL: SELECT * FROM `sj_t_user_account` WHERE ( `user_id` = 2 ) LIMIT 1   [ RunTime:0.000309s ]

[ 2021-05-14T17:34:47+08:00 ] 127.0.0.1 /index.php/Ajax/Focus?seller_id=1&0.4866951806394044
INFO: [ app_begin ] --START--
INFO: ReadHtmlCache Behavior ::run [ RunTime:0.000801s ]
INFO: [ app_begin ] --END-- [ RunTime:0.000843s ]
NOTIC: [2048] Declaration of AjaxAction::show() should be compatible with Action::show($content, $charset = '', $contentType = '', $prefix = '') F:\wwwroot\Home\Lib\Action\AjaxAction.class.php 第 3 行.
NOTIC: [8192] mysql_connect(): The mysql extension is deprecated and will be removed in the future: use mysqli or PDO instead F:\wwwroot\ThinkPHP\Lib\Driver\Db\DbMysql.class.php 第 55 行.
SQL: SHOW COLUMNS FROM `sj_t_classify` [ RunTime:0.010514s ]
NOTIC: [8192] preg_replace(): The /e modifier is deprecated, use preg_replace_callback instead F:\wwwroot\ThinkPHP\Lib\Core\Db.class.php 第 605 行.
SQL: SELECT * FROM `sj_t_classify` WHERE ( `pid` = 1 )  [ RunTime:0.000319s ]
SQL: SHOW COLUMNS FROM `sj_t_sys_config` [ RunTime:0.004817s ]
NOTIC: [8192] preg_replace(): The /e modifier is deprecated, use preg_replace_callback instead F:\wwwroot\ThinkPHP\Lib\Core\Db.class.php 第 605 行.
SQL: SELECT `value` FROM `sj_t_sys_config` WHERE ( `name` = 'QQ_login_callback' ) LIMIT 1   [ RunTime:0.000248s ]
NOTIC: [8192] preg_replace(): The /e modifier is deprecated, use preg_replace_callback instead F:\wwwroot\ThinkPHP\Lib\Core\Db.class.php 第 605 行.
SQL: SELECT `value` FROM `sj_t_sys_config` WHERE ( `name` = 'QQ_login_id' ) LIMIT 1   [ RunTime:0.000186s ]
NOTIC: [8192] preg_replace(): The /e modifier is deprecated, use preg_replace_callback instead F:\wwwroot\ThinkPHP\Lib\Core\Db.class.php 第 605 行.
SQL: SELECT `value` FROM `sj_t_sys_config` WHERE ( `name` = 'WeChat_login_id' ) LIMIT 1   [ RunTime:0.000185s ]
NOTIC: [8192] preg_replace(): The /e modifier is deprecated, use preg_replace_callback instead F:\wwwroot\ThinkPHP\Lib\Core\Db.class.php 第 605 行.
SQL: SELECT `value` FROM `sj_t_sys_config` WHERE ( `name` = 'WeChat_login_callback' ) LIMIT 1   [ RunTime:0.000189s ]
NOTIC: [8192] preg_replace(): The /e modifier is deprecated, use preg_replace_callback instead F:\wwwroot\ThinkPHP\Lib\Core\Db.class.php 第 605 行.
SQL: SELECT `value` FROM `sj_t_sys_config` WHERE ( `name` = 'Contact_phone' ) LIMIT 1   [ RunTime:0.000186s ]
NOTIC: [8192] preg_replace(): The /e modifier is deprecated, use preg_replace_callback instead F:\wwwroot\ThinkPHP\Lib\Core\Db.class.php 第 605 行.
SQL: SELECT `value` FROM `sj_t_sys_config` WHERE ( `name` = 'Contact_QQ' ) LIMIT 1   [ RunTime:0.000183s ]
NOTIC: [8192] preg_replace(): The /e modifier is deprecated, use preg_replace_callback instead F:\wwwroot\ThinkPHP\Lib\Core\Db.class.php 第 605 行.
SQL: SELECT `value` FROM `sj_t_sys_config` WHERE ( `name` = 'Contact_email' ) LIMIT 1   [ RunTime:0.000189s ]
NOTIC: [8192] preg_replace(): The /e modifier is deprecated, use preg_replace_callback instead F:\wwwroot\ThinkPHP\Lib\Core\Db.class.php 第 605 行.
SQL: SELECT `value` FROM `sj_t_sys_config` WHERE ( `name` = 'Work_address' ) LIMIT 1   [ RunTime:0.000182s ]
NOTIC: [8192] preg_replace(): The /e modifier is deprecated, use preg_replace_callback instead F:\wwwroot\ThinkPHP\Lib\Core\Db.class.php 第 605 行.
SQL: SELECT `value` FROM `sj_t_sys_config` WHERE ( `name` = 'Work_time' ) LIMIT 1   [ RunTime:0.000186s ]
NOTIC: [8192] preg_replace(): The /e modifier is deprecated, use preg_replace_callback instead F:\wwwroot\ThinkPHP\Lib\Core\Db.class.php 第 605 行.
SQL: SELECT `value` FROM `sj_t_sys_config` WHERE ( id=3 ) LIMIT 1   [ RunTime:0.000240s ]
NOTIC: [8192] preg_replace(): The /e modifier is deprecated, use preg_replace_callback instead F:\wwwroot\ThinkPHP\Lib\Core\Db.class.php 第 605 行.
SQL: SELECT `value` FROM `sj_t_sys_config` WHERE ( id=12 ) LIMIT 1   [ RunTime:0.000206s ]
NOTIC: [8192] preg_replace(): The /e modifier is deprecated, use preg_replace_callback instead F:\wwwroot\ThinkPHP\Lib\Core\Db.class.php 第 605 行.
SQL: SELECT `value` FROM `sj_t_sys_config` WHERE ( id=2 ) LIMIT 1   [ RunTime:0.000179s ]
NOTIC: [8192] preg_replace(): The /e modifier is deprecated, use preg_replace_callback instead F:\wwwroot\ThinkPHP\Lib\Core\Db.class.php 第 605 行.
SQL: SELECT `value` FROM `sj_t_sys_config` WHERE ( id=4 ) LIMIT 1   [ RunTime:0.000172s ]
NOTIC: [8192] preg_replace(): The /e modifier is deprecated, use preg_replace_callback instead F:\wwwroot\ThinkPHP\Lib\Core\Db.class.php 第 605 行.
SQL: SELECT `value` FROM `sj_t_sys_config` WHERE ( id=5 ) LIMIT 1   [ RunTime:0.000214s ]
NOTIC: [8192] preg_replace(): The /e modifier is deprecated, use preg_replace_callback instead F:\wwwroot\ThinkPHP\Lib\Core\Db.class.php 第 605 行.
SQL: SELECT `value` FROM `sj_t_sys_config` WHERE ( id=6 ) LIMIT 1   [ RunTime:0.000177s ]
NOTIC: [8192] preg_replace(): The /e modifier is deprecated, use preg_replace_callback instead F:\wwwroot\ThinkPHP\Lib\Core\Db.class.php 第 605 行.
SQL: SELECT `value` FROM `sj_t_sys_config` WHERE ( id=11 ) LIMIT 1   [ RunTime:0.000182s ]
NOTIC: [8192] preg_replace(): The /e modifier is deprecated, use preg_replace_callback instead F:\wwwroot\ThinkPHP\Lib\Core\Db.class.php 第 605 行.
SQL: SELECT `value` FROM `sj_t_sys_config` WHERE ( id=41 ) LIMIT 1   [ RunTime:0.000298s ]
NOTIC: [8192] preg_replace(): The /e modifier is deprecated, use preg_replace_callback instead F:\wwwroot\ThinkPHP\Lib\Core\Db.class.php 第 605 行.
SQL: SELECT `value` FROM `sj_t_sys_config` WHERE ( id=17 ) LIMIT 1   [ RunTime:0.000247s ]
NOTIC: [8192] preg_replace(): The /e modifier is deprecated, use preg_replace_callback instead F:\wwwroot\ThinkPHP\Lib\Core\Db.class.php 第 605 行.
SQL: SELECT `value` FROM `sj_t_sys_config` WHERE ( id=28 ) LIMIT 1   [ RunTime:0.000244s ]
NOTIC: [8192] preg_replace(): The /e modifier is deprecated, use preg_replace_callback instead F:\wwwroot\ThinkPHP\Lib\Core\Db.class.php 第 605 行.
SQL: SELECT `value` FROM `sj_t_sys_config` WHERE ( id=18 ) LIMIT 1   [ RunTime:0.000279s ]
NOTIC: [2048] Declaration of UserFocusModel::add() should be compatible with Model::add($data = '', $options = Array, $replace = false) F:\wwwroot\Home\Lib\Model\UserFocusModel.class.php 第 75 行.
NOTIC: [2048] Declaration of UserFocusModel::delete() should be compatible with Model::delete($options = Array) F:\wwwroot\Home\Lib\Model\UserFocusModel.class.php 第 75 行.
SQL: SHOW COLUMNS FROM `sj_t_user_focus` [ RunTime:0.004426s ]
NOTIC: [8192] preg_replace(): The /e modifier is deprecated, use preg_replace_callback instead F:\wwwroot\ThinkPHP\Lib\Core\Db.class.php 第 605 行.
SQL: SELECT * FROM `sj_t_user_focus` WHERE ( `befocus_id` = 1 ) AND ( `user_id` = 2 ) LIMIT 1   [ RunTime:0.000230s ]
SQL: INSERT INTO `sj_t_user_focus` (`befocus_id`,`user_id`,`focus_time`) VALUES (1,2,'2021-05-14 17:34:47') [ RunTime:0.001268s ]

[ 2021-05-14T17:37:36+08:00 ] 127.0.0.1 /index.php/Ajax/FocusJudge?seller_id=&0.8064234119792466
INFO: [ app_begin ] --START--
INFO: ReadHtmlCache Behavior ::run [ RunTime:0.000668s ]
INFO: [ app_begin ] --END-- [ RunTime:0.000725s ]
NOTIC: [2048] Declaration of AjaxAction::show() should be compatible with Action::show($content, $charset = '', $contentType = '', $prefix = '') F:\wwwroot\Home\Lib\Action\AjaxAction.class.php 第 3 行.
NOTIC: [8192] mysql_connect(): The mysql extension is deprecated and will be removed in the future: use mysqli or PDO instead F:\wwwroot\ThinkPHP\Lib\Driver\Db\DbMysql.class.php 第 55 行.
SQL: SHOW COLUMNS FROM `sj_t_classify` [ RunTime:0.006140s ]
NOTIC: [8192] preg_replace(): The /e modifier is deprecated, use preg_replace_callback instead F:\wwwroot\ThinkPHP\Lib\Core\Db.class.php 第 605 行.
SQL: SELECT * FROM `sj_t_classify` WHERE ( `pid` = 1 )  [ RunTime:0.000284s ]
SQL: SHOW COLUMNS FROM `sj_t_sys_config` [ RunTime:0.005006s ]
NOTIC: [8192] preg_replace(): The /e modifier is deprecated, use preg_replace_callback instead F:\wwwroot\ThinkPHP\Lib\Core\Db.class.php 第 605 行.
SQL: SELECT `value` FROM `sj_t_sys_config` WHERE ( `name` = 'QQ_login_callback' ) LIMIT 1   [ RunTime:0.000319s ]
NOTIC: [8192] preg_replace(): The /e modifier is deprecated, use preg_replace_callback instead F:\wwwroot\ThinkPHP\Lib\Core\Db.class.php 第 605 行.
SQL: SELECT `value` FROM `sj_t_sys_config` WHERE ( `name` = 'QQ_login_id' ) LIMIT 1   [ RunTime:0.000200s ]
NOTIC: [8192] preg_replace(): The /e modifier is deprecated, use preg_replace_callback instead F:\wwwroot\ThinkPHP\Lib\Core\Db.class.php 第 605 行.
SQL: SELECT `value` FROM `sj_t_sys_config` WHERE ( `name` = 'WeChat_login_id' ) LIMIT 1   [ RunTime:0.000219s ]
NOTIC: [8192] preg_replace(): The /e modifier is deprecated, use preg_replace_callback instead F:\wwwroot\ThinkPHP\Lib\Core\Db.class.php 第 605 行.
SQL: SELECT `value` FROM `sj_t_sys_config` WHERE ( `name` = 'WeChat_login_callback' ) LIMIT 1   [ RunTime:0.000194s ]
NOTIC: [8192] preg_replace(): The /e modifier is deprecated, use preg_replace_callback instead F:\wwwroot\ThinkPHP\Lib\Core\Db.class.php 第 605 行.
SQL: SELECT `value` FROM `sj_t_sys_config` WHERE ( `name` = 'Contact_phone' ) LIMIT 1   [ RunTime:0.000188s ]
NOTIC: [8192] preg_replace(): The /e modifier is deprecated, use preg_replace_callback instead F:\wwwroot\ThinkPHP\Lib\Core\Db.class.php 第 605 行.
SQL: SELECT `value` FROM `sj_t_sys_config` WHERE ( `name` = 'Contact_QQ' ) LIMIT 1   [ RunTime:0.000187s ]
NOTIC: [8192] preg_replace(): The /e modifier is deprecated, use preg_replace_callback instead F:\wwwroot\ThinkPHP\Lib\Core\Db.class.php 第 605 行.
SQL: SELECT `value` FROM `sj_t_sys_config` WHERE ( `name` = 'Contact_email' ) LIMIT 1   [ RunTime:0.000242s ]
NOTIC: [8192] preg_replace(): The /e modifier is deprecated, use preg_replace_callback instead F:\wwwroot\ThinkPHP\Lib\Core\Db.class.php 第 605 行.
SQL: SELECT `value` FROM `sj_t_sys_config` WHERE ( `name` = 'Work_address' ) LIMIT 1   [ RunTime:0.000220s ]
NOTIC: [8192] preg_replace(): The /e modifier is deprecated, use preg_replace_callback instead F:\wwwroot\ThinkPHP\Lib\Core\Db.class.php 第 605 行.
SQL: SELECT `value` FROM `sj_t_sys_config` WHERE ( `name` = 'Work_time' ) LIMIT 1   [ RunTime:0.000214s ]
NOTIC: [8192] preg_replace(): The /e modifier is deprecated, use preg_replace_callback instead F:\wwwroot\ThinkPHP\Lib\Core\Db.class.php 第 605 行.
SQL: SELECT `value` FROM `sj_t_sys_config` WHERE ( id=3 ) LIMIT 1   [ RunTime:0.000252s ]
NOTIC: [8192] preg_replace(): The /e modifier is deprecated, use preg_replace_callback instead F:\wwwroot\ThinkPHP\Lib\Core\Db.class.php 第 605 行.
SQL: SELECT `value` FROM `sj_t_sys_config` WHERE ( id=12 ) LIMIT 1   [ RunTime:0.000211s ]
NOTIC: [8192] preg_replace(): The /e modifier is deprecated, use preg_replace_callback instead F:\wwwroot\ThinkPHP\Lib\Core\Db.class.php 第 605 行.
SQL: SELECT `value` FROM `sj_t_sys_config` WHERE ( id=2 ) LIMIT 1   [ RunTime:0.000212s ]
NOTIC: [8192] preg_replace(): The /e modifier is deprecated, use preg_replace_callback instead F:\wwwroot\ThinkPHP\Lib\Core\Db.class.php 第 605 行.
SQL: SELECT `value` FROM `sj_t_sys_config` WHERE ( id=4 ) LIMIT 1   [ RunTime:0.000202s ]
NOTIC: [8192] preg_replace(): The /e modifier is deprecated, use preg_replace_callback instead F:\wwwroot\ThinkPHP\Lib\Core\Db.class.php 第 605 行.
SQL: SELECT `value` FROM `sj_t_sys_config` WHERE ( id=5 ) LIMIT 1   [ RunTime:0.000205s ]
NOTIC: [8192] preg_replace(): The /e modifier is deprecated, use preg_replace_callback instead F:\wwwroot\ThinkPHP\Lib\Core\Db.class.php 第 605 行.
SQL: SELECT `value` FROM `sj_t_sys_config` WHERE ( id=6 ) LIMIT 1   [ RunTime:0.000223s ]
NOTIC: [8192] preg_replace(): The /e modifier is deprecated, use preg_replace_callback instead F:\wwwroot\ThinkPHP\Lib\Core\Db.class.php 第 605 行.
SQL: SELECT `value` FROM `sj_t_sys_config` WHERE ( id=11 ) LIMIT 1   [ RunTime:0.000198s ]
NOTIC: [8192] preg_replace(): The /e modifier is deprecated, use preg_replace_callback instead F:\wwwroot\ThinkPHP\Lib\Core\Db.class.php 第 605 行.
SQL: SELECT `value` FROM `sj_t_sys_config` WHERE ( id=41 ) LIMIT 1   [ RunTime:0.000184s ]
NOTIC: [8192] preg_replace(): The /e modifier is deprecated, use preg_replace_callback instead F:\wwwroot\ThinkPHP\Lib\Core\Db.class.php 第 605 行.
SQL: SELECT `value` FROM `sj_t_sys_config` WHERE ( id=17 ) LIMIT 1   [ RunTime:0.000187s ]
NOTIC: [8192] preg_replace(): The /e modifier is deprecated, use preg_replace_callback instead F:\wwwroot\ThinkPHP\Lib\Core\Db.class.php 第 605 行.
SQL: SELECT `value` FROM `sj_t_sys_config` WHERE ( id=28 ) LIMIT 1   [ RunTime:0.000277s ]
NOTIC: [8192] preg_replace(): The /e modifier is deprecated, use preg_replace_callback instead F:\wwwroot\ThinkPHP\Lib\Core\Db.class.php 第 605 行.
SQL: SELECT `value` FROM `sj_t_sys_config` WHERE ( id=18 ) LIMIT 1   [ RunTime:0.000337s ]
NOTIC: [2048] Declaration of UserFocusModel::add() should be compatible with Model::add($data = '', $options = Array, $replace = false) F:\wwwroot\Home\Lib\Model\UserFocusModel.class.php 第 75 行.
NOTIC: [2048] Declaration of UserFocusModel::delete() should be compatible with Model::delete($options = Array) F:\wwwroot\Home\Lib\Model\UserFocusModel.class.php 第 75 行.
SQL: SHOW COLUMNS FROM `sj_t_user_focus` [ RunTime:0.004694s ]
NOTIC: [8192] preg_replace(): The /e modifier is deprecated, use preg_replace_callback instead F:\wwwroot\ThinkPHP\Lib\Core\Db.class.php 第 605 行.
SQL: SELECT * FROM `sj_t_user_focus` WHERE ( `befocus_id` = 0 ) AND ( `user_id` = 2 ) LIMIT 1   [ RunTime:0.000240s ]

[ 2021-05-14T17:37:38+08:00 ] 127.0.0.1 /index.php/public/getlogininfo
INFO: [ app_begin ] --START--
INFO: ReadHtmlCache Behavior ::run [ RunTime:0.000871s ]
INFO: [ app_begin ] --END-- [ RunTime:0.000947s ]
NOTIC: [2048] Declaration of PublicAction::show() should be compatible with Action::show($content, $charset = '', $contentType = '', $prefix = '') F:\wwwroot\Home\Lib\Action\PublicAction.class.php 第 4 行.
NOTIC: [8192] mysql_connect(): The mysql extension is deprecated and will be removed in the future: use mysqli or PDO instead F:\wwwroot\ThinkPHP\Lib\Driver\Db\DbMysql.class.php 第 55 行.
SQL: SHOW COLUMNS FROM `sj_t_classify` [ RunTime:0.012927s ]
NOTIC: [8192] preg_replace(): The /e modifier is deprecated, use preg_replace_callback instead F:\wwwroot\ThinkPHP\Lib\Core\Db.class.php 第 605 行.
SQL: SELECT * FROM `sj_t_classify` WHERE ( `pid` = 1 )  [ RunTime:0.000330s ]
SQL: SHOW COLUMNS FROM `sj_t_sys_config` [ RunTime:0.005478s ]
NOTIC: [8192] preg_replace(): The /e modifier is deprecated, use preg_replace_callback instead F:\wwwroot\ThinkPHP\Lib\Core\Db.class.php 第 605 行.
SQL: SELECT `value` FROM `sj_t_sys_config` WHERE ( `name` = 'QQ_login_callback' ) LIMIT 1   [ RunTime:0.000320s ]
NOTIC: [8192] preg_replace(): The /e modifier is deprecated, use preg_replace_callback instead F:\wwwroot\ThinkPHP\Lib\Core\Db.class.php 第 605 行.
SQL: SELECT `value` FROM `sj_t_sys_config` WHERE ( `name` = 'QQ_login_id' ) LIMIT 1   [ RunTime:0.000218s ]
NOTIC: [8192] preg_replace(): The /e modifier is deprecated, use preg_replace_callback instead F:\wwwroot\ThinkPHP\Lib\Core\Db.class.php 第 605 行.
SQL: SELECT `value` FROM `sj_t_sys_config` WHERE ( `name` = 'WeChat_login_id' ) LIMIT 1   [ RunTime:0.000202s ]
NOTIC: [8192] preg_replace(): The /e modifier is deprecated, use preg_replace_callback instead F:\wwwroot\ThinkPHP\Lib\Core\Db.class.php 第 605 行.
SQL: SELECT `value` FROM `sj_t_sys_config` WHERE ( `name` = 'WeChat_login_callback' ) LIMIT 1   [ RunTime:0.000193s ]
NOTIC: [8192] preg_replace(): The /e modifier is deprecated, use preg_replace_callback instead F:\wwwroot\ThinkPHP\Lib\Core\Db.class.php 第 605 行.
SQL: SELECT `value` FROM `sj_t_sys_config` WHERE ( `name` = 'Contact_phone' ) LIMIT 1   [ RunTime:0.000206s ]
NOTIC: [8192] preg_replace(): The /e modifier is deprecated, use preg_replace_callback instead F:\wwwroot\ThinkPHP\Lib\Core\Db.class.php 第 605 行.
SQL: SELECT `value` FROM `sj_t_sys_config` WHERE ( `name` = 'Contact_QQ' ) LIMIT 1   [ RunTime:0.000185s ]
NOTIC: [8192] preg_replace(): The /e modifier is deprecated, use preg_replace_callback instead F:\wwwroot\ThinkPHP\Lib\Core\Db.class.php 第 605 行.
SQL: SELECT `value` FROM `sj_t_sys_config` WHERE ( `name` = 'Contact_email' ) LIMIT 1   [ RunTime:0.000184s ]
NOTIC: [8192] preg_replace(): The /e modifier is deprecated, use preg_replace_callback instead F:\wwwroot\ThinkPHP\Lib\Core\Db.class.php 第 605 行.
SQL: SELECT `value` FROM `sj_t_sys_config` WHERE ( `name` = 'Work_address' ) LIMIT 1   [ RunTime:0.000183s ]
NOTIC: [8192] preg_replace(): The /e modifier is deprecated, use preg_replace_callback instead F:\wwwroot\ThinkPHP\Lib\Core\Db.class.php 第 605 行.
SQL: SELECT `value` FROM `sj_t_sys_config` WHERE ( `name` = 'Work_time' ) LIMIT 1   [ RunTime:0.000206s ]
NOTIC: [8192] preg_replace(): The /e modifier is deprecated, use preg_replace_callback instead F:\wwwroot\ThinkPHP\Lib\Core\Db.class.php 第 605 行.
SQL: SELECT `value` FROM `sj_t_sys_config` WHERE ( id=3 ) LIMIT 1   [ RunTime:0.000184s ]
NOTIC: [8192] preg_replace(): The /e modifier is deprecated, use preg_replace_callback instead F:\wwwroot\ThinkPHP\Lib\Core\Db.class.php 第 605 行.
SQL: SELECT `value` FROM `sj_t_sys_config` WHERE ( id=12 ) LIMIT 1   [ RunTime:0.000193s ]
NOTIC: [8192] preg_replace(): The /e modifier is deprecated, use preg_replace_callback instead F:\wwwroot\ThinkPHP\Lib\Core\Db.class.php 第 605 行.
SQL: SELECT `value` FROM `sj_t_sys_config` WHERE ( id=2 ) LIMIT 1   [ RunTime:0.000193s ]
NOTIC: [8192] preg_replace(): The /e modifier is deprecated, use preg_replace_callback instead F:\wwwroot\ThinkPHP\Lib\Core\Db.class.php 第 605 行.
SQL: SELECT `value` FROM `sj_t_sys_config` WHERE ( id=4 ) LIMIT 1   [ RunTime:0.000176s ]
NOTIC: [8192] preg_replace(): The /e modifier is deprecated, use preg_replace_callback instead F:\wwwroot\ThinkPHP\Lib\Core\Db.class.php 第 605 行.
SQL: SELECT `value` FROM `sj_t_sys_config` WHERE ( id=5 ) LIMIT 1   [ RunTime:0.000202s ]
NOTIC: [8192] preg_replace(): The /e modifier is deprecated, use preg_replace_callback instead F:\wwwroot\ThinkPHP\Lib\Core\Db.class.php 第 605 行.
SQL: SELECT `value` FROM `sj_t_sys_config` WHERE ( id=6 ) LIMIT 1   [ RunTime:0.000262s ]
NOTIC: [8192] preg_replace(): The /e modifier is deprecated, use preg_replace_callback instead F:\wwwroot\ThinkPHP\Lib\Core\Db.class.php 第 605 行.
SQL: SELECT `value` FROM `sj_t_sys_config` WHERE ( id=11 ) LIMIT 1   [ RunTime:0.000240s ]
NOTIC: [8192] preg_replace(): The /e modifier is deprecated, use preg_replace_callback instead F:\wwwroot\ThinkPHP\Lib\Core\Db.class.php 第 605 行.
SQL: SELECT `value` FROM `sj_t_sys_config` WHERE ( id=41 ) LIMIT 1   [ RunTime:0.000206s ]
NOTIC: [8192] preg_replace(): The /e modifier is deprecated, use preg_replace_callback instead F:\wwwroot\ThinkPHP\Lib\Core\Db.class.php 第 605 行.
SQL: SELECT `value` FROM `sj_t_sys_config` WHERE ( id=17 ) LIMIT 1   [ RunTime:0.000185s ]
NOTIC: [8192] preg_replace(): The /e modifier is deprecated, use preg_replace_callback instead F:\wwwroot\ThinkPHP\Lib\Core\Db.class.php 第 605 行.
SQL: SELECT `value` FROM `sj_t_sys_config` WHERE ( id=28 ) LIMIT 1   [ RunTime:0.000223s ]
NOTIC: [8192] preg_replace(): The /e modifier is deprecated, use preg_replace_callback instead F:\wwwroot\ThinkPHP\Lib\Core\Db.class.php 第 605 行.
SQL: SELECT `value` FROM `sj_t_sys_config` WHERE ( id=18 ) LIMIT 1   [ RunTime:0.000232s ]
NOTIC: [2048] Declaration of UserModel::save() should be compatible with Model::save($data = '', $options = Array) F:\wwwroot\Home\Lib\Model\UserModel.class.php 第 128 行.
SQL: SHOW COLUMNS FROM `sj_t_user` [ RunTime:0.005659s ]
NOTIC: [8192] preg_replace(): The /e modifier is deprecated, use preg_replace_callback instead F:\wwwroot\ThinkPHP\Lib\Core\Db.class.php 第 605 行.
SQL: SELECT * FROM `sj_t_user` WHERE ( `user_id` = 2 ) LIMIT 1   [ RunTime:0.000488s ]
NOTIC: [2048] Declaration of UserAccountModel::save() should be compatible with Model::save($data = '', $options = Array) F:\wwwroot\Home\Lib\Model\UserAccountModel.class.php 第 25 行.
SQL: SHOW COLUMNS FROM `sj_t_user_account` [ RunTime:0.005261s ]
NOTIC: [8192] preg_replace(): The /e modifier is deprecated, use preg_replace_callback instead F:\wwwroot\ThinkPHP\Lib\Core\Db.class.php 第 605 行.
SQL: SELECT * FROM `sj_t_user_account` WHERE ( `user_id` = 2 ) LIMIT 1   [ RunTime:0.000373s ]

[ 2021-05-14T17:37:40+08:00 ] 127.0.0.1 /index.php/Ajax/FavorJudge?fa_id=16&0.7202992745568257
INFO: [ app_begin ] --START--
INFO: ReadHtmlCache Behavior ::run [ RunTime:0.000885s ]
INFO: [ app_begin ] --END-- [ RunTime:0.000981s ]
NOTIC: [2048] Declaration of AjaxAction::show() should be compatible with Action::show($content, $charset = '', $contentType = '', $prefix = '') F:\wwwroot\Home\Lib\Action\AjaxAction.class.php 第 3 行.
NOTIC: [8192] mysql_connect(): The mysql extension is deprecated and will be removed in the future: use mysqli or PDO instead F:\wwwroot\ThinkPHP\Lib\Driver\Db\DbMysql.class.php 第 55 行.
SQL: SHOW COLUMNS FROM `sj_t_classify` [ RunTime:0.005467s ]
NOTIC: [8192] preg_replace(): The /e modifier is deprecated, use preg_replace_callback instead F:\wwwroot\ThinkPHP\Lib\Core\Db.class.php 第 605 行.
SQL: SELECT * FROM `sj_t_classify` WHERE ( `pid` = 1 )  [ RunTime:0.000331s ]
SQL: SHOW COLUMNS FROM `sj_t_sys_config` [ RunTime:0.005059s ]
NOTIC: [8192] preg_replace(): The /e modifier is deprecated, use preg_replace_callback instead F:\wwwroot\ThinkPHP\Lib\Core\Db.class.php 第 605 行.
SQL: SELECT `value` FROM `sj_t_sys_config` WHERE ( `name` = 'QQ_login_callback' ) LIMIT 1   [ RunTime:0.000266s ]
NOTIC: [8192] preg_replace(): The /e modifier is deprecated, use preg_replace_callback instead F:\wwwroot\ThinkPHP\Lib\Core\Db.class.php 第 605 行.
SQL: SELECT `value` FROM `sj_t_sys_config` WHERE ( `name` = 'QQ_login_id' ) LIMIT 1   [ RunTime:0.000224s ]
NOTIC: [8192] preg_replace(): The /e modifier is deprecated, use preg_replace_callback instead F:\wwwroot\ThinkPHP\Lib\Core\Db.class.php 第 605 行.
SQL: SELECT `value` FROM `sj_t_sys_config` WHERE ( `name` = 'WeChat_login_id' ) LIMIT 1   [ RunTime:0.000223s ]
NOTIC: [8192] preg_replace(): The /e modifier is deprecated, use preg_replace_callback instead F:\wwwroot\ThinkPHP\Lib\Core\Db.class.php 第 605 行.
SQL: SELECT `value` FROM `sj_t_sys_config` WHERE ( `name` = 'WeChat_login_callback' ) LIMIT 1   [ RunTime:0.000270s ]
NOTIC: [8192] preg_replace(): The /e modifier is deprecated, use preg_replace_callback instead F:\wwwroot\ThinkPHP\Lib\Core\Db.class.php 第 605 行.
SQL: SELECT `value` FROM `sj_t_sys_config` WHERE ( `name` = 'Contact_phone' ) LIMIT 1   [ RunTime:0.000227s ]
NOTIC: [8192] preg_replace(): The /e modifier is deprecated, use preg_replace_callback instead F:\wwwroot\ThinkPHP\Lib\Core\Db.class.php 第 605 行.
SQL: SELECT `value` FROM `sj_t_sys_config` WHERE ( `name` = 'Contact_QQ' ) LIMIT 1   [ RunTime:0.000218s ]
NOTIC: [8192] preg_replace(): The /e modifier is deprecated, use preg_replace_callback instead F:\wwwroot\ThinkPHP\Lib\Core\Db.class.php 第 605 行.
SQL: SELECT `value` FROM `sj_t_sys_config` WHERE ( `name` = 'Contact_email' ) LIMIT 1   [ RunTime:0.000243s ]
NOTIC: [8192] preg_replace(): The /e modifier is deprecated, use preg_replace_callback instead F:\wwwroot\ThinkPHP\Lib\Core\Db.class.php 第 605 行.
SQL: SELECT `value` FROM `sj_t_sys_config` WHERE ( `name` = 'Work_address' ) LIMIT 1   [ RunTime:0.000232s ]
NOTIC: [8192] preg_replace(): The /e modifier is deprecated, use preg_replace_callback instead F:\wwwroot\ThinkPHP\Lib\Core\Db.class.php 第 605 行.
SQL: SELECT `value` FROM `sj_t_sys_config` WHERE ( `name` = 'Work_time' ) LIMIT 1   [ RunTime:0.000187s ]
NOTIC: [8192] preg_replace(): The /e modifier is deprecated, use preg_replace_callback instead F:\wwwroot\ThinkPHP\Lib\Core\Db.class.php 第 605 行.
SQL: SELECT `value` FROM `sj_t_sys_config` WHERE ( id=3 ) LIMIT 1   [ RunTime:0.000180s ]
NOTIC: [8192] preg_replace(): The /e modifier is deprecated, use preg_replace_callback instead F:\wwwroot\ThinkPHP\Lib\Core\Db.class.php 第 605 行.
SQL: SELECT `value` FROM `sj_t_sys_config` WHERE ( id=12 ) LIMIT 1   [ RunTime:0.000177s ]
NOTIC: [8192] preg_replace(): The /e modifier is deprecated, use preg_replace_callback instead F:\wwwroot\ThinkPHP\Lib\Core\Db.class.php 第 605 行.
SQL: SELECT `value` FROM `sj_t_sys_config` WHERE ( id=2 ) LIMIT 1   [ RunTime:0.000185s ]
NOTIC: [8192] preg_replace(): The /e modifier is deprecated, use preg_replace_callback instead F:\wwwroot\ThinkPHP\Lib\Core\Db.class.php 第 605 行.
SQL: SELECT `value` FROM `sj_t_sys_config` WHERE ( id=4 ) LIMIT 1   [ RunTime:0.000177s ]
NOTIC: [8192] preg_replace(): The /e modifier is deprecated, use preg_replace_callback instead F:\wwwroot\ThinkPHP\Lib\Core\Db.class.php 第 605 行.
SQL: SELECT `value` FROM `sj_t_sys_config` WHERE ( id=5 ) LIMIT 1   [ RunTime:0.000255s ]
NOTIC: [8192] preg_replace(): The /e modifier is deprecated, use preg_replace_callback instead F:\wwwroot\ThinkPHP\Lib\Core\Db.class.php 第 605 行.
SQL: SELECT `value` FROM `sj_t_sys_config` WHERE ( id=6 ) LIMIT 1   [ RunTime:0.000183s ]
NOTIC: [8192] preg_replace(): The /e modifier is deprecated, use preg_replace_callback instead F:\wwwroot\ThinkPHP\Lib\Core\Db.class.php 第 605 行.
SQL: SELECT `value` FROM `sj_t_sys_config` WHERE ( id=11 ) LIMIT 1   [ RunTime:0.000177s ]
NOTIC: [8192] preg_replace(): The /e modifier is deprecated, use preg_replace_callback instead F:\wwwroot\ThinkPHP\Lib\Core\Db.class.php 第 605 行.
SQL: SELECT `value` FROM `sj_t_sys_config` WHERE ( id=41 ) LIMIT 1   [ RunTime:0.000177s ]
NOTIC: [8192] preg_replace(): The /e modifier is deprecated, use preg_replace_callback instead F:\wwwroot\ThinkPHP\Lib\Core\Db.class.php 第 605 行.
SQL: SELECT `value` FROM `sj_t_sys_config` WHERE ( id=17 ) LIMIT 1   [ RunTime:0.000182s ]
NOTIC: [8192] preg_replace(): The /e modifier is deprecated, use preg_replace_callback instead F:\wwwroot\ThinkPHP\Lib\Core\Db.class.php 第 605 行.
SQL: SELECT `value` FROM `sj_t_sys_config` WHERE ( id=28 ) LIMIT 1   [ RunTime:0.000182s ]
NOTIC: [8192] preg_replace(): The /e modifier is deprecated, use preg_replace_callback instead F:\wwwroot\ThinkPHP\Lib\Core\Db.class.php 第 605 行.
SQL: SELECT `value` FROM `sj_t_sys_config` WHERE ( id=18 ) LIMIT 1   [ RunTime:0.000170s ]
SQL: SHOW COLUMNS FROM `sj_t_opus_favorite` [ RunTime:0.004839s ]
NOTIC: [8192] preg_replace(): The /e modifier is deprecated, use preg_replace_callback instead F:\wwwroot\ThinkPHP\Lib\Core\Db.class.php 第 605 行.
SQL: SELECT * FROM `sj_t_opus_favorite` WHERE ( `opus_id` = 16 ) AND ( `user_id` = 2 ) LIMIT 1   [ RunTime:0.000259s ]

